<?xml version="1.0" encoding="UTF-8"?>
<testsuite xmlns:xsi="http://www.w3.org/2001/XMLSchema-instance" xsi:noNamespaceSchemaLocation="https://maven.apache.org/surefire/maven-surefire-plugin/xsd/surefire-test-report-3.0.xsd" version="3.0" name="api.iteration2.MoneyTransferTest" time="78.229" tests="8" errors="0" skipped="0" failures="0">
  <properties>
[...]
</properties>
  <testcase name="userCanTransferMoneyDifferentUserTest" classname="api.iteration2.MoneyTransferTest" time="69.886">
    <system-out><![CDATA[Request method:	POST
Request URI:	http://host.docker.internal:4115/api/v1/admin/users
Proxy:			<none>
Request params:	<none>
Query params:	<none>
Form params:	<none>
Path params:	<none>
Headers:		Accept=application/json, application/javascript, text/javascript, text/json
				Authorization=Basic YWRtaW46YWRtaW4=
				Content-Type=application/json
Cookies:		<none>
Multiparts:		<none>
Body:
{
    "username": "mi0VfLRpzW3rBxj",
    "password": "lcsyBSW925$%",
    "role": "USER"
}
HTTP/1.1 201 
Vary: Origin
Vary: Access-Control-Request-Method
Vary: Access-Control-Request-Headers
Authorization: Basic bWkwVmZMUnB6VzNyQnhqOmxjc3lCU1c5MjUkJQ==
X-Content-Type-Options: nosniff
X-XSS-Protection: 0
Cache-Control: no-cache, no-store, max-age=0, must-revalidate
Pragma: no-cache
Expires: 0
X-Frame-Options: DENY
Content-Type: application/json
Transfer-Encoding: chunked
Date: Thu, 21 May 2026 13:40:36 GMT
Keep-Alive: timeout=60
Connection: keep-alive

{
    "id": 315,
    "username": "mi0VfLRpzW3rBxj",
    "password": "$2a$10$gKl3he6VcU1/hf3RMNgKO.pliQOoeOa5SVlQnsfpBhKhTwKE2mRqy",
    "name": null,
    "role": "USER",
    "accounts": [
        
    ]
}
Request method:	POST
Request URI:	http://host.docker.internal:4115/api/v1/admin/users
Proxy:			<none>
Request params:	<none>
Query params:	<none>
Form params:	<none>
Path params:	<none>
Headers:		Accept=application/json, application/javascript, text/javascript, text/json
				Authorization=Basic YWRtaW46YWRtaW4=
				Content-Type=application/json
Cookies:		<none>
Multiparts:		<none>
Body:
{
    "username": "SdWAcVe6UaWG",
    "password": "iedpFRV535&&",
    "role": "USER"
}
HTTP/1.1 201 
Vary: Origin
Vary: Access-Control-Request-Method
Vary: Access-Control-Request-Headers
Authorization: Basic U2RXQWNWZTZVYVdHOmllZHBGUlY1MzUmJg==
X-Content-Type-Options: nosniff
X-XSS-Protection: 0
Cache-Control: no-cache, no-store, max-age=0, must-revalidate
Pragma: no-cache
Expires: 0
X-Frame-Options: DENY
Content-Type: application/json
Transfer-Encoding: chunked
Date: Thu, 21 May 2026 13:40:37 GMT
Keep-Alive: timeout=60
Connection: keep-alive

{
    "id": 316,
    "username": "SdWAcVe6UaWG",
    "password": "$2a$10$D7UdT7kNkZPsrPgpltJ5e.pcMXcKhERpvVFUaYBMMf6mUcKVdep.m",
    "name": null,
    "role": "USER",
    "accounts": [
        
    ]
}
Request method:	POST
Request URI:	http://host.docker.internal:4115/api/v1/auth/login
Proxy:			<none>
Request params:	<none>
Query params:	<none>
Form params:	<none>
Path params:	<none>
Headers:		Accept=application/json, application/javascript, text/javascript, text/json
				Content-Type=application/json
Cookies:		<none>
Multiparts:		<none>
Body:
{
    "username": "mi0VfLRpzW3rBxj",
    "password": "lcsyBSW925$%",
    "role": null
}
HTTP/1.1 200 
Vary: Origin
Vary: Access-Control-Request-Method
Vary: Access-Control-Request-Headers
Authorization: Basic bWkwVmZMUnB6VzNyQnhqOmxjc3lCU1c5MjUkJQ==
X-Content-Type-Options: nosniff
X-XSS-Protection: 0
Cache-Control: no-cache, no-store, max-age=0, must-revalidate
Pragma: no-cache
Expires: 0
X-Frame-Options: DENY
Content-Type: application/json
Transfer-Encoding: chunked
Date: Thu, 21 May 2026 13:40:37 GMT
Keep-Alive: timeout=60
Connection: keep-alive

{
    "role": "USER",
    "username": "mi0VfLRpzW3rBxj"
}
Request method:	POST
Request URI:	http://host.docker.internal:4115/api/v1/auth/login
Proxy:			<none>
Request params:	<none>
Query params:	<none>
Form params:	<none>
Path params:	<none>
Headers:		Accept=application/json, application/javascript, text/javascript, text/json
				Content-Type=application/json
Cookies:		<none>
Multiparts:		<none>
Body:
{
    "username": "SdWAcVe6UaWG",
    "password": "iedpFRV535&&",
    "role": null
}
HTTP/1.1 200 
Vary: Origin
Vary: Access-Control-Request-Method
Vary: Access-Control-Request-Headers
Authorization: Basic U2RXQWNWZTZVYVdHOmllZHBGUlY1MzUmJg==
X-Content-Type-Options: nosniff
X-XSS-Protection: 0
Cache-Control: no-cache, no-store, max-age=0, must-revalidate
Pragma: no-cache
Expires: 0
X-Frame-Options: DENY
Content-Type: application/json
Transfer-Encoding: chunked
Date: Thu, 21 May 2026 13:40:37 GMT
Keep-Alive: timeout=60
Connection: keep-alive

{
    "role": "USER",
    "username": "SdWAcVe6UaWG"
}
Request method:	POST
Request URI:	http://host.docker.internal:4115/api/v1/accounts
Proxy:			<none>
Request params:	<none>
Query params:	<none>
Form params:	<none>
Path params:	<none>
Headers:		Accept=application/json, application/javascript, text/javascript, text/json
				Authorization=Basic bWkwVmZMUnB6VzNyQnhqOmxjc3lCU1c5MjUkJQ==
				Content-Type=application/json
Cookies:		<none>
Multiparts:		<none>
Body:
HTTP/1.1 201 
Vary: Origin
Vary: Access-Control-Request-Method
Vary: Access-Control-Request-Headers
X-Content-Type-Options: nosniff
X-XSS-Protection: 0
Cache-Control: no-cache, no-store, max-age=0, must-revalidate
Pragma: no-cache
Expires: 0
X-Frame-Options: DENY
Content-Type: application/json
Transfer-Encoding: chunked
Date: Thu, 21 May 2026 13:40:37 GMT
Keep-Alive: timeout=60
Connection: keep-alive

{
    "id": 269,
    "accountNumber": "ACC269",
    "balance": 0.0,
    "transactions": [
        
    ]
}
Request method:	POST
Request URI:	http://host.docker.internal:4115/api/v1/accounts
Proxy:			<none>
Request params:	<none>
Query params:	<none>
Form params:	<none>
Path params:	<none>
Headers:		Accept=application/json, application/javascript, text/javascript, text/json
				Authorization=Basic U2RXQWNWZTZVYVdHOmllZHBGUlY1MzUmJg==
				Content-Type=application/json
Cookies:		<none>
Multiparts:		<none>
Body:
HTTP/1.1 201 
Vary: Origin
Vary: Access-Control-Request-Method
Vary: Access-Control-Request-Headers
X-Content-Type-Options: nosniff
X-XSS-Protection: 0
Cache-Control: no-cache, no-store, max-age=0, must-revalidate
Pragma: no-cache
Expires: 0
X-Frame-Options: DENY
Content-Type: application/json
Transfer-Encoding: chunked
Date: Thu, 21 May 2026 13:40:37 GMT
Keep-Alive: timeout=60
Connection: keep-alive

{
    "id": 270,
    "accountNumber": "ACC270",
    "balance": 0.0,
    "transactions": [
        
    ]
}
Request method:	POST
Request URI:	http://host.docker.internal:4115/api/v1/accounts/deposit
Proxy:			<none>
Request params:	<none>
Query params:	<none>
Form params:	<none>
Path params:	<none>
Headers:		Accept=application/json, application/javascript, text/javascript, text/json
				Authorization=Basic bWkwVmZMUnB6VzNyQnhqOmxjc3lCU1c5MjUkJQ==
				Content-Type=application/json
Cookies:		<none>
Multiparts:		<none>
Body:
{
    "id": 269,
    "balance": 1327.25
}
HTTP/1.1 200 
Vary: Origin
Vary: Access-Control-Request-Method
Vary: Access-Control-Request-Headers
X-Content-Type-Options: nosniff
X-XSS-Protection: 0
Cache-Control: no-cache, no-store, max-age=0, must-revalidate
Pragma: no-cache
Expires: 0
X-Frame-Options: DENY
Content-Type: application/json
Transfer-Encoding: chunked
Date: Thu, 21 May 2026 13:40:37 GMT
Keep-Alive: timeout=60
Connection: keep-alive

{
    "id": 269,
    "accountNumber": "ACC269",
    "balance": 1327.25,
    "transactions": [
        {
            "id": 180,
            "amount": 1327.25,
            "type": "DEPOSIT",
            "timestamp": "Thu May 21 13:40:38 UTC 2026",
            "relatedAccountId": 269
        }
    ]
}
Request method:	POST
Request URI:	http://host.docker.internal:4115/api/v1/accounts/transfer
Proxy:			<none>
Request params:	<none>
Query params:	<none>
Form params:	<none>
Path params:	<none>
Headers:		Accept=application/json, application/javascript, text/javascript, text/json
				Authorization=Basic bWkwVmZMUnB6VzNyQnhqOmxjc3lCU1c5MjUkJQ==
				Content-Type=application/json
Cookies:		<none>
Multiparts:		<none>
Body:
{
    "senderAccountId": 269,
    "receiverAccountId": 270,
    "amount": 1327.25
}
HTTP/1.1 200 
Vary: Origin
Vary: Access-Control-Request-Method
Vary: Access-Control-Request-Headers
X-Content-Type-Options: nosniff
X-XSS-Protection: 0
Cache-Control: no-cache, no-store, max-age=0, must-revalidate
Pragma: no-cache
Expires: 0
X-Frame-Options: DENY
Content-Type: application/json
Transfer-Encoding: chunked
Date: Thu, 21 May 2026 13:40:37 GMT
Keep-Alive: timeout=60
Connection: keep-alive

{
    "amount": 1327.25,
    "receiverAccountId": 270,
    "senderAccountId": 269,
    "message": "Transfer successful"
}
Request method:	GET
Request URI:	http://host.docker.internal:4115/api/v1/customer/accounts
Proxy:			<none>
Request params:	<none>
Query params:	<none>
Form params:	<none>
Path params:	<none>
Headers:		Accept=application/json, application/javascript, text/javascript, text/json
				Authorization=Basic bWkwVmZMUnB6VzNyQnhqOmxjc3lCU1c5MjUkJQ==
				Content-Type=application/json
Cookies:		<none>
Multiparts:		<none>
Body:			<none>
HTTP/1.1 200 
Vary: Origin
Vary: Access-Control-Request-Method
Vary: Access-Control-Request-Headers
X-Content-Type-Options: nosniff
X-XSS-Protection: 0
Cache-Control: no-cache, no-store, max-age=0, must-revalidate
Pragma: no-cache
Expires: 0
X-Frame-Options: DENY
Content-Type: application/json
Transfer-Encoding: chunked
Date: Thu, 21 May 2026 13:40:37 GMT
Keep-Alive: timeout=60
Connection: keep-alive

[
    {
        "id": 269,
        "accountNumber": "ACC269",
        "balance": 0.0,
        "transactions": [
            {
                "id": 181,
                "amount": 1327.25,
                "type": "TRANSFER_OUT",
                "timestamp": "Thu May 21 13:40:38 UTC 2026",
                "relatedAccountId": 270
            },
            {
                "id": 180,
                "amount": 1327.25,
                "type": "DEPOSIT",
                "timestamp": "Thu May 21 13:40:38 UTC 2026",
                "relatedAccountId": 269
            }
        ]
    }
]
Request method:	GET
Request URI:	http://host.docker.internal:4115/api/v1/customer/accounts
Proxy:			<none>
Request params:	<none>
Query params:	<none>
Form params:	<none>
Path params:	<none>
Headers:		Accept=application/json, application/javascript, text/javascript, text/json
				Authorization=Basic U2RXQWNWZTZVYVdHOmllZHBGUlY1MzUmJg==
				Content-Type=application/json
Cookies:		<none>
Multiparts:		<none>
Body:			<none>
HTTP/1.1 200 
Vary: Origin
Vary: Access-Control-Request-Method
Vary: Access-Control-Request-Headers
X-Content-Type-Options: nosniff
X-XSS-Protection: 0
Cache-Control: no-cache, no-store, max-age=0, must-revalidate
Pragma: no-cache
Expires: 0
X-Frame-Options: DENY
Content-Type: application/json
Transfer-Encoding: chunked
Date: Thu, 21 May 2026 13:40:37 GMT
Keep-Alive: timeout=60
Connection: keep-alive

[
    {
        "id": 270,
        "accountNumber": "ACC270",
        "balance": 1327.25,
        "transactions": [
            {
                "id": 182,
                "amount": 1327.25,
                "type": "TRANSFER_IN",
                "timestamp": "Thu May 21 13:40:38 UTC 2026",
                "relatedAccountId": 269
            }
        ]
    }
]
Request method:	GET
Request URI:	http://host.docker.internal:4115/api/v1/accounts/269/transactions
Proxy:			<none>
Request params:	<none>
Query params:	<none>
Form params:	<none>
Path params:	accountId=269
Headers:		Accept=application/json, application/javascript, text/javascript, text/json
				Authorization=Basic bWkwVmZMUnB6VzNyQnhqOmxjc3lCU1c5MjUkJQ==
				Content-Type=application/json
Cookies:		<none>
Multiparts:		<none>
Body:			<none>
HTTP/1.1 200 
Vary: Origin
Vary: Access-Control-Request-Method
Vary: Access-Control-Request-Headers
X-Content-Type-Options: nosniff
X-XSS-Protection: 0
Cache-Control: no-cache, no-store, max-age=0, must-revalidate
Pragma: no-cache
Expires: 0
X-Frame-Options: DENY
Content-Type: application/json
Transfer-Encoding: chunked
Date: Thu, 21 May 2026 13:40:37 GMT
Keep-Alive: timeout=60
Connection: keep-alive

[
    {
        "id": 181,
        "amount": 1327.25,
        "type": "TRANSFER_OUT",
        "timestamp": "Thu May 21 13:40:38 UTC 2026",
        "relatedAccountId": 270
    },
    {
        "id": 180,
        "amount": 1327.25,
        "type": "DEPOSIT",
        "timestamp": "Thu May 21 13:40:38 UTC 2026",
        "relatedAccountId": 269
    }
]
Request method:	GET
Request URI:	http://host.docker.internal:4115/api/v1/accounts/270/transactions
Proxy:			<none>
Request params:	<none>
Query params:	<none>
Form params:	<none>
Path params:	accountId=270
Headers:		Accept=application/json, application/javascript, text/javascript, text/json
				Authorization=Basic U2RXQWNWZTZVYVdHOmllZHBGUlY1MzUmJg==
				Content-Type=application/json
Cookies:		<none>
Multiparts:		<none>
Body:			<none>
HTTP/1.1 200 
Vary: Origin
Vary: Access-Control-Request-Method
Vary: Access-Control-Request-Headers
X-Content-Type-Options: nosniff
X-XSS-Protection: 0
Cache-Control: no-cache, no-store, max-age=0, must-revalidate
Pragma: no-cache
Expires: 0
X-Frame-Options: DENY
Content-Type: application/json
Transfer-Encoding: chunked
Date: Thu, 21 May 2026 13:41:46 GMT
Keep-Alive: timeout=60
Connection: keep-alive

[
    {
        "id": 182,
        "amount": 1327.25,
        "type": "TRANSFER_IN",
        "timestamp": "Thu May 21 13:40:38 UTC 2026",
        "relatedAccountId": 269
    }
]
]]></system-out>
  </testcase>
  <testcase name="userCanTransferMoneyYourselfTest" classname="api.iteration2.MoneyTransferTest" time="1.128">
    <system-out><![CDATA[Request method:	POST
Request URI:	http://host.docker.internal:4115/api/v1/admin/users
Proxy:			<none>
Request params:	<none>
Query params:	<none>
Form params:	<none>
Path params:	<none>
Headers:		Accept=application/json, application/javascript, text/javascript, text/json
				Authorization=Basic YWRtaW46YWRtaW4=
				Content-Type=application/json
Cookies:		<none>
Multiparts:		<none>
Body:
{
    "username": "gFt",
    "password": "yhbgQJJ007$$",
    "role": "USER"
}
HTTP/1.1 201 
Vary: Origin
Vary: Access-Control-Request-Method
Vary: Access-Control-Request-Headers
Authorization: Basic Z0Z0OnloYmdRSkowMDckJA==
X-Content-Type-Options: nosniff
X-XSS-Protection: 0
Cache-Control: no-cache, no-store, max-age=0, must-revalidate
Pragma: no-cache
Expires: 0
X-Frame-Options: DENY
Content-Type: application/json
Transfer-Encoding: chunked
Date: Thu, 21 May 2026 13:41:46 GMT
Keep-Alive: timeout=60
Connection: keep-alive

{
    "id": 317,
    "username": "gFt",
    "password": "$2a$10$4KzPUXcm3yNQvjaBAh0dvuEqrlmZn4hYxAl3yh76.JZLYOzZlhz/2",
    "name": null,
    "role": "USER",
    "accounts": [
        
    ]
}
Request method:	POST
Request URI:	http://host.docker.internal:4115/api/v1/auth/login
Proxy:			<none>
Request params:	<none>
Query params:	<none>
Form params:	<none>
Path params:	<none>
Headers:		Accept=application/json, application/javascript, text/javascript, text/json
				Content-Type=application/json
Cookies:		<none>
Multiparts:		<none>
Body:
{
    "username": "gFt",
    "password": "yhbgQJJ007$$",
    "role": null
}
HTTP/1.1 200 
Vary: Origin
Vary: Access-Control-Request-Method
Vary: Access-Control-Request-Headers
Authorization: Basic Z0Z0OnloYmdRSkowMDckJA==
X-Content-Type-Options: nosniff
X-XSS-Protection: 0
Cache-Control: no-cache, no-store, max-age=0, must-revalidate
Pragma: no-cache
Expires: 0
X-Frame-Options: DENY
Content-Type: application/json
Transfer-Encoding: chunked
Date: Thu, 21 May 2026 13:41:46 GMT
Keep-Alive: timeout=60
Connection: keep-alive

{
    "role": "USER",
    "username": "gFt"
}
Request method:	POST
Request URI:	http://host.docker.internal:4115/api/v1/accounts
Proxy:			<none>
Request params:	<none>
Query params:	<none>
Form params:	<none>
Path params:	<none>
Headers:		Accept=application/json, application/javascript, text/javascript, text/json
				Authorization=Basic Z0Z0OnloYmdRSkowMDckJA==
				Content-Type=application/json
Cookies:		<none>
Multiparts:		<none>
Body:
HTTP/1.1 201 
Vary: Origin
Vary: Access-Control-Request-Method
Vary: Access-Control-Request-Headers
X-Content-Type-Options: nosniff
X-XSS-Protection: 0
Cache-Control: no-cache, no-store, max-age=0, must-revalidate
Pragma: no-cache
Expires: 0
X-Frame-Options: DENY
Content-Type: application/json
Transfer-Encoding: chunked
Date: Thu, 21 May 2026 13:41:46 GMT
Keep-Alive: timeout=60
Connection: keep-alive

{
    "id": 271,
    "accountNumber": "ACC271",
    "balance": 0.0,
    "transactions": [
        
    ]
}
Request method:	POST
Request URI:	http://host.docker.internal:4115/api/v1/accounts
Proxy:			<none>
Request params:	<none>
Query params:	<none>
Form params:	<none>
Path params:	<none>
Headers:		Accept=application/json, application/javascript, text/javascript, text/json
				Authorization=Basic Z0Z0OnloYmdRSkowMDckJA==
				Content-Type=application/json
Cookies:		<none>
Multiparts:		<none>
Body:
HTTP/1.1 201 
Vary: Origin
Vary: Access-Control-Request-Method
Vary: Access-Control-Request-Headers
X-Content-Type-Options: nosniff
X-XSS-Protection: 0
Cache-Control: no-cache, no-store, max-age=0, must-revalidate
Pragma: no-cache
Expires: 0
X-Frame-Options: DENY
Content-Type: application/json
Transfer-Encoding: chunked
Date: Thu, 21 May 2026 13:41:46 GMT
Keep-Alive: timeout=60
Connection: keep-alive

{
    "id": 272,
    "accountNumber": "ACC272",
    "balance": 0.0,
    "transactions": [
        
    ]
}
Request method:	POST
Request URI:	http://host.docker.internal:4115/api/v1/accounts/deposit
Proxy:			<none>
Request params:	<none>
Query params:	<none>
Form params:	<none>
Path params:	<none>
Headers:		Accept=application/json, application/javascript, text/javascript, text/json
				Authorization=Basic Z0Z0OnloYmdRSkowMDckJA==
				Content-Type=application/json
Cookies:		<none>
Multiparts:		<none>
Body:
{
    "id": 271,
    "balance": 3430.63
}
HTTP/1.1 200 
Vary: Origin
Vary: Access-Control-Request-Method
Vary: Access-Control-Request-Headers
X-Content-Type-Options: nosniff
X-XSS-Protection: 0
Cache-Control: no-cache, no-store, max-age=0, must-revalidate
Pragma: no-cache
Expires: 0
X-Frame-Options: DENY
Content-Type: application/json
Transfer-Encoding: chunked
Date: Thu, 21 May 2026 13:41:47 GMT
Keep-Alive: timeout=60
Connection: keep-alive

{
    "id": 271,
    "accountNumber": "ACC271",
    "balance": 3430.63,
    "transactions": [
        {
            "id": 183,
            "amount": 3430.63,
            "type": "DEPOSIT",
            "timestamp": "Thu May 21 13:41:47 UTC 2026",
            "relatedAccountId": 271
        }
    ]
}
Request method:	POST
Request URI:	http://host.docker.internal:4115/api/v1/accounts/transfer
Proxy:			<none>
Request params:	<none>
Query params:	<none>
Form params:	<none>
Path params:	<none>
Headers:		Accept=application/json, application/javascript, text/javascript, text/json
				Authorization=Basic Z0Z0OnloYmdRSkowMDckJA==
				Content-Type=application/json
Cookies:		<none>
Multiparts:		<none>
Body:
{
    "senderAccountId": 271,
    "receiverAccountId": 272,
    "amount": 3430.63
}
HTTP/1.1 200 
Vary: Origin
Vary: Access-Control-Request-Method
Vary: Access-Control-Request-Headers
X-Content-Type-Options: nosniff
X-XSS-Protection: 0
Cache-Control: no-cache, no-store, max-age=0, must-revalidate
Pragma: no-cache
Expires: 0
X-Frame-Options: DENY
Content-Type: application/json
Transfer-Encoding: chunked
Date: Thu, 21 May 2026 13:41:47 GMT
Keep-Alive: timeout=60
Connection: keep-alive

{
    "amount": 3430.63,
    "receiverAccountId": 272,
    "senderAccountId": 271,
    "message": "Transfer successful"
}
Request method:	GET
Request URI:	http://host.docker.internal:4115/api/v1/customer/accounts
Proxy:			<none>
Request params:	<none>
Query params:	<none>
Form params:	<none>
Path params:	<none>
Headers:		Accept=application/json, application/javascript, text/javascript, text/json
				Authorization=Basic Z0Z0OnloYmdRSkowMDckJA==
				Content-Type=application/json
Cookies:		<none>
Multiparts:		<none>
Body:			<none>
HTTP/1.1 200 
Vary: Origin
Vary: Access-Control-Request-Method
Vary: Access-Control-Request-Headers
X-Content-Type-Options: nosniff
X-XSS-Protection: 0
Cache-Control: no-cache, no-store, max-age=0, must-revalidate
Pragma: no-cache
Expires: 0
X-Frame-Options: DENY
Content-Type: application/json
Transfer-Encoding: chunked
Date: Thu, 21 May 2026 13:41:47 GMT
Keep-Alive: timeout=60
Connection: keep-alive

[
    {
        "id": 271,
        "accountNumber": "ACC271",
        "balance": 0.0,
        "transactions": [
            {
                "id": 184,
                "amount": 3430.63,
                "type": "TRANSFER_OUT",
                "timestamp": "Thu May 21 13:41:47 UTC 2026",
                "relatedAccountId": 272
            },
            {
                "id": 183,
                "amount": 3430.63,
                "type": "DEPOSIT",
                "timestamp": "Thu May 21 13:41:47 UTC 2026",
                "relatedAccountId": 271
            }
        ]
    },
    {
        "id": 272,
        "accountNumber": "ACC272",
        "balance": 3430.63,
        "transactions": [
            {
                "id": 185,
                "amount": 3430.63,
                "type": "TRANSFER_IN",
                "timestamp": "Thu May 21 13:41:47 UTC 2026",
                "relatedAccountId": 271
            }
        ]
    }
]
Request method:	GET
Request URI:	http://host.docker.internal:4115/api/v1/customer/accounts
Proxy:			<none>
Request params:	<none>
Query params:	<none>
Form params:	<none>
Path params:	<none>
Headers:		Accept=application/json, application/javascript, text/javascript, text/json
				Authorization=Basic Z0Z0OnloYmdRSkowMDckJA==
				Content-Type=application/json
Cookies:		<none>
Multiparts:		<none>
Body:			<none>
HTTP/1.1 200 
Vary: Origin
Vary: Access-Control-Request-Method
Vary: Access-Control-Request-Headers
X-Content-Type-Options: nosniff
X-XSS-Protection: 0
Cache-Control: no-cache, no-store, max-age=0, must-revalidate
Pragma: no-cache
Expires: 0
X-Frame-Options: DENY
Content-Type: application/json
Transfer-Encoding: chunked
Date: Thu, 21 May 2026 13:41:47 GMT
Keep-Alive: timeout=60
Connection: keep-alive

[
    {
        "id": 271,
        "accountNumber": "ACC271",
        "balance": 0.0,
        "transactions": [
            {
                "id": 184,
                "amount": 3430.63,
                "type": "TRANSFER_OUT",
                "timestamp": "Thu May 21 13:41:47 UTC 2026",
                "relatedAccountId": 272
            },
            {
                "id": 183,
                "amount": 3430.63,
                "type": "DEPOSIT",
                "timestamp": "Thu May 21 13:41:47 UTC 2026",
                "relatedAccountId": 271
            }
        ]
    },
    {
        "id": 272,
        "accountNumber": "ACC272",
        "balance": 3430.63,
        "transactions": [
            {
                "id": 185,
                "amount": 3430.63,
                "type": "TRANSFER_IN",
                "timestamp": "Thu May 21 13:41:47 UTC 2026",
                "relatedAccountId": 271
            }
        ]
    }
]
Request method:	GET
Request URI:	http://host.docker.internal:4115/api/v1/accounts/271/transactions
Proxy:			<none>
Request params:	<none>
Query params:	<none>
Form params:	<none>
Path params:	accountId=271
Headers:		Accept=application/json, application/javascript, text/javascript, text/json
				Authorization=Basic Z0Z0OnloYmdRSkowMDckJA==
				Content-Type=application/json
Cookies:		<none>
Multiparts:		<none>
Body:			<none>
HTTP/1.1 200 
Vary: Origin
Vary: Access-Control-Request-Method
Vary: Access-Control-Request-Headers
X-Content-Type-Options: nosniff
X-XSS-Protection: 0
Cache-Control: no-cache, no-store, max-age=0, must-revalidate
Pragma: no-cache
Expires: 0
X-Frame-Options: DENY
Content-Type: application/json
Transfer-Encoding: chunked
Date: Thu, 21 May 2026 13:41:47 GMT
Keep-Alive: timeout=60
Connection: keep-alive

[
    {
        "id": 184,
        "amount": 3430.63,
        "type": "TRANSFER_OUT",
        "timestamp": "Thu May 21 13:41:47 UTC 2026",
        "relatedAccountId": 272
    },
    {
        "id": 183,
        "amount": 3430.63,
        "type": "DEPOSIT",
        "timestamp": "Thu May 21 13:41:47 UTC 2026",
        "relatedAccountId": 271
    }
]
Request method:	GET
Request URI:	http://host.docker.internal:4115/api/v1/accounts/272/transactions
Proxy:			<none>
Request params:	<none>
Query params:	<none>
Form params:	<none>
Path params:	accountId=272
Headers:		Accept=application/json, application/javascript, text/javascript, text/json
				Authorization=Basic Z0Z0OnloYmdRSkowMDckJA==
				Content-Type=application/json
Cookies:		<none>
Multiparts:		<none>
Body:			<none>
HTTP/1.1 200 
Vary: Origin
Vary: Access-Control-Request-Method
Vary: Access-Control-Request-Headers
X-Content-Type-Options: nosniff
X-XSS-Protection: 0
Cache-Control: no-cache, no-store, max-age=0, must-revalidate
Pragma: no-cache
Expires: 0
X-Frame-Options: DENY
Content-Type: application/json
Transfer-Encoding: chunked
Date: Thu, 21 May 2026 13:41:47 GMT
Keep-Alive: timeout=60
Connection: keep-alive

[
    {
        "id": 185,
        "amount": 3430.63,
        "type": "TRANSFER_IN",
        "timestamp": "Thu May 21 13:41:47 UTC 2026",
        "relatedAccountId": 271
    }
]
]]></system-out>
  </testcase>
  <testcase name="userCanTransferMaxSumTest" classname="api.iteration2.MoneyTransferTest" time="1.223">
    <system-out><![CDATA[Request method:	POST
Request URI:	http://host.docker.internal:4115/api/v1/admin/users
Proxy:			<none>
Request params:	<none>
Query params:	<none>
Form params:	<none>
Path params:	<none>
Headers:		Accept=application/json, application/javascript, text/javascript, text/json
				Authorization=Basic YWRtaW46YWRtaW4=
				Content-Type=application/json
Cookies:		<none>
Multiparts:		<none>
Body:
{
    "username": "uusC",
    "password": "ppdkZMX310%%",
    "role": "USER"
}
HTTP/1.1 201 
Vary: Origin
Vary: Access-Control-Request-Method
Vary: Access-Control-Request-Headers
Authorization: Basic dXVzQzpwcGRrWk1YMzEwJSU=
X-Content-Type-Options: nosniff
X-XSS-Protection: 0
Cache-Control: no-cache, no-store, max-age=0, must-revalidate
Pragma: no-cache
Expires: 0
X-Frame-Options: DENY
Content-Type: application/json
Transfer-Encoding: chunked
Date: Thu, 21 May 2026 13:41:47 GMT
Keep-Alive: timeout=60
Connection: keep-alive

{
    "id": 318,
    "username": "uusC",
    "password": "$2a$10$eYamqugZ04rI3z4UFKI29eGGusYVl0/h/ynGAWx4CZwExR93hNL2m",
    "name": null,
    "role": "USER",
    "accounts": [
        
    ]
}
Request method:	POST
Request URI:	http://host.docker.internal:4115/api/v1/auth/login
Proxy:			<none>
Request params:	<none>
Query params:	<none>
Form params:	<none>
Path params:	<none>
Headers:		Accept=application/json, application/javascript, text/javascript, text/json
				Content-Type=application/json
Cookies:		<none>
Multiparts:		<none>
Body:
{
    "username": "uusC",
    "password": "ppdkZMX310%%",
    "role": null
}
HTTP/1.1 200 
Vary: Origin
Vary: Access-Control-Request-Method
Vary: Access-Control-Request-Headers
Authorization: Basic dXVzQzpwcGRrWk1YMzEwJSU=
X-Content-Type-Options: nosniff
X-XSS-Protection: 0
Cache-Control: no-cache, no-store, max-age=0, must-revalidate
Pragma: no-cache
Expires: 0
X-Frame-Options: DENY
Content-Type: application/json
Transfer-Encoding: chunked
Date: Thu, 21 May 2026 13:41:47 GMT
Keep-Alive: timeout=60
Connection: keep-alive

{
    "role": "USER",
    "username": "uusC"
}
Request method:	POST
Request URI:	http://host.docker.internal:4115/api/v1/accounts
Proxy:			<none>
Request params:	<none>
Query params:	<none>
Form params:	<none>
Path params:	<none>
Headers:		Accept=application/json, application/javascript, text/javascript, text/json
				Authorization=Basic dXVzQzpwcGRrWk1YMzEwJSU=
				Content-Type=application/json
Cookies:		<none>
Multiparts:		<none>
Body:
HTTP/1.1 201 
Vary: Origin
Vary: Access-Control-Request-Method
Vary: Access-Control-Request-Headers
X-Content-Type-Options: nosniff
X-XSS-Protection: 0
Cache-Control: no-cache, no-store, max-age=0, must-revalidate
Pragma: no-cache
Expires: 0
X-Frame-Options: DENY
Content-Type: application/json
Transfer-Encoding: chunked
Date: Thu, 21 May 2026 13:41:47 GMT
Keep-Alive: timeout=60
Connection: keep-alive

{
    "id": 273,
    "accountNumber": "ACC273",
    "balance": 0.0,
    "transactions": [
        
    ]
}
Request method:	POST
Request URI:	http://host.docker.internal:4115/api/v1/accounts
Proxy:			<none>
Request params:	<none>
Query params:	<none>
Form params:	<none>
Path params:	<none>
Headers:		Accept=application/json, application/javascript, text/javascript, text/json
				Authorization=Basic dXVzQzpwcGRrWk1YMzEwJSU=
				Content-Type=application/json
Cookies:		<none>
Multiparts:		<none>
Body:
HTTP/1.1 201 
Vary: Origin
Vary: Access-Control-Request-Method
Vary: Access-Control-Request-Headers
X-Content-Type-Options: nosniff
X-XSS-Protection: 0
Cache-Control: no-cache, no-store, max-age=0, must-revalidate
Pragma: no-cache
Expires: 0
X-Frame-Options: DENY
Content-Type: application/json
Transfer-Encoding: chunked
Date: Thu, 21 May 2026 13:41:48 GMT
Keep-Alive: timeout=60
Connection: keep-alive

{
    "id": 274,
    "accountNumber": "ACC274",
    "balance": 0.0,
    "transactions": [
        
    ]
}
Request method:	POST
Request URI:	http://host.docker.internal:4115/api/v1/accounts/deposit
Proxy:			<none>
Request params:	<none>
Query params:	<none>
Form params:	<none>
Path params:	<none>
Headers:		Accept=application/json, application/javascript, text/javascript, text/json
				Authorization=Basic dXVzQzpwcGRrWk1YMzEwJSU=
				Content-Type=application/json
Cookies:		<none>
Multiparts:		<none>
Body:
{
    "id": 273,
    "balance": 5000.0
}
HTTP/1.1 200 
Vary: Origin
Vary: Access-Control-Request-Method
Vary: Access-Control-Request-Headers
X-Content-Type-Options: nosniff
X-XSS-Protection: 0
Cache-Control: no-cache, no-store, max-age=0, must-revalidate
Pragma: no-cache
Expires: 0
X-Frame-Options: DENY
Content-Type: application/json
Transfer-Encoding: chunked
Date: Thu, 21 May 2026 13:41:48 GMT
Keep-Alive: timeout=60
Connection: keep-alive

{
    "id": 273,
    "accountNumber": "ACC273",
    "balance": 5000.0,
    "transactions": [
        {
            "id": 186,
            "amount": 5000.0,
            "type": "DEPOSIT",
            "timestamp": "Thu May 21 13:41:49 UTC 2026",
            "relatedAccountId": 273
        }
    ]
}
Request method:	POST
Request URI:	http://host.docker.internal:4115/api/v1/accounts/deposit
Proxy:			<none>
Request params:	<none>
Query params:	<none>
Form params:	<none>
Path params:	<none>
Headers:		Accept=application/json, application/javascript, text/javascript, text/json
				Authorization=Basic dXVzQzpwcGRrWk1YMzEwJSU=
				Content-Type=application/json
Cookies:		<none>
Multiparts:		<none>
Body:
{
    "id": 273,
    "balance": 5000.0
}
HTTP/1.1 200 
Vary: Origin
Vary: Access-Control-Request-Method
Vary: Access-Control-Request-Headers
X-Content-Type-Options: nosniff
X-XSS-Protection: 0
Cache-Control: no-cache, no-store, max-age=0, must-revalidate
Pragma: no-cache
Expires: 0
X-Frame-Options: DENY
Content-Type: application/json
Transfer-Encoding: chunked
Date: Thu, 21 May 2026 13:41:48 GMT
Keep-Alive: timeout=60
Connection: keep-alive

{
    "id": 273,
    "accountNumber": "ACC273",
    "balance": 10000.0,
    "transactions": [
        {
            "id": 187,
            "amount": 5000.0,
            "type": "DEPOSIT",
            "timestamp": "Thu May 21 13:41:49 UTC 2026",
            "relatedAccountId": 273
        },
        {
            "id": 186,
            "amount": 5000.0,
            "type": "DEPOSIT",
            "timestamp": "Thu May 21 13:41:49 UTC 2026",
            "relatedAccountId": 273
        }
    ]
}
Request method:	POST
Request URI:	http://host.docker.internal:4115/api/v1/accounts/transfer
Proxy:			<none>
Request params:	<none>
Query params:	<none>
Form params:	<none>
Path params:	<none>
Headers:		Accept=application/json, application/javascript, text/javascript, text/json
				Authorization=Basic dXVzQzpwcGRrWk1YMzEwJSU=
				Content-Type=application/json
Cookies:		<none>
Multiparts:		<none>
Body:
{
    "senderAccountId": 273,
    "receiverAccountId": 274,
    "amount": 10000.0
}
HTTP/1.1 200 
Vary: Origin
Vary: Access-Control-Request-Method
Vary: Access-Control-Request-Headers
X-Content-Type-Options: nosniff
X-XSS-Protection: 0
Cache-Control: no-cache, no-store, max-age=0, must-revalidate
Pragma: no-cache
Expires: 0
X-Frame-Options: DENY
Content-Type: application/json
Transfer-Encoding: chunked
Date: Thu, 21 May 2026 13:41:48 GMT
Keep-Alive: timeout=60
Connection: keep-alive

{
    "amount": 10000.0,
    "receiverAccountId": 274,
    "senderAccountId": 273,
    "message": "Transfer successful"
}
Request method:	GET
Request URI:	http://host.docker.internal:4115/api/v1/customer/accounts
Proxy:			<none>
Request params:	<none>
Query params:	<none>
Form params:	<none>
Path params:	<none>
Headers:		Accept=application/json, application/javascript, text/javascript, text/json
				Authorization=Basic dXVzQzpwcGRrWk1YMzEwJSU=
				Content-Type=application/json
Cookies:		<none>
Multiparts:		<none>
Body:			<none>
HTTP/1.1 200 
Vary: Origin
Vary: Access-Control-Request-Method
Vary: Access-Control-Request-Headers
X-Content-Type-Options: nosniff
X-XSS-Protection: 0
Cache-Control: no-cache, no-store, max-age=0, must-revalidate
Pragma: no-cache
Expires: 0
X-Frame-Options: DENY
Content-Type: application/json
Transfer-Encoding: chunked
Date: Thu, 21 May 2026 13:41:48 GMT
Keep-Alive: timeout=60
Connection: keep-alive

[
    {
        "id": 273,
        "accountNumber": "ACC273",
        "balance": 0.0,
        "transactions": [
            {
                "id": 187,
                "amount": 5000.0,
                "type": "DEPOSIT",
                "timestamp": "Thu May 21 13:41:49 UTC 2026",
                "relatedAccountId": 273
            },
            {
                "id": 188,
                "amount": 10000.0,
                "type": "TRANSFER_OUT",
                "timestamp": "Thu May 21 13:41:49 UTC 2026",
                "relatedAccountId": 274
            },
            {
                "id": 186,
                "amount": 5000.0,
                "type": "DEPOSIT",
                "timestamp": "Thu May 21 13:41:49 UTC 2026",
                "relatedAccountId": 273
            }
        ]
    },
    {
        "id": 274,
        "accountNumber": "ACC274",
        "balance": 10000.0,
        "transactions": [
            {
                "id": 189,
                "amount": 10000.0,
                "type": "TRANSFER_IN",
                "timestamp": "Thu May 21 13:41:49 UTC 2026",
                "relatedAccountId": 273
            }
        ]
    }
]
Request method:	GET
Request URI:	http://host.docker.internal:4115/api/v1/customer/accounts
Proxy:			<none>
Request params:	<none>
Query params:	<none>
Form params:	<none>
Path params:	<none>
Headers:		Accept=application/json, application/javascript, text/javascript, text/json
				Authorization=Basic dXVzQzpwcGRrWk1YMzEwJSU=
				Content-Type=application/json
Cookies:		<none>
Multiparts:		<none>
Body:			<none>
HTTP/1.1 200 
Vary: Origin
Vary: Access-Control-Request-Method
Vary: Access-Control-Request-Headers
X-Content-Type-Options: nosniff
X-XSS-Protection: 0
Cache-Control: no-cache, no-store, max-age=0, must-revalidate
Pragma: no-cache
Expires: 0
X-Frame-Options: DENY
Content-Type: application/json
Transfer-Encoding: chunked
Date: Thu, 21 May 2026 13:41:48 GMT
Keep-Alive: timeout=60
Connection: keep-alive

[
    {
        "id": 273,
        "accountNumber": "ACC273",
        "balance": 0.0,
        "transactions": [
            {
                "id": 187,
                "amount": 5000.0,
                "type": "DEPOSIT",
                "timestamp": "Thu May 21 13:41:49 UTC 2026",
                "relatedAccountId": 273
            },
            {
                "id": 188,
                "amount": 10000.0,
                "type": "TRANSFER_OUT",
                "timestamp": "Thu May 21 13:41:49 UTC 2026",
                "relatedAccountId": 274
            },
            {
                "id": 186,
                "amount": 5000.0,
                "type": "DEPOSIT",
                "timestamp": "Thu May 21 13:41:49 UTC 2026",
                "relatedAccountId": 273
            }
        ]
    },
    {
        "id": 274,
        "accountNumber": "ACC274",
        "balance": 10000.0,
        "transactions": [
            {
                "id": 189,
                "amount": 10000.0,
                "type": "TRANSFER_IN",
                "timestamp": "Thu May 21 13:41:49 UTC 2026",
                "relatedAccountId": 273
            }
        ]
    }
]
Request method:	GET
Request URI:	http://host.docker.internal:4115/api/v1/accounts/273/transactions
Proxy:			<none>
Request params:	<none>
Query params:	<none>
Form params:	<none>
Path params:	accountId=273
Headers:		Accept=application/json, application/javascript, text/javascript, text/json
				Authorization=Basic dXVzQzpwcGRrWk1YMzEwJSU=
				Content-Type=application/json
Cookies:		<none>
Multiparts:		<none>
Body:			<none>
HTTP/1.1 200 
Vary: Origin
Vary: Access-Control-Request-Method
Vary: Access-Control-Request-Headers
X-Content-Type-Options: nosniff
X-XSS-Protection: 0
Cache-Control: no-cache, no-store, max-age=0, must-revalidate
Pragma: no-cache
Expires: 0
X-Frame-Options: DENY
Content-Type: application/json
Transfer-Encoding: chunked
Date: Thu, 21 May 2026 13:41:48 GMT
Keep-Alive: timeout=60
Connection: keep-alive

[
    {
        "id": 187,
        "amount": 5000.0,
        "type": "DEPOSIT",
        "timestamp": "Thu May 21 13:41:49 UTC 2026",
        "relatedAccountId": 273
    },
    {
        "id": 188,
        "amount": 10000.0,
        "type": "TRANSFER_OUT",
        "timestamp": "Thu May 21 13:41:49 UTC 2026",
        "relatedAccountId": 274
    },
    {
        "id": 186,
        "amount": 5000.0,
        "type": "DEPOSIT",
        "timestamp": "Thu May 21 13:41:49 UTC 2026",
        "relatedAccountId": 273
    }
]
Request method:	GET
Request URI:	http://host.docker.internal:4115/api/v1/accounts/274/transactions
Proxy:			<none>
Request params:	<none>
Query params:	<none>
Form params:	<none>
Path params:	accountId=274
Headers:		Accept=application/json, application/javascript, text/javascript, text/json
				Authorization=Basic dXVzQzpwcGRrWk1YMzEwJSU=
				Content-Type=application/json
Cookies:		<none>
Multiparts:		<none>
Body:			<none>
HTTP/1.1 200 
Vary: Origin
Vary: Access-Control-Request-Method
Vary: Access-Control-Request-Headers
X-Content-Type-Options: nosniff
X-XSS-Protection: 0
Cache-Control: no-cache, no-store, max-age=0, must-revalidate
Pragma: no-cache
Expires: 0
X-Frame-Options: DENY
Content-Type: application/json
Transfer-Encoding: chunked
Date: Thu, 21 May 2026 13:41:48 GMT
Keep-Alive: timeout=60
Connection: keep-alive

[
    {
        "id": 189,
        "amount": 10000.0,
        "type": "TRANSFER_IN",
        "timestamp": "Thu May 21 13:41:49 UTC 2026",
        "relatedAccountId": 273
    }
]
]]></system-out>
  </testcase>
  <testcase name="userCantTransferWithInvalidAmountTest(Double, String)[1]" classname="api.iteration2.MoneyTransferTest" time="1.397">
    <system-out><![CDATA[Request method:	POST
Request URI:	http://host.docker.internal:4115/api/v1/admin/users
Proxy:			<none>
Request params:	<none>
Query params:	<none>
Form params:	<none>
Path params:	<none>
Headers:		Accept=application/json, application/javascript, text/javascript, text/json
				Authorization=Basic YWRtaW46YWRtaW4=
				Content-Type=application/json
Cookies:		<none>
Multiparts:		<none>
Body:
{
    "username": "OXUGlnJXlbHFxJ",
    "password": "rbcqTIG207$%",
    "role": "USER"
}
HTTP/1.1 201 
Vary: Origin
Vary: Access-Control-Request-Method
Vary: Access-Control-Request-Headers
Authorization: Basic T1hVR2xuSlhsYkhGeEo6cmJjcVRJRzIwNyQl
X-Content-Type-Options: nosniff
X-XSS-Protection: 0
Cache-Control: no-cache, no-store, max-age=0, must-revalidate
Pragma: no-cache
Expires: 0
X-Frame-Options: DENY
Content-Type: application/json
Transfer-Encoding: chunked
Date: Thu, 21 May 2026 13:41:48 GMT
Keep-Alive: timeout=60
Connection: keep-alive

{
    "id": 319,
    "username": "OXUGlnJXlbHFxJ",
    "password": "$2a$10$HkgQCqlsUJ73b/m1dB.w3.D7zeUpoGD9LSgtKQ/8C03U8qHCkGQZW",
    "name": null,
    "role": "USER",
    "accounts": [
        
    ]
}
Request method:	POST
Request URI:	http://host.docker.internal:4115/api/v1/auth/login
Proxy:			<none>
Request params:	<none>
Query params:	<none>
Form params:	<none>
Path params:	<none>
Headers:		Accept=application/json, application/javascript, text/javascript, text/json
				Content-Type=application/json
Cookies:		<none>
Multiparts:		<none>
Body:
{
    "username": "OXUGlnJXlbHFxJ",
    "password": "rbcqTIG207$%",
    "role": null
}
HTTP/1.1 200 
Vary: Origin
Vary: Access-Control-Request-Method
Vary: Access-Control-Request-Headers
Authorization: Basic T1hVR2xuSlhsYkhGeEo6cmJjcVRJRzIwNyQl
X-Content-Type-Options: nosniff
X-XSS-Protection: 0
Cache-Control: no-cache, no-store, max-age=0, must-revalidate
Pragma: no-cache
Expires: 0
X-Frame-Options: DENY
Content-Type: application/json
Transfer-Encoding: chunked
Date: Thu, 21 May 2026 13:41:50 GMT
Keep-Alive: timeout=60
Connection: keep-alive

{
    "role": "USER",
    "username": "OXUGlnJXlbHFxJ"
}
Request method:	POST
Request URI:	http://host.docker.internal:4115/api/v1/accounts
Proxy:			<none>
Request params:	<none>
Query params:	<none>
Form params:	<none>
Path params:	<none>
Headers:		Accept=application/json, application/javascript, text/javascript, text/json
				Authorization=Basic T1hVR2xuSlhsYkhGeEo6cmJjcVRJRzIwNyQl
				Content-Type=application/json
Cookies:		<none>
Multiparts:		<none>
Body:
HTTP/1.1 201 
Vary: Origin
Vary: Access-Control-Request-Method
Vary: Access-Control-Request-Headers
X-Content-Type-Options: nosniff
X-XSS-Protection: 0
Cache-Control: no-cache, no-store, max-age=0, must-revalidate
Pragma: no-cache
Expires: 0
X-Frame-Options: DENY
Content-Type: application/json
Transfer-Encoding: chunked
Date: Thu, 21 May 2026 13:41:50 GMT
Keep-Alive: timeout=60
Connection: keep-alive

{
    "id": 275,
    "accountNumber": "ACC275",
    "balance": 0.0,
    "transactions": [
        
    ]
}
Request method:	POST
Request URI:	http://host.docker.internal:4115/api/v1/accounts
Proxy:			<none>
Request params:	<none>
Query params:	<none>
Form params:	<none>
Path params:	<none>
Headers:		Accept=application/json, application/javascript, text/javascript, text/json
				Authorization=Basic T1hVR2xuSlhsYkhGeEo6cmJjcVRJRzIwNyQl
				Content-Type=application/json
Cookies:		<none>
Multiparts:		<none>
Body:
HTTP/1.1 201 
Vary: Origin
Vary: Access-Control-Request-Method
Vary: Access-Control-Request-Headers
X-Content-Type-Options: nosniff
X-XSS-Protection: 0
Cache-Control: no-cache, no-store, max-age=0, must-revalidate
Pragma: no-cache
Expires: 0
X-Frame-Options: DENY
Content-Type: application/json
Transfer-Encoding: chunked
Date: Thu, 21 May 2026 13:41:50 GMT
Keep-Alive: timeout=60
Connection: keep-alive

{
    "id": 276,
    "accountNumber": "ACC276",
    "balance": 0.0,
    "transactions": [
        
    ]
}
Request method:	POST
Request URI:	http://host.docker.internal:4115/api/v1/accounts/transfer
Proxy:			<none>
Request params:	<none>
Query params:	<none>
Form params:	<none>
Path params:	<none>
Headers:		Accept=application/json, application/javascript, text/javascript, text/json
				Authorization=Basic T1hVR2xuSlhsYkhGeEo6cmJjcVRJRzIwNyQl
				Content-Type=application/json
Cookies:		<none>
Multiparts:		<none>
Body:
{
    "senderAccountId": 275,
    "receiverAccountId": 276,
    "amount": 0.0
}
HTTP/1.1 400 
Vary: Origin
Vary: Access-Control-Request-Method
Vary: Access-Control-Request-Headers
X-Content-Type-Options: nosniff
X-XSS-Protection: 0
Cache-Control: no-cache, no-store, max-age=0, must-revalidate
Pragma: no-cache
Expires: 0
X-Frame-Options: DENY
Content-Type: application/json
Content-Length: 37
Date: Thu, 21 May 2026 13:41:50 GMT
Connection: close

Transfer amount must be at least 0.01
Request method:	GET
Request URI:	http://host.docker.internal:4115/api/v1/customer/accounts
Proxy:			<none>
Request params:	<none>
Query params:	<none>
Form params:	<none>
Path params:	<none>
Headers:		Accept=application/json, application/javascript, text/javascript, text/json
				Authorization=Basic T1hVR2xuSlhsYkhGeEo6cmJjcVRJRzIwNyQl
				Content-Type=application/json
Cookies:		<none>
Multiparts:		<none>
Body:			<none>
HTTP/1.1 200 
Vary: Origin
Vary: Access-Control-Request-Method
Vary: Access-Control-Request-Headers
X-Content-Type-Options: nosniff
X-XSS-Protection: 0
Cache-Control: no-cache, no-store, max-age=0, must-revalidate
Pragma: no-cache
Expires: 0
X-Frame-Options: DENY
Content-Type: application/json
Transfer-Encoding: chunked
Date: Thu, 21 May 2026 13:41:50 GMT
Keep-Alive: timeout=60
Connection: keep-alive

[
    {
        "id": 275,
        "accountNumber": "ACC275",
        "balance": 0.0,
        "transactions": [
            
        ]
    },
    {
        "id": 276,
        "accountNumber": "ACC276",
        "balance": 0.0,
        "transactions": [
            
        ]
    }
]
Request method:	GET
Request URI:	http://host.docker.internal:4115/api/v1/customer/accounts
Proxy:			<none>
Request params:	<none>
Query params:	<none>
Form params:	<none>
Path params:	<none>
Headers:		Accept=application/json, application/javascript, text/javascript, text/json
				Authorization=Basic T1hVR2xuSlhsYkhGeEo6cmJjcVRJRzIwNyQl
				Content-Type=application/json
Cookies:		<none>
Multiparts:		<none>
Body:			<none>
HTTP/1.1 200 
Vary: Origin
Vary: Access-Control-Request-Method
Vary: Access-Control-Request-Headers
X-Content-Type-Options: nosniff
X-XSS-Protection: 0
Cache-Control: no-cache, no-store, max-age=0, must-revalidate
Pragma: no-cache
Expires: 0
X-Frame-Options: DENY
Content-Type: application/json
Transfer-Encoding: chunked
Date: Thu, 21 May 2026 13:41:50 GMT
Keep-Alive: timeout=60
Connection: keep-alive

[
    {
        "id": 275,
        "accountNumber": "ACC275",
        "balance": 0.0,
        "transactions": [
            
        ]
    },
    {
        "id": 276,
        "accountNumber": "ACC276",
        "balance": 0.0,
        "transactions": [
            
        ]
    }
]
Request method:	GET
Request URI:	http://host.docker.internal:4115/api/v1/accounts/275/transactions
Proxy:			<none>
Request params:	<none>
Query params:	<none>
Form params:	<none>
Path params:	accountId=275
Headers:		Accept=application/json, application/javascript, text/javascript, text/json
				Authorization=Basic T1hVR2xuSlhsYkhGeEo6cmJjcVRJRzIwNyQl
				Content-Type=application/json
Cookies:		<none>
Multiparts:		<none>
Body:			<none>
HTTP/1.1 200 
Vary: Origin
Vary: Access-Control-Request-Method
Vary: Access-Control-Request-Headers
X-Content-Type-Options: nosniff
X-XSS-Protection: 0
Cache-Control: no-cache, no-store, max-age=0, must-revalidate
Pragma: no-cache
Expires: 0
X-Frame-Options: DENY
Content-Type: application/json
Transfer-Encoding: chunked
Date: Thu, 21 May 2026 13:41:50 GMT
Keep-Alive: timeout=60
Connection: keep-alive

[
    
]
]]></system-out>
  </testcase>
  <testcase name="userCantTransferWithInvalidAmountTest(Double, String)[2]" classname="api.iteration2.MoneyTransferTest" time="1.101">
    <system-out><![CDATA[Request method:	POST
Request URI:	http://host.docker.internal:4115/api/v1/admin/users
Proxy:			<none>
Request params:	<none>
Query params:	<none>
Form params:	<none>
Path params:	<none>
Headers:		Accept=application/json, application/javascript, text/javascript, text/json
				Authorization=Basic YWRtaW46YWRtaW4=
				Content-Type=application/json
Cookies:		<none>
Multiparts:		<none>
Body:
{
    "username": "HPW0O",
    "password": "mevyMLA887&%",
    "role": "USER"
}
HTTP/1.1 201 
Vary: Origin
Vary: Access-Control-Request-Method
Vary: Access-Control-Request-Headers
Authorization: Basic SFBXME86bWV2eU1MQTg4NyYl
X-Content-Type-Options: nosniff
X-XSS-Protection: 0
Cache-Control: no-cache, no-store, max-age=0, must-revalidate
Pragma: no-cache
Expires: 0
X-Frame-Options: DENY
Content-Type: application/json
Transfer-Encoding: chunked
Date: Thu, 21 May 2026 13:41:51 GMT
Keep-Alive: timeout=60
Connection: keep-alive

{
    "id": 320,
    "username": "HPW0O",
    "password": "$2a$10$YA1ytLxBscYAcdLwimq8VepLpeGf5XCK5BhekwgW8A84Pg7wyUmG6",
    "name": null,
    "role": "USER",
    "accounts": [
        
    ]
}
Request method:	POST
Request URI:	http://host.docker.internal:4115/api/v1/auth/login
Proxy:			<none>
Request params:	<none>
Query params:	<none>
Form params:	<none>
Path params:	<none>
Headers:		Accept=application/json, application/javascript, text/javascript, text/json
				Content-Type=application/json
Cookies:		<none>
Multiparts:		<none>
Body:
{
    "username": "HPW0O",
    "password": "mevyMLA887&%",
    "role": null
}
HTTP/1.1 200 
Vary: Origin
Vary: Access-Control-Request-Method
Vary: Access-Control-Request-Headers
Authorization: Basic SFBXME86bWV2eU1MQTg4NyYl
X-Content-Type-Options: nosniff
X-XSS-Protection: 0
Cache-Control: no-cache, no-store, max-age=0, must-revalidate
Pragma: no-cache
Expires: 0
X-Frame-Options: DENY
Content-Type: application/json
Transfer-Encoding: chunked
Date: Thu, 21 May 2026 13:41:51 GMT
Keep-Alive: timeout=60
Connection: keep-alive

{
    "role": "USER",
    "username": "HPW0O"
}
Request method:	POST
Request URI:	http://host.docker.internal:4115/api/v1/accounts
Proxy:			<none>
Request params:	<none>
Query params:	<none>
Form params:	<none>
Path params:	<none>
Headers:		Accept=application/json, application/javascript, text/javascript, text/json
				Authorization=Basic SFBXME86bWV2eU1MQTg4NyYl
				Content-Type=application/json
Cookies:		<none>
Multiparts:		<none>
Body:
HTTP/1.1 201 
Vary: Origin
Vary: Access-Control-Request-Method
Vary: Access-Control-Request-Headers
X-Content-Type-Options: nosniff
X-XSS-Protection: 0
Cache-Control: no-cache, no-store, max-age=0, must-revalidate
Pragma: no-cache
Expires: 0
X-Frame-Options: DENY
Content-Type: application/json
Transfer-Encoding: chunked
Date: Thu, 21 May 2026 13:41:51 GMT
Keep-Alive: timeout=60
Connection: keep-alive

{
    "id": 277,
    "accountNumber": "ACC277",
    "balance": 0.0,
    "transactions": [
        
    ]
}
Request method:	POST
Request URI:	http://host.docker.internal:4115/api/v1/accounts
Proxy:			<none>
Request params:	<none>
Query params:	<none>
Form params:	<none>
Path params:	<none>
Headers:		Accept=application/json, application/javascript, text/javascript, text/json
				Authorization=Basic SFBXME86bWV2eU1MQTg4NyYl
				Content-Type=application/json
Cookies:		<none>
Multiparts:		<none>
Body:
HTTP/1.1 201 
Vary: Origin
Vary: Access-Control-Request-Method
Vary: Access-Control-Request-Headers
X-Content-Type-Options: nosniff
X-XSS-Protection: 0
Cache-Control: no-cache, no-store, max-age=0, must-revalidate
Pragma: no-cache
Expires: 0
X-Frame-Options: DENY
Content-Type: application/json
Transfer-Encoding: chunked
Date: Thu, 21 May 2026 13:41:51 GMT
Keep-Alive: timeout=60
Connection: keep-alive

{
    "id": 278,
    "accountNumber": "ACC278",
    "balance": 0.0,
    "transactions": [
        
    ]
}
Request method:	POST
Request URI:	http://host.docker.internal:4115/api/v1/accounts/transfer
Proxy:			<none>
Request params:	<none>
Query params:	<none>
Form params:	<none>
Path params:	<none>
Headers:		Accept=application/json, application/javascript, text/javascript, text/json
				Authorization=Basic SFBXME86bWV2eU1MQTg4NyYl
				Content-Type=application/json
Cookies:		<none>
Multiparts:		<none>
Body:
{
    "senderAccountId": 277,
    "receiverAccountId": 278,
    "amount": -0.01
}
HTTP/1.1 400 
Vary: Origin
Vary: Access-Control-Request-Method
Vary: Access-Control-Request-Headers
X-Content-Type-Options: nosniff
X-XSS-Protection: 0
Cache-Control: no-cache, no-store, max-age=0, must-revalidate
Pragma: no-cache
Expires: 0
X-Frame-Options: DENY
Content-Type: application/json
Content-Length: 37
Date: Thu, 21 May 2026 13:41:51 GMT
Connection: close

Transfer amount must be at least 0.01
Request method:	GET
Request URI:	http://host.docker.internal:4115/api/v1/customer/accounts
Proxy:			<none>
Request params:	<none>
Query params:	<none>
Form params:	<none>
Path params:	<none>
Headers:		Accept=application/json, application/javascript, text/javascript, text/json
				Authorization=Basic SFBXME86bWV2eU1MQTg4NyYl
				Content-Type=application/json
Cookies:		<none>
Multiparts:		<none>
Body:			<none>
HTTP/1.1 200 
Vary: Origin
Vary: Access-Control-Request-Method
Vary: Access-Control-Request-Headers
X-Content-Type-Options: nosniff
X-XSS-Protection: 0
Cache-Control: no-cache, no-store, max-age=0, must-revalidate
Pragma: no-cache
Expires: 0
X-Frame-Options: DENY
Content-Type: application/json
Transfer-Encoding: chunked
Date: Thu, 21 May 2026 13:41:51 GMT
Keep-Alive: timeout=60
Connection: keep-alive

[
    {
        "id": 278,
        "accountNumber": "ACC278",
        "balance": 0.0,
        "transactions": [
            
        ]
    },
    {
        "id": 277,
        "accountNumber": "ACC277",
        "balance": 0.0,
        "transactions": [
            
        ]
    }
]
Request method:	GET
Request URI:	http://host.docker.internal:4115/api/v1/customer/accounts
Proxy:			<none>
Request params:	<none>
Query params:	<none>
Form params:	<none>
Path params:	<none>
Headers:		Accept=application/json, application/javascript, text/javascript, text/json
				Authorization=Basic SFBXME86bWV2eU1MQTg4NyYl
				Content-Type=application/json
Cookies:		<none>
Multiparts:		<none>
Body:			<none>
HTTP/1.1 200 
Vary: Origin
Vary: Access-Control-Request-Method
Vary: Access-Control-Request-Headers
X-Content-Type-Options: nosniff
X-XSS-Protection: 0
Cache-Control: no-cache, no-store, max-age=0, must-revalidate
Pragma: no-cache
Expires: 0
X-Frame-Options: DENY
Content-Type: application/json
Transfer-Encoding: chunked
Date: Thu, 21 May 2026 13:41:51 GMT
Keep-Alive: timeout=60
Connection: keep-alive

[
    {
        "id": 278,
        "accountNumber": "ACC278",
        "balance": 0.0,
        "transactions": [
            
        ]
    },
    {
        "id": 277,
        "accountNumber": "ACC277",
        "balance": 0.0,
        "transactions": [
            
        ]
    }
]
Request method:	GET
Request URI:	http://host.docker.internal:4115/api/v1/accounts/277/transactions
Proxy:			<none>
Request params:	<none>
Query params:	<none>
Form params:	<none>
Path params:	accountId=277
Headers:		Accept=application/json, application/javascript, text/javascript, text/json
				Authorization=Basic SFBXME86bWV2eU1MQTg4NyYl
				Content-Type=application/json
Cookies:		<none>
Multiparts:		<none>
Body:			<none>
HTTP/1.1 200 
Vary: Origin
Vary: Access-Control-Request-Method
Vary: Access-Control-Request-Headers
X-Content-Type-Options: nosniff
X-XSS-Protection: 0
Cache-Control: no-cache, no-store, max-age=0, must-revalidate
Pragma: no-cache
Expires: 0
X-Frame-Options: DENY
Content-Type: application/json
Transfer-Encoding: chunked
Date: Thu, 21 May 2026 13:41:51 GMT
Keep-Alive: timeout=60
Connection: keep-alive

[
    
]
]]></system-out>
  </testcase>
  <testcase name="userCantTransferWithInvalidAmountTest(Double, String)[3]" classname="api.iteration2.MoneyTransferTest" time="1.317">
    <system-out><![CDATA[Request method:	POST
Request URI:	http://host.docker.internal:4115/api/v1/admin/users
Proxy:			<none>
Request params:	<none>
Query params:	<none>
Form params:	<none>
Path params:	<none>
Headers:		Accept=application/json, application/javascript, text/javascript, text/json
				Authorization=Basic YWRtaW46YWRtaW4=
				Content-Type=application/json
Cookies:		<none>
Multiparts:		<none>
Body:
{
    "username": "dZD",
    "password": "sbetJXC552&%",
    "role": "USER"
}
HTTP/1.1 201 
Vary: Origin
Vary: Access-Control-Request-Method
Vary: Access-Control-Request-Headers
Authorization: Basic ZFpEOnNiZXRKWEM1NTImJQ==
X-Content-Type-Options: nosniff
X-XSS-Protection: 0
Cache-Control: no-cache, no-store, max-age=0, must-revalidate
Pragma: no-cache
Expires: 0
X-Frame-Options: DENY
Content-Type: application/json
Transfer-Encoding: chunked
Date: Thu, 21 May 2026 13:41:52 GMT
Keep-Alive: timeout=60
Connection: keep-alive

{
    "id": 321,
    "username": "dZD",
    "password": "$2a$10$uhIW.5uCWR.S5mKYT4RhIuZ7Hxlx1Nfx.T0eHXoHVNuM95JB8Ek3m",
    "name": null,
    "role": "USER",
    "accounts": [
        
    ]
}
Request method:	POST
Request URI:	http://host.docker.internal:4115/api/v1/auth/login
Proxy:			<none>
Request params:	<none>
Query params:	<none>
Form params:	<none>
Path params:	<none>
Headers:		Accept=application/json, application/javascript, text/javascript, text/json
				Content-Type=application/json
Cookies:		<none>
Multiparts:		<none>
Body:
{
    "username": "dZD",
    "password": "sbetJXC552&%",
    "role": null
}
HTTP/1.1 200 
Vary: Origin
Vary: Access-Control-Request-Method
Vary: Access-Control-Request-Headers
Authorization: Basic ZFpEOnNiZXRKWEM1NTImJQ==
X-Content-Type-Options: nosniff
X-XSS-Protection: 0
Cache-Control: no-cache, no-store, max-age=0, must-revalidate
Pragma: no-cache
Expires: 0
X-Frame-Options: DENY
Content-Type: application/json
Transfer-Encoding: chunked
Date: Thu, 21 May 2026 13:41:52 GMT
Keep-Alive: timeout=60
Connection: keep-alive

{
    "role": "USER",
    "username": "dZD"
}
Request method:	POST
Request URI:	http://host.docker.internal:4115/api/v1/accounts
Proxy:			<none>
Request params:	<none>
Query params:	<none>
Form params:	<none>
Path params:	<none>
Headers:		Accept=application/json, application/javascript, text/javascript, text/json
				Authorization=Basic ZFpEOnNiZXRKWEM1NTImJQ==
				Content-Type=application/json
Cookies:		<none>
Multiparts:		<none>
Body:
HTTP/1.1 201 
Vary: Origin
Vary: Access-Control-Request-Method
Vary: Access-Control-Request-Headers
X-Content-Type-Options: nosniff
X-XSS-Protection: 0
Cache-Control: no-cache, no-store, max-age=0, must-revalidate
Pragma: no-cache
Expires: 0
X-Frame-Options: DENY
Content-Type: application/json
Transfer-Encoding: chunked
Date: Thu, 21 May 2026 13:41:52 GMT
Keep-Alive: timeout=60
Connection: keep-alive

{
    "id": 279,
    "accountNumber": "ACC279",
    "balance": 0.0,
    "transactions": [
        
    ]
}
Request method:	POST
Request URI:	http://host.docker.internal:4115/api/v1/accounts
Proxy:			<none>
Request params:	<none>
Query params:	<none>
Form params:	<none>
Path params:	<none>
Headers:		Accept=application/json, application/javascript, text/javascript, text/json
				Authorization=Basic ZFpEOnNiZXRKWEM1NTImJQ==
				Content-Type=application/json
Cookies:		<none>
Multiparts:		<none>
Body:
HTTP/1.1 201 
Vary: Origin
Vary: Access-Control-Request-Method
Vary: Access-Control-Request-Headers
X-Content-Type-Options: nosniff
X-XSS-Protection: 0
Cache-Control: no-cache, no-store, max-age=0, must-revalidate
Pragma: no-cache
Expires: 0
X-Frame-Options: DENY
Content-Type: application/json
Transfer-Encoding: chunked
Date: Thu, 21 May 2026 13:41:52 GMT
Keep-Alive: timeout=60
Connection: keep-alive

{
    "id": 280,
    "accountNumber": "ACC280",
    "balance": 0.0,
    "transactions": [
        
    ]
}
Request method:	POST
Request URI:	http://host.docker.internal:4115/api/v1/accounts/transfer
Proxy:			<none>
Request params:	<none>
Query params:	<none>
Form params:	<none>
Path params:	<none>
Headers:		Accept=application/json, application/javascript, text/javascript, text/json
				Authorization=Basic ZFpEOnNiZXRKWEM1NTImJQ==
				Content-Type=application/json
Cookies:		<none>
Multiparts:		<none>
Body:
{
    "senderAccountId": 279,
    "receiverAccountId": 280,
    "amount": 10000.01
}
HTTP/1.1 400 
Vary: Origin
Vary: Access-Control-Request-Method
Vary: Access-Control-Request-Headers
X-Content-Type-Options: nosniff
X-XSS-Protection: 0
Cache-Control: no-cache, no-store, max-age=0, must-revalidate
Pragma: no-cache
Expires: 0
X-Frame-Options: DENY
Content-Type: application/json
Content-Length: 35
Date: Thu, 21 May 2026 13:41:52 GMT
Connection: close

Transfer amount cannot exceed 10000
Request method:	GET
Request URI:	http://host.docker.internal:4115/api/v1/customer/accounts
Proxy:			<none>
Request params:	<none>
Query params:	<none>
Form params:	<none>
Path params:	<none>
Headers:		Accept=application/json, application/javascript, text/javascript, text/json
				Authorization=Basic ZFpEOnNiZXRKWEM1NTImJQ==
				Content-Type=application/json
Cookies:		<none>
Multiparts:		<none>
Body:			<none>
HTTP/1.1 200 
Vary: Origin
Vary: Access-Control-Request-Method
Vary: Access-Control-Request-Headers
X-Content-Type-Options: nosniff
X-XSS-Protection: 0
Cache-Control: no-cache, no-store, max-age=0, must-revalidate
Pragma: no-cache
Expires: 0
X-Frame-Options: DENY
Content-Type: application/json
Transfer-Encoding: chunked
Date: Thu, 21 May 2026 13:41:52 GMT
Keep-Alive: timeout=60
Connection: keep-alive

[
    {
        "id": 280,
        "accountNumber": "ACC280",
        "balance": 0.0,
        "transactions": [
            
        ]
    },
    {
        "id": 279,
        "accountNumber": "ACC279",
        "balance": 0.0,
        "transactions": [
            
        ]
    }
]
Request method:	GET
Request URI:	http://host.docker.internal:4115/api/v1/customer/accounts
Proxy:			<none>
Request params:	<none>
Query params:	<none>
Form params:	<none>
Path params:	<none>
Headers:		Accept=application/json, application/javascript, text/javascript, text/json
				Authorization=Basic ZFpEOnNiZXRKWEM1NTImJQ==
				Content-Type=application/json
Cookies:		<none>
Multiparts:		<none>
Body:			<none>
HTTP/1.1 200 
Vary: Origin
Vary: Access-Control-Request-Method
Vary: Access-Control-Request-Headers
X-Content-Type-Options: nosniff
X-XSS-Protection: 0
Cache-Control: no-cache, no-store, max-age=0, must-revalidate
Pragma: no-cache
Expires: 0
X-Frame-Options: DENY
Content-Type: application/json
Transfer-Encoding: chunked
Date: Thu, 21 May 2026 13:41:52 GMT
Keep-Alive: timeout=60
Connection: keep-alive

[
    {
        "id": 280,
        "accountNumber": "ACC280",
        "balance": 0.0,
        "transactions": [
            
        ]
    },
    {
        "id": 279,
        "accountNumber": "ACC279",
        "balance": 0.0,
        "transactions": [
            
        ]
    }
]
Request method:	GET
Request URI:	http://host.docker.internal:4115/api/v1/accounts/279/transactions
Proxy:			<none>
Request params:	<none>
Query params:	<none>
Form params:	<none>
Path params:	accountId=279
Headers:		Accept=application/json, application/javascript, text/javascript, text/json
				Authorization=Basic ZFpEOnNiZXRKWEM1NTImJQ==
				Content-Type=application/json
Cookies:		<none>
Multiparts:		<none>
Body:			<none>
HTTP/1.1 200 
Vary: Origin
Vary: Access-Control-Request-Method
Vary: Access-Control-Request-Headers
X-Content-Type-Options: nosniff
X-XSS-Protection: 0
Cache-Control: no-cache, no-store, max-age=0, must-revalidate
Pragma: no-cache
Expires: 0
X-Frame-Options: DENY
Content-Type: application/json
Transfer-Encoding: chunked
Date: Thu, 21 May 2026 13:41:52 GMT
Keep-Alive: timeout=60
Connection: keep-alive

[
    
]
]]></system-out>
  </testcase>
  <testcase name="userCantTransferWithInvalidAmountTest(Double, String)[4]" classname="api.iteration2.MoneyTransferTest" time="1.043">
    <system-out><![CDATA[Request method:	POST
Request URI:	http://host.docker.internal:4115/api/v1/admin/users
Proxy:			<none>
Request params:	<none>
Query params:	<none>
Form params:	<none>
Path params:	<none>
Headers:		Accept=application/json, application/javascript, text/javascript, text/json
				Authorization=Basic YWRtaW46YWRtaW4=
				Content-Type=application/json
Cookies:		<none>
Multiparts:		<none>
Body:
{
    "username": "kTgQ",
    "password": "mlubUXR068&$",
    "role": "USER"
}
HTTP/1.1 201 
Vary: Origin
Vary: Access-Control-Request-Method
Vary: Access-Control-Request-Headers
Authorization: Basic a1RnUTptbHViVVhSMDY4JiQ=
X-Content-Type-Options: nosniff
X-XSS-Protection: 0
Cache-Control: no-cache, no-store, max-age=0, must-revalidate
Pragma: no-cache
Expires: 0
X-Frame-Options: DENY
Content-Type: application/json
Transfer-Encoding: chunked
Date: Thu, 21 May 2026 13:41:53 GMT
Keep-Alive: timeout=60
Connection: keep-alive

{
    "id": 322,
    "username": "kTgQ",
    "password": "$2a$10$s2gPJNG2rxVPRtlodgToEe9vdSEpzmzCKNHn1D4WHOviZ6RSFUFTi",
    "name": null,
    "role": "USER",
    "accounts": [
        
    ]
}
Request method:	POST
Request URI:	http://host.docker.internal:4115/api/v1/auth/login
Proxy:			<none>
Request params:	<none>
Query params:	<none>
Form params:	<none>
Path params:	<none>
Headers:		Accept=application/json, application/javascript, text/javascript, text/json
				Content-Type=application/json
Cookies:		<none>
Multiparts:		<none>
Body:
{
    "username": "kTgQ",
    "password": "mlubUXR068&$",
    "role": null
}
HTTP/1.1 200 
Vary: Origin
Vary: Access-Control-Request-Method
Vary: Access-Control-Request-Headers
Authorization: Basic a1RnUTptbHViVVhSMDY4JiQ=
X-Content-Type-Options: nosniff
X-XSS-Protection: 0
Cache-Control: no-cache, no-store, max-age=0, must-revalidate
Pragma: no-cache
Expires: 0
X-Frame-Options: DENY
Content-Type: application/json
Transfer-Encoding: chunked
Date: Thu, 21 May 2026 13:41:53 GMT
Keep-Alive: timeout=60
Connection: keep-alive

{
    "role": "USER",
    "username": "kTgQ"
}
Request method:	POST
Request URI:	http://host.docker.internal:4115/api/v1/accounts
Proxy:			<none>
Request params:	<none>
Query params:	<none>
Form params:	<none>
Path params:	<none>
Headers:		Accept=application/json, application/javascript, text/javascript, text/json
				Authorization=Basic a1RnUTptbHViVVhSMDY4JiQ=
				Content-Type=application/json
Cookies:		<none>
Multiparts:		<none>
Body:
HTTP/1.1 201 
Vary: Origin
Vary: Access-Control-Request-Method
Vary: Access-Control-Request-Headers
X-Content-Type-Options: nosniff
X-XSS-Protection: 0
Cache-Control: no-cache, no-store, max-age=0, must-revalidate
Pragma: no-cache
Expires: 0
X-Frame-Options: DENY
Content-Type: application/json
Transfer-Encoding: chunked
Date: Thu, 21 May 2026 13:41:53 GMT
Keep-Alive: timeout=60
Connection: keep-alive

{
    "id": 281,
    "accountNumber": "ACC281",
    "balance": 0.0,
    "transactions": [
        
    ]
}
Request method:	POST
Request URI:	http://host.docker.internal:4115/api/v1/accounts
Proxy:			<none>
Request params:	<none>
Query params:	<none>
Form params:	<none>
Path params:	<none>
Headers:		Accept=application/json, application/javascript, text/javascript, text/json
				Authorization=Basic a1RnUTptbHViVVhSMDY4JiQ=
				Content-Type=application/json
Cookies:		<none>
Multiparts:		<none>
Body:
HTTP/1.1 201 
Vary: Origin
Vary: Access-Control-Request-Method
Vary: Access-Control-Request-Headers
X-Content-Type-Options: nosniff
X-XSS-Protection: 0
Cache-Control: no-cache, no-store, max-age=0, must-revalidate
Pragma: no-cache
Expires: 0
X-Frame-Options: DENY
Content-Type: application/json
Transfer-Encoding: chunked
Date: Thu, 21 May 2026 13:41:53 GMT
Keep-Alive: timeout=60
Connection: keep-alive

{
    "id": 282,
    "accountNumber": "ACC282",
    "balance": 0.0,
    "transactions": [
        
    ]
}
Request method:	POST
Request URI:	http://host.docker.internal:4115/api/v1/accounts/transfer
Proxy:			<none>
Request params:	<none>
Query params:	<none>
Form params:	<none>
Path params:	<none>
Headers:		Accept=application/json, application/javascript, text/javascript, text/json
				Authorization=Basic a1RnUTptbHViVVhSMDY4JiQ=
				Content-Type=application/json
Cookies:		<none>
Multiparts:		<none>
Body:
{
    "senderAccountId": 281,
    "receiverAccountId": 282,
    "amount": 200.0
}
HTTP/1.1 400 
Vary: Origin
Vary: Access-Control-Request-Method
Vary: Access-Control-Request-Headers
X-Content-Type-Options: nosniff
X-XSS-Protection: 0
Cache-Control: no-cache, no-store, max-age=0, must-revalidate
Pragma: no-cache
Expires: 0
X-Frame-Options: DENY
Content-Type: application/json
Content-Length: 56
Date: Thu, 21 May 2026 13:41:53 GMT
Connection: close

Invalid transfer: insufficient funds or invalid accounts
Request method:	GET
Request URI:	http://host.docker.internal:4115/api/v1/customer/accounts
Proxy:			<none>
Request params:	<none>
Query params:	<none>
Form params:	<none>
Path params:	<none>
Headers:		Accept=application/json, application/javascript, text/javascript, text/json
				Authorization=Basic a1RnUTptbHViVVhSMDY4JiQ=
				Content-Type=application/json
Cookies:		<none>
Multiparts:		<none>
Body:			<none>
HTTP/1.1 200 
Vary: Origin
Vary: Access-Control-Request-Method
Vary: Access-Control-Request-Headers
X-Content-Type-Options: nosniff
X-XSS-Protection: 0
Cache-Control: no-cache, no-store, max-age=0, must-revalidate
Pragma: no-cache
Expires: 0
X-Frame-Options: DENY
Content-Type: application/json
Transfer-Encoding: chunked
Date: Thu, 21 May 2026 13:41:53 GMT
Keep-Alive: timeout=60
Connection: keep-alive

[
    {
        "id": 281,
        "accountNumber": "ACC281",
        "balance": 0.0,
        "transactions": [
            
        ]
    },
    {
        "id": 282,
        "accountNumber": "ACC282",
        "balance": 0.0,
        "transactions": [
            
        ]
    }
]
Request method:	GET
Request URI:	http://host.docker.internal:4115/api/v1/customer/accounts
Proxy:			<none>
Request params:	<none>
Query params:	<none>
Form params:	<none>
Path params:	<none>
Headers:		Accept=application/json, application/javascript, text/javascript, text/json
				Authorization=Basic a1RnUTptbHViVVhSMDY4JiQ=
				Content-Type=application/json
Cookies:		<none>
Multiparts:		<none>
Body:			<none>
HTTP/1.1 200 
Vary: Origin
Vary: Access-Control-Request-Method
Vary: Access-Control-Request-Headers
X-Content-Type-Options: nosniff
X-XSS-Protection: 0
Cache-Control: no-cache, no-store, max-age=0, must-revalidate
Pragma: no-cache
Expires: 0
X-Frame-Options: DENY
Content-Type: application/json
Transfer-Encoding: chunked
Date: Thu, 21 May 2026 13:41:53 GMT
Keep-Alive: timeout=60
Connection: keep-alive

[
    {
        "id": 281,
        "accountNumber": "ACC281",
        "balance": 0.0,
        "transactions": [
            
        ]
    },
    {
        "id": 282,
        "accountNumber": "ACC282",
        "balance": 0.0,
        "transactions": [
            
        ]
    }
]
Request method:	GET
Request URI:	http://host.docker.internal:4115/api/v1/accounts/281/transactions
Proxy:			<none>
Request params:	<none>
Query params:	<none>
Form params:	<none>
Path params:	accountId=281
Headers:		Accept=application/json, application/javascript, text/javascript, text/json
				Authorization=Basic a1RnUTptbHViVVhSMDY4JiQ=
				Content-Type=application/json
Cookies:		<none>
Multiparts:		<none>
Body:			<none>
HTTP/1.1 200 
Vary: Origin
Vary: Access-Control-Request-Method
Vary: Access-Control-Request-Headers
X-Content-Type-Options: nosniff
X-XSS-Protection: 0
Cache-Control: no-cache, no-store, max-age=0, must-revalidate
Pragma: no-cache
Expires: 0
X-Frame-Options: DENY
Content-Type: application/json
Transfer-Encoding: chunked
Date: Thu, 21 May 2026 13:41:53 GMT
Keep-Alive: timeout=60
Connection: keep-alive

[
    
]
]]></system-out>
  </testcase>
  <testcase name="userCanTransferMinSumTest" classname="api.iteration2.MoneyTransferTest" time="1.116">
    <system-out><![CDATA[Request method:	POST
Request URI:	http://host.docker.internal:4115/api/v1/admin/users
Proxy:			<none>
Request params:	<none>
Query params:	<none>
Form params:	<none>
Path params:	<none>
Headers:		Accept=application/json, application/javascript, text/javascript, text/json
				Authorization=Basic YWRtaW46YWRtaW4=
				Content-Type=application/json
Cookies:		<none>
Multiparts:		<none>
Body:
{
    "username": "6q3c2eKOe9qD",
    "password": "tpdtSDE059%&",
    "role": "USER"
}
HTTP/1.1 201 
Vary: Origin
Vary: Access-Control-Request-Method
Vary: Access-Control-Request-Headers
Authorization: Basic NnEzYzJlS09lOXFEOnRwZHRTREUwNTklJg==
X-Content-Type-Options: nosniff
X-XSS-Protection: 0
Cache-Control: no-cache, no-store, max-age=0, must-revalidate
Pragma: no-cache
Expires: 0
X-Frame-Options: DENY
Content-Type: application/json
Transfer-Encoding: chunked
Date: Thu, 21 May 2026 13:41:54 GMT
Keep-Alive: timeout=60
Connection: keep-alive

{
    "id": 323,
    "username": "6q3c2eKOe9qD",
    "password": "$2a$10$hWQlD6Itsb549I9DceEDeeiIuAZMTSC0y3qZYlAQOkClwL5o/8Jhu",
    "name": null,
    "role": "USER",
    "accounts": [
        
    ]
}
Request method:	POST
Request URI:	http://host.docker.internal:4115/api/v1/auth/login
Proxy:			<none>
Request params:	<none>
Query params:	<none>
Form params:	<none>
Path params:	<none>
Headers:		Accept=application/json, application/javascript, text/javascript, text/json
				Content-Type=application/json
Cookies:		<none>
Multiparts:		<none>
Body:
{
    "username": "6q3c2eKOe9qD",
    "password": "tpdtSDE059%&",
    "role": null
}
HTTP/1.1 200 
Vary: Origin
Vary: Access-Control-Request-Method
Vary: Access-Control-Request-Headers
Authorization: Basic NnEzYzJlS09lOXFEOnRwZHRTREUwNTklJg==
X-Content-Type-Options: nosniff
X-XSS-Protection: 0
Cache-Control: no-cache, no-store, max-age=0, must-revalidate
Pragma: no-cache
Expires: 0
X-Frame-Options: DENY
Content-Type: application/json
Transfer-Encoding: chunked
Date: Thu, 21 May 2026 13:41:54 GMT
Keep-Alive: timeout=60
Connection: keep-alive

{
    "role": "USER",
    "username": "6q3c2eKOe9qD"
}
Request method:	POST
Request URI:	http://host.docker.internal:4115/api/v1/accounts
Proxy:			<none>
Request params:	<none>
Query params:	<none>
Form params:	<none>
Path params:	<none>
Headers:		Accept=application/json, application/javascript, text/javascript, text/json
				Authorization=Basic NnEzYzJlS09lOXFEOnRwZHRTREUwNTklJg==
				Content-Type=application/json
Cookies:		<none>
Multiparts:		<none>
Body:
HTTP/1.1 201 
Vary: Origin
Vary: Access-Control-Request-Method
Vary: Access-Control-Request-Headers
X-Content-Type-Options: nosniff
X-XSS-Protection: 0
Cache-Control: no-cache, no-store, max-age=0, must-revalidate
Pragma: no-cache
Expires: 0
X-Frame-Options: DENY
Content-Type: application/json
Transfer-Encoding: chunked
Date: Thu, 21 May 2026 13:41:54 GMT
Keep-Alive: timeout=60
Connection: keep-alive

{
    "id": 283,
    "accountNumber": "ACC283",
    "balance": 0.0,
    "transactions": [
        
    ]
}
Request method:	POST
Request URI:	http://host.docker.internal:4115/api/v1/accounts
Proxy:			<none>
Request params:	<none>
Query params:	<none>
Form params:	<none>
Path params:	<none>
Headers:		Accept=application/json, application/javascript, text/javascript, text/json
				Authorization=Basic NnEzYzJlS09lOXFEOnRwZHRTREUwNTklJg==
				Content-Type=application/json
Cookies:		<none>
Multiparts:		<none>
Body:
HTTP/1.1 201 
Vary: Origin
Vary: Access-Control-Request-Method
Vary: Access-Control-Request-Headers
X-Content-Type-Options: nosniff
X-XSS-Protection: 0
Cache-Control: no-cache, no-store, max-age=0, must-revalidate
Pragma: no-cache
Expires: 0
X-Frame-Options: DENY
Content-Type: application/json
Transfer-Encoding: chunked
Date: Thu, 21 May 2026 13:41:54 GMT
Keep-Alive: timeout=60
Connection: keep-alive

{
    "id": 284,
    "accountNumber": "ACC284",
    "balance": 0.0,
    "transactions": [
        
    ]
}
Request method:	POST
Request URI:	http://host.docker.internal:4115/api/v1/accounts/deposit
Proxy:			<none>
Request params:	<none>
Query params:	<none>
Form params:	<none>
Path params:	<none>
Headers:		Accept=application/json, application/javascript, text/javascript, text/json
				Authorization=Basic NnEzYzJlS09lOXFEOnRwZHRTREUwNTklJg==
				Content-Type=application/json
Cookies:		<none>
Multiparts:		<none>
Body:
{
    "id": 283,
    "balance": 0.01
}
HTTP/1.1 200 
Vary: Origin
Vary: Access-Control-Request-Method
Vary: Access-Control-Request-Headers
X-Content-Type-Options: nosniff
X-XSS-Protection: 0
Cache-Control: no-cache, no-store, max-age=0, must-revalidate
Pragma: no-cache
Expires: 0
X-Frame-Options: DENY
Content-Type: application/json
Transfer-Encoding: chunked
Date: Thu, 21 May 2026 13:41:54 GMT
Keep-Alive: timeout=60
Connection: keep-alive

{
    "id": 283,
    "accountNumber": "ACC283",
    "balance": 0.01,
    "transactions": [
        {
            "id": 190,
            "amount": 0.01,
            "type": "DEPOSIT",
            "timestamp": "Thu May 21 13:41:55 UTC 2026",
            "relatedAccountId": 283
        }
    ]
}
Request method:	POST
Request URI:	http://host.docker.internal:4115/api/v1/accounts/transfer
Proxy:			<none>
Request params:	<none>
Query params:	<none>
Form params:	<none>
Path params:	<none>
Headers:		Accept=application/json, application/javascript, text/javascript, text/json
				Authorization=Basic NnEzYzJlS09lOXFEOnRwZHRTREUwNTklJg==
				Content-Type=application/json
Cookies:		<none>
Multiparts:		<none>
Body:
{
    "senderAccountId": 283,
    "receiverAccountId": 284,
    "amount": 0.01
}
HTTP/1.1 200 
Vary: Origin
Vary: Access-Control-Request-Method
Vary: Access-Control-Request-Headers
X-Content-Type-Options: nosniff
X-XSS-Protection: 0
Cache-Control: no-cache, no-store, max-age=0, must-revalidate
Pragma: no-cache
Expires: 0
X-Frame-Options: DENY
Content-Type: application/json
Transfer-Encoding: chunked
Date: Thu, 21 May 2026 13:41:54 GMT
Keep-Alive: timeout=60
Connection: keep-alive

{
    "amount": 0.01,
    "receiverAccountId": 284,
    "senderAccountId": 283,
    "message": "Transfer successful"
}
Request method:	GET
Request URI:	http://host.docker.internal:4115/api/v1/customer/accounts
Proxy:			<none>
Request params:	<none>
Query params:	<none>
Form params:	<none>
Path params:	<none>
Headers:		Accept=application/json, application/javascript, text/javascript, text/json
				Authorization=Basic NnEzYzJlS09lOXFEOnRwZHRTREUwNTklJg==
				Content-Type=application/json
Cookies:		<none>
Multiparts:		<none>
Body:			<none>
HTTP/1.1 200 
Vary: Origin
Vary: Access-Control-Request-Method
Vary: Access-Control-Request-Headers
X-Content-Type-Options: nosniff
X-XSS-Protection: 0
Cache-Control: no-cache, no-store, max-age=0, must-revalidate
Pragma: no-cache
Expires: 0
X-Frame-Options: DENY
Content-Type: application/json
Transfer-Encoding: chunked
Date: Thu, 21 May 2026 13:41:54 GMT
Keep-Alive: timeout=60
Connection: keep-alive

[
    {
        "id": 283,
        "accountNumber": "ACC283",
        "balance": 0.0,
        "transactions": [
            {
                "id": 191,
                "amount": 0.01,
                "type": "TRANSFER_OUT",
                "timestamp": "Thu May 21 13:41:55 UTC 2026",
                "relatedAccountId": 284
            },
            {
                "id": 190,
                "amount": 0.01,
                "type": "DEPOSIT",
                "timestamp": "Thu May 21 13:41:55 UTC 2026",
                "relatedAccountId": 283
            }
        ]
    },
    {
        "id": 284,
        "accountNumber": "ACC284",
        "balance": 0.01,
        "transactions": [
            {
                "id": 192,
                "amount": 0.01,
                "type": "TRANSFER_IN",
                "timestamp": "Thu May 21 13:41:55 UTC 2026",
                "relatedAccountId": 283
            }
        ]
    }
]
Request method:	GET
Request URI:	http://host.docker.internal:4115/api/v1/customer/accounts
Proxy:			<none>
Request params:	<none>
Query params:	<none>
Form params:	<none>
Path params:	<none>
Headers:		Accept=application/json, application/javascript, text/javascript, text/json
				Authorization=Basic NnEzYzJlS09lOXFEOnRwZHRTREUwNTklJg==
				Content-Type=application/json
Cookies:		<none>
Multiparts:		<none>
Body:			<none>
HTTP/1.1 200 
Vary: Origin
Vary: Access-Control-Request-Method
Vary: Access-Control-Request-Headers
X-Content-Type-Options: nosniff
X-XSS-Protection: 0
Cache-Control: no-cache, no-store, max-age=0, must-revalidate
Pragma: no-cache
Expires: 0
X-Frame-Options: DENY
Content-Type: application/json
Transfer-Encoding: chunked
Date: Thu, 21 May 2026 13:41:54 GMT
Keep-Alive: timeout=60
Connection: keep-alive

[
    {
        "id": 283,
        "accountNumber": "ACC283",
        "balance": 0.0,
        "transactions": [
            {
                "id": 191,
                "amount": 0.01,
                "type": "TRANSFER_OUT",
                "timestamp": "Thu May 21 13:41:55 UTC 2026",
                "relatedAccountId": 284
            },
            {
                "id": 190,
                "amount": 0.01,
                "type": "DEPOSIT",
                "timestamp": "Thu May 21 13:41:55 UTC 2026",
                "relatedAccountId": 283
            }
        ]
    },
    {
        "id": 284,
        "accountNumber": "ACC284",
        "balance": 0.01,
        "transactions": [
            {
                "id": 192,
                "amount": 0.01,
                "type": "TRANSFER_IN",
                "timestamp": "Thu May 21 13:41:55 UTC 2026",
                "relatedAccountId": 283
            }
        ]
    }
]
Request method:	GET
Request URI:	http://host.docker.internal:4115/api/v1/accounts/283/transactions
Proxy:			<none>
Request params:	<none>
Query params:	<none>
Form params:	<none>
Path params:	accountId=283
Headers:		Accept=application/json, application/javascript, text/javascript, text/json
				Authorization=Basic NnEzYzJlS09lOXFEOnRwZHRTREUwNTklJg==
				Content-Type=application/json
Cookies:		<none>
Multiparts:		<none>
Body:			<none>
HTTP/1.1 200 
Vary: Origin
Vary: Access-Control-Request-Method
Vary: Access-Control-Request-Headers
X-Content-Type-Options: nosniff
X-XSS-Protection: 0
Cache-Control: no-cache, no-store, max-age=0, must-revalidate
Pragma: no-cache
Expires: 0
X-Frame-Options: DENY
Content-Type: application/json
Transfer-Encoding: chunked
Date: Thu, 21 May 2026 13:41:54 GMT
Keep-Alive: timeout=60
Connection: keep-alive

[
    {
        "id": 191,
        "amount": 0.01,
        "type": "TRANSFER_OUT",
        "timestamp": "Thu May 21 13:41:55 UTC 2026",
        "relatedAccountId": 284
    },
    {
        "id": 190,
        "amount": 0.01,
        "type": "DEPOSIT",
        "timestamp": "Thu May 21 13:41:55 UTC 2026",
        "relatedAccountId": 283
    }
]
Request method:	GET
Request URI:	http://host.docker.internal:4115/api/v1/accounts/284/transactions
Proxy:			<none>
Request params:	<none>
Query params:	<none>
Form params:	<none>
Path params:	accountId=284
Headers:		Accept=application/json, application/javascript, text/javascript, text/json
				Authorization=Basic NnEzYzJlS09lOXFEOnRwZHRTREUwNTklJg==
				Content-Type=application/json
Cookies:		<none>
Multiparts:		<none>
Body:			<none>
HTTP/1.1 200 
Vary: Origin
Vary: Access-Control-Request-Method
Vary: Access-Control-Request-Headers
X-Content-Type-Options: nosniff
X-XSS-Protection: 0
Cache-Control: no-cache, no-store, max-age=0, must-revalidate
Pragma: no-cache
Expires: 0
X-Frame-Options: DENY
Content-Type: application/json
Transfer-Encoding: chunked
Date: Thu, 21 May 2026 13:41:54 GMT
Keep-Alive: timeout=60
Connection: keep-alive

[
    {
        "id": 192,
        "amount": 0.01,
        "type": "TRANSFER_IN",
        "timestamp": "Thu May 21 13:41:55 UTC 2026",
        "relatedAccountId": 283
    }
]
]]></system-out>
  </testcase>
</testsuite>