<?xml version="1.0" encoding="UTF-8"?>
<testsuite xmlns:xsi="http://www.w3.org/2001/XMLSchema-instance" xsi:noNamespaceSchemaLocation="https://maven.apache.org/surefire/maven-surefire-plugin/xsd/surefire-test-report-3.0.xsd" version="3.0" name="api.iteration1.CreateAccountTest" time="0.521" tests="1" errors="0" skipped="0" failures="0">
  <properties>
[...]
</properties>
  <testcase name="userCanCreateAccountTest" classname="api.iteration1.CreateAccountTest" time="0.52">
    <system-out><![CDATA[Request method:	POST
Request URI:	http://host.docker.internal:4115/api/v1/admin/users
Proxy:			<none>
Request params:	<none>
Query params:	<none>
Form params:	<none>
Path params:	<none>
Headers:		Accept=application/json, application/javascript, text/javascript, text/json
				Authorization=Basic YWRtaW46YWRtaW4=
				Content-Type=application/json
Cookies:		<none>
Multiparts:		<none>
Body:
{
    "username": "qtFv7WUhA3qwN6",
    "password": "fzsjVCV687&$",
    "role": "USER"
}
HTTP/1.1 201 
Vary: Origin
Vary: Access-Control-Request-Method
Vary: Access-Control-Request-Headers
Authorization: Basic cXRGdjdXVWhBM3F3TjY6ZnpzalZDVjY4NyYk
X-Content-Type-Options: nosniff
X-XSS-Protection: 0
Cache-Control: no-cache, no-store, max-age=0, must-revalidate
Pragma: no-cache
Expires: 0
X-Frame-Options: DENY
Content-Type: application/json
Transfer-Encoding: chunked
Date: Thu, 21 May 2026 13:41:58 GMT
Keep-Alive: timeout=60
Connection: keep-alive

{
    "id": 325,
    "username": "qtFv7WUhA3qwN6",
    "password": "$2a$10$yAl73PVy.8MQhA5qcPelEe.CJ8r7dBSqnKrEzVfJpd1STLyN6/T/6",
    "name": null,
    "role": "USER",
    "accounts": [
        
    ]
}
Request method:	POST
Request URI:	http://host.docker.internal:4115/api/v1/auth/login
Proxy:			<none>
Request params:	<none>
Query params:	<none>
Form params:	<none>
Path params:	<none>
Headers:		Accept=application/json, application/javascript, text/javascript, text/json
				Content-Type=application/json
Cookies:		<none>
Multiparts:		<none>
Body:
{
    "username": "qtFv7WUhA3qwN6",
    "password": "fzsjVCV687&$",
    "role": null
}
HTTP/1.1 200 
Vary: Origin
Vary: Access-Control-Request-Method
Vary: Access-Control-Request-Headers
Authorization: Basic cXRGdjdXVWhBM3F3TjY6ZnpzalZDVjY4NyYk
X-Content-Type-Options: nosniff
X-XSS-Protection: 0
Cache-Control: no-cache, no-store, max-age=0, must-revalidate
Pragma: no-cache
Expires: 0
X-Frame-Options: DENY
Content-Type: application/json
Transfer-Encoding: chunked
Date: Thu, 21 May 2026 13:41:58 GMT
Keep-Alive: timeout=60
Connection: keep-alive

{
    "role": "USER",
    "username": "qtFv7WUhA3qwN6"
}
Request method:	POST
Request URI:	http://host.docker.internal:4115/api/v1/accounts
Proxy:			<none>
Request params:	<none>
Query params:	<none>
Form params:	<none>
Path params:	<none>
Headers:		Accept=application/json, application/javascript, text/javascript, text/json
				Authorization=Basic cXRGdjdXVWhBM3F3TjY6ZnpzalZDVjY4NyYk
				Content-Type=application/json
Cookies:		<none>
Multiparts:		<none>
Body:
HTTP/1.1 201 
Vary: Origin
Vary: Access-Control-Request-Method
Vary: Access-Control-Request-Headers
X-Content-Type-Options: nosniff
X-XSS-Protection: 0
Cache-Control: no-cache, no-store, max-age=0, must-revalidate
Pragma: no-cache
Expires: 0
X-Frame-Options: DENY
Content-Type: application/json
Transfer-Encoding: chunked
Date: Thu, 21 May 2026 13:41:58 GMT
Keep-Alive: timeout=60
Connection: keep-alive

{
    "id": 285,
    "accountNumber": "ACC285",
    "balance": 0.0,
    "transactions": [
        
    ]
}
Request method:	GET
Request URI:	http://host.docker.internal:4115/api/v1/customer/accounts
Proxy:			<none>
Request params:	<none>
Query params:	<none>
Form params:	<none>
Path params:	<none>
Headers:		Accept=application/json, application/javascript, text/javascript, text/json
				Authorization=Basic cXRGdjdXVWhBM3F3TjY6ZnpzalZDVjY4NyYk
				Content-Type=application/json
Cookies:		<none>
Multiparts:		<none>
Body:			<none>
HTTP/1.1 200 
Vary: Origin
Vary: Access-Control-Request-Method
Vary: Access-Control-Request-Headers
X-Content-Type-Options: nosniff
X-XSS-Protection: 0
Cache-Control: no-cache, no-store, max-age=0, must-revalidate
Pragma: no-cache
Expires: 0
X-Frame-Options: DENY
Content-Type: application/json
Transfer-Encoding: chunked
Date: Thu, 21 May 2026 13:41:58 GMT
Keep-Alive: timeout=60
Connection: keep-alive

[
    {
        "id": 285,
        "accountNumber": "ACC285",
        "balance": 0.0,
        "transactions": [
            
        ]
    }
]
]]></system-out>
  </testcase>
</testsuite>