<?xml version="1.0" encoding="UTF-8"?>
<testsuite xmlns:xsi="http://www.w3.org/2001/XMLSchema-instance" xsi:noNamespaceSchemaLocation="https://maven.apache.org/surefire/maven-surefire-plugin/xsd/surefire-test-report-3.0.xsd" version="3.0" name="api.iteration1.CreateUserTest" time="2.55" tests="6" errors="0" skipped="0" failures="0">
  <properties>
[...]
</properties>
  <testcase name="adminCantCreateUserTest(String, String, String, String, String)[1]" classname="api.iteration1.CreateUserTest" time="0.854">
    <system-out><![CDATA[Request method:	POST
Request URI:	http://host.docker.internal:4115/api/v1/admin/users
Proxy:			<none>
Request params:	<none>
Query params:	<none>
Form params:	<none>
Path params:	<none>
Headers:		Accept=application/json, application/javascript, text/javascript, text/json
				Authorization=Basic YWRtaW46YWRtaW4=
				Content-Type=application/json
Cookies:		<none>
Multiparts:		<none>
Body:
{
    "username": "   ",
    "password": "Password33$",
    "role": "USER"
}
HTTP/1.1 400 
Vary: Origin
Vary: Access-Control-Request-Method
Vary: Access-Control-Request-Headers
X-Content-Type-Options: nosniff
X-XSS-Protection: 0
Cache-Control: no-cache, no-store, max-age=0, must-revalidate
Pragma: no-cache
Expires: 0
X-Frame-Options: DENY
Content-Type: application/json
Transfer-Encoding: chunked
Date: Thu, 21 May 2026 13:41:55 GMT
Connection: close

{
    "username": [
        "Username cannot be blank",
        "Username must contain only letters, digits, dashes, underscores, and dots"
    ]
}
]]></system-out>
  </testcase>
  <testcase name="adminCantCreateUserTest(String, String, String, String, String)[2]" classname="api.iteration1.CreateUserTest" time="0.139">
    <system-out><![CDATA[Request method:	POST
Request URI:	http://host.docker.internal:4115/api/v1/admin/users
Proxy:			<none>
Request params:	<none>
Query params:	<none>
Form params:	<none>
Path params:	<none>
Headers:		Accept=application/json, application/javascript, text/javascript, text/json
				Authorization=Basic YWRtaW46YWRtaW4=
				Content-Type=application/json
Cookies:		<none>
Multiparts:		<none>
Body:
{
    "username": "ab",
    "password": "Password33$",
    "role": "USER"
}
HTTP/1.1 400 
Vary: Origin
Vary: Access-Control-Request-Method
Vary: Access-Control-Request-Headers
X-Content-Type-Options: nosniff
X-XSS-Protection: 0
Cache-Control: no-cache, no-store, max-age=0, must-revalidate
Pragma: no-cache
Expires: 0
X-Frame-Options: DENY
Content-Type: application/json
Transfer-Encoding: chunked
Date: Thu, 21 May 2026 13:41:55 GMT
Connection: close

{
    "username": [
        "Username must be between 3 and 15 characters"
    ]
}
]]></system-out>
  </testcase>
  <testcase name="adminCantCreateUserTest(String, String, String, String, String)[3]" classname="api.iteration1.CreateUserTest" time="0.119">
    <system-out><![CDATA[Request method:	POST
Request URI:	http://host.docker.internal:4115/api/v1/admin/users
Proxy:			<none>
Request params:	<none>
Query params:	<none>
Form params:	<none>
Path params:	<none>
Headers:		Accept=application/json, application/javascript, text/javascript, text/json
				Authorization=Basic YWRtaW46YWRtaW4=
				Content-Type=application/json
Cookies:		<none>
Multiparts:		<none>
Body:
{
    "username": "abc$",
    "password": "Password33$",
    "role": "USER"
}
HTTP/1.1 400 
Vary: Origin
Vary: Access-Control-Request-Method
Vary: Access-Control-Request-Headers
X-Content-Type-Options: nosniff
X-XSS-Protection: 0
Cache-Control: no-cache, no-store, max-age=0, must-revalidate
Pragma: no-cache
Expires: 0
X-Frame-Options: DENY
Content-Type: application/json
Transfer-Encoding: chunked
Date: Thu, 21 May 2026 13:41:55 GMT
Connection: close

{
    "username": [
        "Username must contain only letters, digits, dashes, underscores, and dots"
    ]
}
]]></system-out>
  </testcase>
  <testcase name="adminCantCreateUserTest(String, String, String, String, String)[4]" classname="api.iteration1.CreateUserTest" time="0.109">
    <system-out><![CDATA[Request method:	POST
Request URI:	http://host.docker.internal:4115/api/v1/admin/users
Proxy:			<none>
Request params:	<none>
Query params:	<none>
Form params:	<none>
Path params:	<none>
Headers:		Accept=application/json, application/javascript, text/javascript, text/json
				Authorization=Basic YWRtaW46YWRtaW4=
				Content-Type=application/json
Cookies:		<none>
Multiparts:		<none>
Body:
{
    "username": "abc%",
    "password": "Password33$",
    "role": "USER"
}
HTTP/1.1 400 
Vary: Origin
Vary: Access-Control-Request-Method
Vary: Access-Control-Request-Headers
X-Content-Type-Options: nosniff
X-XSS-Protection: 0
Cache-Control: no-cache, no-store, max-age=0, must-revalidate
Pragma: no-cache
Expires: 0
X-Frame-Options: DENY
Content-Type: application/json
Transfer-Encoding: chunked
Date: Thu, 21 May 2026 13:41:56 GMT
Connection: close

{
    "username": [
        "Username must contain only letters, digits, dashes, underscores, and dots"
    ]
}
]]></system-out>
  </testcase>
  <testcase name="adminCantCreateUserTest(String, String, String, String, String)[5]" classname="api.iteration1.CreateUserTest" time="0.13">
    <system-out><![CDATA[Request method:	POST
Request URI:	http://host.docker.internal:4115/api/v1/admin/users
Proxy:			<none>
Request params:	<none>
Query params:	<none>
Form params:	<none>
Path params:	<none>
Headers:		Accept=application/json, application/javascript, text/javascript, text/json
				Authorization=Basic YWRtaW46YWRtaW4=
				Content-Type=application/json
Cookies:		<none>
Multiparts:		<none>
Body:
{
    "username": "фыфывФЫВЫФВ1",
    "password": "Password33$",
    "role": "USER"
}
HTTP/1.1 400 
Vary: Origin
Vary: Access-Control-Request-Method
Vary: Access-Control-Request-Headers
X-Content-Type-Options: nosniff
X-XSS-Protection: 0
Cache-Control: no-cache, no-store, max-age=0, must-revalidate
Pragma: no-cache
Expires: 0
X-Frame-Options: DENY
Content-Type: application/json
Transfer-Encoding: chunked
Date: Thu, 21 May 2026 13:41:56 GMT
Connection: close

{
    "username": [
        "Username must contain only letters, digits, dashes, underscores, and dots"
    ]
}
]]></system-out>
  </testcase>
  <testcase name="adminCanCreateUserTest" classname="api.iteration1.CreateUserTest" time="1.183">
    <system-out><![CDATA[Request method:	POST
Request URI:	http://host.docker.internal:4115/api/v1/admin/users
Proxy:			<none>
Request params:	<none>
Query params:	<none>
Form params:	<none>
Path params:	<none>
Headers:		Accept=application/json, application/javascript, text/javascript, text/json
				Authorization=Basic YWRtaW46YWRtaW4=
				Content-Type=application/json
Cookies:		<none>
Multiparts:		<none>
Body:
{
    "username": "OdrbiWsOVT3j",
    "password": "hstcRAQ669%%",
    "role": "USER"
}
HTTP/1.1 201 
Vary: Origin
Vary: Access-Control-Request-Method
Vary: Access-Control-Request-Headers
Authorization: Basic T2RyYmlXc09WVDNqOmhzdGNSQVE2NjklJQ==
X-Content-Type-Options: nosniff
X-XSS-Protection: 0
Cache-Control: no-cache, no-store, max-age=0, must-revalidate
Pragma: no-cache
Expires: 0
X-Frame-Options: DENY
Content-Type: application/json
Transfer-Encoding: chunked
Date: Thu, 21 May 2026 13:41:56 GMT
Keep-Alive: timeout=60
Connection: keep-alive

{
    "id": 324,
    "username": "OdrbiWsOVT3j",
    "password": "$2a$10$ebfAZBJzGT8hmcKPbRUuA.Ao4tqwvoOso2evUJeobFWjI1/KkK5K.",
    "name": null,
    "role": "USER",
    "accounts": [
        
    ]
}
Request method:	GET
Request URI:	http://host.docker.internal:4115/api/v1/admin/users
Proxy:			<none>
Request params:	<none>
Query params:	<none>
Form params:	<none>
Path params:	<none>
Headers:		Accept=application/json, application/javascript, text/javascript, text/json
				Authorization=Basic YWRtaW46YWRtaW4=
				Content-Type=application/json
Cookies:		<none>
Multiparts:		<none>
Body:			<none>
HTTP/1.1 200 
Vary: Origin
Vary: Access-Control-Request-Method
Vary: Access-Control-Request-Headers
X-Content-Type-Options: nosniff
X-XSS-Protection: 0
Cache-Control: no-cache, no-store, max-age=0, must-revalidate
Pragma: no-cache
Expires: 0
X-Frame-Options: DENY
Content-Type: application/json
Transfer-Encoding: chunked
Date: Thu, 21 May 2026 13:41:56 GMT
Keep-Alive: timeout=60
Connection: keep-alive

[
    {
        "id": 1,
        "username": "kate1998",
        "password": "$2a$10$iKtz323MSDgKTvfz9QX02OpeIZFsjvPrKT6KNFLlOvl0uMKAzIIbO",
        "name": null,
        "role": "USER",
        "accounts": [
            
        ]
    },
    {
        "id": 2,
        "username": "DfPn",
        "password": "$2a$10$ZKGU4CUKgnv19dJJdB3vZOwYrggDvtPE5MFNIhazycEWuAb4AGHXC",
        "name": null,
        "role": "USER",
        "accounts": [
            
        ]
    },
    {
        "id": 3,
        "username": "7ZqvoiTDvmA",
        "password": "$2a$10$P9fBrkWiPKM8AjIJ6lRPCOgDA8q42Fh8GuF7A8iPhNvxKL9lAXjBC",
        "name": null,
        "role": "USER",
        "accounts": [
            
        ]
    },
    {
        "id": 4,
        "username": "zXi",
        "password": "$2a$10$rl8wZUjOcL6IqV3mWSxfZuvxtApu2PucBaG8gXoq9pWS3.0ccwZv6",
        "name": null,
        "role": "USER",
        "accounts": [
            
        ]
    },
    {
        "id": 5,
        "username": "WCYuau2OLVQSLd2",
        "password": "$2a$10$ixI4zaDXrst1WZfUSuNqUeRlPwMtB.k7P5K7Sk7H8eAetlKTIq55e",
        "name": null,
        "role": "USER",
        "accounts": [
            
        ]
    },
    {
        "id": 6,
        "username": "Ex6zc",
        "password": "$2a$10$v9HiLlWcmQB482cOluNXyOum/WXoWapEDPL3dKYX6nrLukvJINl1S",
        "name": null,
        "role": "USER",
        "accounts": [
            
        ]
    },
    {
        "id": 7,
        "username": "c9xy",
        "password": "$2a$10$WboYEQb0pNettM9ioCFIGeYuAWxFzgfwjK/Ot4Q1j5Kg6MIxLZtui",
        "name": null,
        "role": "USER",
        "accounts": [
            
        ]
    },
    {
        "id": 8,
        "username": "47Y5C",
        "password": "$2a$10$e0HklWg/jKLBVsarw82R2.YrdmTb641qN48YLWjQm/1i0mnOynfpG",
        "name": null,
        "role": "USER",
        "accounts": [
            {
                "id": 1,
                "accountNumber": "ACC1",
                "balance": 5000.0,
                "transactions": [
                    {
                        "id": 1,
                        "amount": 5000.0,
                        "type": "DEPOSIT",
                        "timestamp": "Sun May 17 17:13:10 UTC 2026",
                        "relatedAccountId": 1
                    }
                ]
            }
        ]
    },
    {
        "id": 9,
        "username": "qvwQHfI8vDkp",
        "password": "$2a$10$wQ/b5dHHj3S/o4yODhlteerqU11LeDdW2gRfwCPGYET1zMZN44Fa.",
        "name": null,
        "role": "USER",
        "accounts": [
            
        ]
    },
    {
        "id": 10,
        "username": "HzCsD1oRZRV1Ew4",
        "password": "$2a$10$/dzd7wNU7ceTF4nDe.7qfuXer6ojj2xPr6v2Nav7eoS1FfnRLpnDe",
        "name": null,
        "role": "USER",
        "accounts": [
            {
                "id": 2,
                "accountNumber": "ACC2",
                "balance": 0.0,
                "transactions": [
                    
                ]
            }
        ]
    },
    {
        "id": 11,
        "username": "J2rl0EXTPsA6M",
        "password": "$2a$10$9ZQPOTjv2fgt3QlWUzKJbeW4hapm1D8wa5jazVofdOb8xrTT6KreC",
        "name": null,
        "role": "USER",
        "accounts": [
            {
                "id": 3,
                "accountNumber": "ACC3",
                "balance": 3373.82,
                "transactions": [
                    {
                        "id": 2,
                        "amount": 3373.82,
                        "type": "DEPOSIT",
                        "timestamp": "Sun May 17 17:13:15 UTC 2026",
                        "relatedAccountId": 3
                    }
                ]
            }
        ]
    },
    {
        "id": 12,
        "username": "0MU8qVDyyxkQDm",
        "password": "$2a$10$GUFahHftSEqiCCtkSyzSyOSF3NsOj6UCdmcFh08ANfgx8HiH3ieWO",
        "name": null,
        "role": "USER",
        "accounts": [
            {
                "id": 4,
                "accountNumber": "ACC4",
                "balance": 0.01,
                "transactions": [
                    {
                        "id": 3,
                        "amount": 0.01,
                        "type": "DEPOSIT",
                        "timestamp": "Sun May 17 17:13:16 UTC 2026",
                        "relatedAccountId": 4
                    }
                ]
            }
        ]
    },
    {
        "id": 13,
        "username": "T3szknf5",
        "password": "$2a$10$/W1bAUuq4REG4X6ePCL/be9FnL5gSO0iseCJMyLc6KGttAE2gwqU6",
        "name": null,
        "role": "USER",
        "accounts": [
            {
                "id": 5,
                "accountNumber": "ACC5",
                "balance": 0.0,
                "transactions": [
                    
                ]
            }
        ]
    },
    {
        "id": 14,
        "username": "j1Z3K6HZ",
        "password": "$2a$10$Uw2h9zT82UVZF16BeJPd1.ITQIDj0hcq/tqEz/4IInTJj1vg316ri",
        "name": null,
        "role": "USER",
        "accounts": [
            {
                "id": 6,
                "accountNumber": "ACC6",
                "balance": 0.0,
                "transactions": [
                    
                ]
            }
        ]
    },
    {
        "id": 15,
        "username": "opvQamfccSyj",
        "password": "$2a$10$T6KaCBMSJw33ooNajQ5tNOmsZMqmyL19PqO4NVjhvnwx8QGtT6SH.",
        "name": null,
        "role": "USER",
        "accounts": [
            {
                "id": 7,
                "accountNumber": "ACC7",
                "balance": 0.0,
                "transactions": [
                    
                ]
            }
        ]
    },
    {
        "id": 16,
        "username": "tIdEVq",
        "password": "$2a$10$3VQDMDhHpdZrcYawYQDRL.UlksBIc3EoiP/VZBRA4D5OJHgVSAFBC",
        "name": null,
        "role": "USER",
        "accounts": [
            {
                "id": 8,
                "accountNumber": "ACC8",
                "balance": 0.0,
                "transactions": [
                    {
                        "id": 5,
                        "amount": 1760.81,
                        "type": "TRANSFER_OUT",
                        "timestamp": "Sun May 17 17:13:21 UTC 2026",
                        "relatedAccountId": 9
                    },
                    {
                        "id": 4,
                        "amount": 1760.81,
                        "type": "DEPOSIT",
                        "timestamp": "Sun May 17 17:13:21 UTC 2026",
                        "relatedAccountId": 8
                    }
                ]
            }
        ]
    },
    {
        "id": 17,
        "username": "7LKmff1Wm9",
        "password": "$2a$10$ZVCPo5Lr./gj.1g2DCIy6upLwKJqNnFhNjfh.HpIDnp9suZl1TzMS",
        "name": null,
        "role": "USER",
        "accounts": [
            {
                "id": 9,
                "accountNumber": "ACC9",
                "balance": 1760.81,
                "transactions": [
                    {
                        "id": 6,
                        "amount": 1760.81,
                        "type": "TRANSFER_IN",
                        "timestamp": "Sun May 17 17:13:21 UTC 2026",
                        "relatedAccountId": 8
                    }
                ]
            }
        ]
    },
    {
        "id": 18,
        "username": "vKfVdDFMvGgqG",
        "password": "$2a$10$LQyrWVQcdQLiG9nLDoYjZO.Qup8/9ccv2IfejMcj52RraQ5TFlmJu",
        "name": null,
        "role": "USER",
        "accounts": [
            {
                "id": 10,
                "accountNumber": "ACC10",
                "balance": 0.0,
                "transactions": [
                    {
                        "id": 7,
                        "amount": 3001.02,
                        "type": "DEPOSIT",
                        "timestamp": "Sun May 17 17:13:24 UTC 2026",
                        "relatedAccountId": 10
                    },
                    {
                        "id": 8,
                        "amount": 3001.02,
                        "type": "TRANSFER_OUT",
                        "timestamp": "Sun May 17 17:13:24 UTC 2026",
                        "relatedAccountId": 11
                    }
                ]
            },
            {
                "id": 11,
                "accountNumber": "ACC11",
                "balance": 3001.02,
                "transactions": [
                    {
                        "id": 9,
                        "amount": 3001.02,
                        "type": "TRANSFER_IN",
                        "timestamp": "Sun May 17 17:13:24 UTC 2026",
                        "relatedAccountId": 10
                    }
                ]
            }
        ]
    },
    {
        "id": 19,
        "username": "EklA44ls1USs0",
        "password": "$2a$10$uUhekpo7PFz8PeHzvUFdoexwqwFgmevqe5SyXnlDQDnQDv12V1nwS",
        "name": null,
        "role": "USER",
        "accounts": [
            {
                "id": 12,
                "accountNumber": "ACC12",
                "balance": 0.0,
                "transactions": [
                    {
                        "id": 12,
                        "amount": 10000.0,
                        "type": "TRANSFER_OUT",
                        "timestamp": "Sun May 17 17:13:27 UTC 2026",
                        "relatedAccountId": 13
                    },
                    {
                        "id": 11,
                        "amount": 5000.0,
                        "type": "DEPOSIT",
                        "timestamp": "Sun May 17 17:13:27 UTC 2026",
                        "relatedAccountId": 12
                    },
                    {
                        "id": 10,
                        "amount": 5000.0,
                        "type": "DEPOSIT",
                        "timestamp": "Sun May 17 17:13:26 UTC 2026",
                        "relatedAccountId": 12
                    }
                ]
            },
            {
                "id": 13,
                "accountNumber": "ACC13",
                "balance": 10000.0,
                "transactions": [
                    {
                        "id": 13,
                        "amount": 10000.0,
                        "type": "TRANSFER_IN",
                        "timestamp": "Sun May 17 17:13:27 UTC 2026",
                        "relatedAccountId": 12
                    }
                ]
            }
        ]
    },
    {
        "id": 20,
        "username": "84EOT",
        "password": "$2a$10$fklpwNCMHjoE3H15FHPRze25ZePaWebz2oafdKsoVifbqGte1zuZS",
        "name": null,
        "role": "USER",
        "accounts": [
            {
                "id": 15,
                "accountNumber": "ACC15",
                "balance": 0.0,
                "transactions": [
                    
                ]
            },
            {
                "id": 14,
                "accountNumber": "ACC14",
                "balance": 0.0,
                "transactions": [
                    
                ]
            }
        ]
    },
    {
        "id": 21,
        "username": "UPMn18yTKFQ0rV",
        "password": "$2a$10$aKuFE/B3NjtZffjk7x4aCOnGUTpwM6O2lrK53Svc2k9T6quGmQ0pu",
        "name": null,
        "role": "USER",
        "accounts": [
            {
                "id": 17,
                "accountNumber": "ACC17",
                "balance": 0.0,
                "transactions": [
                    
                ]
            },
            {
                "id": 16,
                "accountNumber": "ACC16",
                "balance": 0.0,
                "transactions": [
                    
                ]
            }
        ]
    },
    {
        "id": 22,
        "username": "A7G5Spz0cI3b",
        "password": "$2a$10$oX0YWlmFMoGnLyRilqT0COs/Vc6TjkyckyMstLdLeZ.q3svMNK8E2",
        "name": null,
        "role": "USER",
        "accounts": [
            {
                "id": 18,
                "accountNumber": "ACC18",
                "balance": 0.0,
                "transactions": [
                    
                ]
            },
            {
                "id": 19,
                "accountNumber": "ACC19",
                "balance": 0.0,
                "transactions": [
                    
                ]
            }
        ]
    },
    {
        "id": 23,
        "username": "JOou04",
        "password": "$2a$10$jp/GF6X6S0nZWJqWPCnmzeGYkdt.1QwSem0RXXoRfEOVV3AyiT51i",
        "name": null,
        "role": "USER",
        "accounts": [
            {
                "id": 21,
                "accountNumber": "ACC21",
                "balance": 0.0,
                "transactions": [
                    
                ]
            },
            {
                "id": 20,
                "accountNumber": "ACC20",
                "balance": 0.0,
                "transactions": [
                    
                ]
            }
        ]
    },
    {
        "id": 24,
        "username": "vlOtrtPUweA",
        "password": "$2a$10$ki6ashPaXELFGGF69MvBjOWwGwBJkLtrjD6SZ6QwFaVjMHSfz2TnS",
        "name": null,
        "role": "USER",
        "accounts": [
            {
                "id": 22,
                "accountNumber": "ACC22",
                "balance": 0.0,
                "transactions": [
                    {
                        "id": 14,
                        "amount": 0.01,
                        "type": "DEPOSIT",
                        "timestamp": "Sun May 17 17:13:35 UTC 2026",
                        "relatedAccountId": 22
                    },
                    {
                        "id": 15,
                        "amount": 0.01,
                        "type": "TRANSFER_OUT",
                        "timestamp": "Sun May 17 17:13:35 UTC 2026",
                        "relatedAccountId": 23
                    }
                ]
            },
            {
                "id": 23,
                "accountNumber": "ACC23",
                "balance": 0.01,
                "transactions": [
                    {
                        "id": 16,
                        "amount": 0.01,
                        "type": "TRANSFER_IN",
                        "timestamp": "Sun May 17 17:13:35 UTC 2026",
                        "relatedAccountId": 22
                    }
                ]
            }
        ]
    },
    {
        "id": 25,
        "username": "UQSyNm3iM0Z",
        "password": "$2a$10$vacRACyCwUwM5vTlPosq.OvcwnNNkavTW4kERUIoq/9vHmtv9MqeG",
        "name": "WZmKJ qJBJ",
        "role": "USER",
        "accounts": [
            
        ]
    },
    {
        "id": 26,
        "username": "DHXMz",
        "password": "$2a$10$1OhD0VD8Mgv0H7dx/JhpeuwtrnO0Vk2DE/tiCYF4FRlhCvkjlaMmG",
        "name": null,
        "role": "USER",
        "accounts": [
            
        ]
    },
    {
        "id": 27,
        "username": "Il7vMDnUeJVs",
        "password": "$2a$10$MImIjmD0LOLb/3a3jfG6bOeHt7NCwXf6YtDZ.V.yoA4wR/A/3QLgO",
        "name": null,
        "role": "USER",
        "accounts": [
            
        ]
    },
    {
        "id": 28,
        "username": "SkSqwVVaCJW",
        "password": "$2a$10$MR4XYujT072r23OPJMWfleV/IV3g67673l9SwOkNs1nq3EN4uTgwu",
        "name": null,
        "role": "USER",
        "accounts": [
            
        ]
    },
    {
        "id": 29,
        "username": "Xov7ihoH9XY",
        "password": "$2a$10$AZbBx550jBZ55o98PaXyzO4X8waenKg6N2Kei26DsLJd8K.sreZnW",
        "name": null,
        "role": "USER",
        "accounts": [
            
        ]
    },
    {
        "id": 30,
        "username": "bbQZKlYfA0LtDR",
        "password": "$2a$10$390Plb8dQkA7bW9PbGcaH.rrlYmLGOYjajZBdzBwPGTGI2/Ng1Mi.",
        "name": null,
        "role": "USER",
        "accounts": [
            
        ]
    },
    {
        "id": 31,
        "username": "HbbiE855le3Up",
        "password": "$2a$10$8IRGd2jvexOYSwmitU.g6u1VtShUv27Gp2lYB9AV7QmpXiy.vlILa",
        "name": null,
        "role": "USER",
        "accounts": [
            
        ]
    },
    {
        "id": 32,
        "username": "cKqcrg",
        "password": "$2a$10$PoQbdJflZDuIy.rD3zayI.WwQDmqyPd0SPXh6hDxna65GqCf48eZS",
        "name": null,
        "role": "USER",
        "accounts": [
            
        ]
    },
    {
        "id": 33,
        "username": "RqF7m3rqrZqt",
        "password": "$2a$10$N1bXphXGgpIjf/31P26FNuZunS9bqyNh8oaZ9zTNac3GmoL2836gW",
        "name": null,
        "role": "USER",
        "accounts": [
            
        ]
    },
    {
        "id": 34,
        "username": "aoNirCj",
        "password": "$2a$10$6Mm9dnDTrdbGaHhG1UczruuMYgJzUQGp16ei/lI9cmdFeTl1eOWlG",
        "name": null,
        "role": "USER",
        "accounts": [
            {
                "id": 24,
                "accountNumber": "ACC24",
                "balance": 0.0,
                "transactions": [
                    
                ]
            }
        ]
    },
    {
        "id": 35,
        "username": "1Zok7",
        "password": "$2a$10$onXZtmKdLvuj39eoq6iIqeagPacxs3f.XPvNXCF5/kzK1RA6jfNYK",
        "name": null,
        "role": "USER",
        "accounts": [
            
        ]
    },
    {
        "id": 36,
        "username": "XyKY",
        "password": "$2a$10$pHY7Ut7O/CJuWGwdalVwk.fsjY/JqindI/eRteDNYDUMEXcgVyuJm",
        "name": null,
        "role": "USER",
        "accounts": [
            
        ]
    },
    {
        "id": 37,
        "username": "OAhfLhEXes2FmMn",
        "password": "$2a$10$m5fIhdGDfgS/tJ9ag/c6iOJCg8sgPYEttgILei0e.v0juymyji.em",
        "name": null,
        "role": "USER",
        "accounts": [
            {
                "id": 25,
                "accountNumber": "ACC25",
                "balance": 5000.0,
                "transactions": [
                    {
                        "id": 17,
                        "amount": 5000.0,
                        "type": "DEPOSIT",
                        "timestamp": "Sun May 17 17:23:36 UTC 2026",
                        "relatedAccountId": 25
                    }
                ]
            }
        ]
    },
    {
        "id": 38,
        "username": "FYlMJ4O87",
        "password": "$2a$10$T5UbsEzmQSuVoXeqm8ySOeazoz1C.2guj7TrDEsqxbAf/sqXT7n3e",
        "name": null,
        "role": "USER",
        "accounts": [
            {
                "id": 26,
                "accountNumber": "ACC26",
                "balance": 4135.74,
                "transactions": [
                    {
                        "id": 18,
                        "amount": 4135.74,
                        "type": "DEPOSIT",
                        "timestamp": "Sun May 17 17:23:41 UTC 2026",
                        "relatedAccountId": 26
                    }
                ]
            }
        ]
    },
    {
        "id": 39,
        "username": "647mG",
        "password": "$2a$10$p3E6ouh/AbOEqGkdlbRu0eQvQtDmlXPhsvVTKM.Cp0Tryt2wDjOu6",
        "name": null,
        "role": "USER",
        "accounts": [
            {
                "id": 27,
                "accountNumber": "ACC27",
                "balance": 0.01,
                "transactions": [
                    {
                        "id": 19,
                        "amount": 0.01,
                        "type": "DEPOSIT",
                        "timestamp": "Sun May 17 17:23:42 UTC 2026",
                        "relatedAccountId": 27
                    }
                ]
            }
        ]
    },
    {
        "id": 40,
        "username": "LRW9P9V",
        "password": "$2a$10$n2t4gWz4CD8drRpOTuttt.wWAoFZzIHD2wivMGUv364mx/WJIHKAG",
        "name": null,
        "role": "USER",
        "accounts": [
            {
                "id": 28,
                "accountNumber": "ACC28",
                "balance": 0.0,
                "transactions": [
                    
                ]
            }
        ]
    },
    {
        "id": 41,
        "username": "S4GZ",
        "password": "$2a$10$LFjnRGPzZ7do3UIEqXtS2.JLDlh55l6SYrDA4tdYxpFl4JAPT7AKK",
        "name": null,
        "role": "USER",
        "accounts": [
            {
                "id": 29,
                "accountNumber": "ACC29",
                "balance": 0.0,
                "transactions": [
                    
                ]
            }
        ]
    },
    {
        "id": 42,
        "username": "ODOYrB",
        "password": "$2a$10$2HFSMyf1LFioVcRnr1jhk.MSKgZXznI7WmzY94lDxn3Z7l7D2G.Tq",
        "name": null,
        "role": "USER",
        "accounts": [
            {
                "id": 30,
                "accountNumber": "ACC30",
                "balance": 0.0,
                "transactions": [
                    
                ]
            }
        ]
    },
    {
        "id": 43,
        "username": "2VtKXbeO",
        "password": "$2a$10$yoe1qRLPc6FaFUjz.rLQKeU7zBGK/.YkGfRggd8rfA32iozdM8uf6",
        "name": null,
        "role": "USER",
        "accounts": [
            {
                "id": 31,
                "accountNumber": "ACC31",
                "balance": 0.0,
                "transactions": [
                    {
                        "id": 20,
                        "amount": 388.19,
                        "type": "DEPOSIT",
                        "timestamp": "Sun May 17 17:23:46 UTC 2026",
                        "relatedAccountId": 31
                    },
                    {
                        "id": 21,
                        "amount": 388.19,
                        "type": "TRANSFER_OUT",
                        "timestamp": "Sun May 17 17:23:46 UTC 2026",
                        "relatedAccountId": 32
                    }
                ]
            }
        ]
    },
    {
        "id": 44,
        "username": "N37VBdt5",
        "password": "$2a$10$7hk00oB9mgeZhG7RiiNIau9quZOvBw6.VOSuEN2Mled41WEbTndQK",
        "name": null,
        "role": "USER",
        "accounts": [
            {
                "id": 32,
                "accountNumber": "ACC32",
                "balance": 388.19,
                "transactions": [
                    {
                        "id": 22,
                        "amount": 388.19,
                        "type": "TRANSFER_IN",
                        "timestamp": "Sun May 17 17:23:46 UTC 2026",
                        "relatedAccountId": 31
                    }
                ]
            }
        ]
    },
    {
        "id": 45,
        "username": "sdeUaeZhK",
        "password": "$2a$10$1wD.N5I6r3.87JkzJjtv0eF.csOCxrLPtnBNRtlGrWMYiiL4l00c.",
        "name": null,
        "role": "USER",
        "accounts": [
            {
                "id": 33,
                "accountNumber": "ACC33",
                "balance": 0.0,
                "transactions": [
                    {
                        "id": 23,
                        "amount": 1385.58,
                        "type": "DEPOSIT",
                        "timestamp": "Sun May 17 17:23:49 UTC 2026",
                        "relatedAccountId": 33
                    },
                    {
                        "id": 24,
                        "amount": 1385.58,
                        "type": "TRANSFER_OUT",
                        "timestamp": "Sun May 17 17:23:49 UTC 2026",
                        "relatedAccountId": 34
                    }
                ]
            },
            {
                "id": 34,
                "accountNumber": "ACC34",
                "balance": 1385.58,
                "transactions": [
                    {
                        "id": 25,
                        "amount": 1385.58,
                        "type": "TRANSFER_IN",
                        "timestamp": "Sun May 17 17:23:49 UTC 2026",
                        "relatedAccountId": 33
                    }
                ]
            }
        ]
    },
    {
        "id": 46,
        "username": "3jCwXup8QO2",
        "password": "$2a$10$WZu5fqCmU8K9rqk8shzs3eD/pxiljCNhBE9g9VKHhSjDRxXovqmUS",
        "name": null,
        "role": "USER",
        "accounts": [
            {
                "id": 35,
                "accountNumber": "ACC35",
                "balance": 0.0,
                "transactions": [
                    {
                        "id": 26,
                        "amount": 5000.0,
                        "type": "DEPOSIT",
                        "timestamp": "Sun May 17 17:23:51 UTC 2026",
                        "relatedAccountId": 35
                    },
                    {
                        "id": 27,
                        "amount": 5000.0,
                        "type": "DEPOSIT",
                        "timestamp": "Sun May 17 17:23:51 UTC 2026",
                        "relatedAccountId": 35
                    },
                    {
                        "id": 28,
                        "amount": 10000.0,
                        "type": "TRANSFER_OUT",
                        "timestamp": "Sun May 17 17:23:52 UTC 2026",
                        "relatedAccountId": 36
                    }
                ]
            },
            {
                "id": 36,
                "accountNumber": "ACC36",
                "balance": 10000.0,
                "transactions": [
                    {
                        "id": 29,
                        "amount": 10000.0,
                        "type": "TRANSFER_IN",
                        "timestamp": "Sun May 17 17:23:52 UTC 2026",
                        "relatedAccountId": 35
                    }
                ]
            }
        ]
    },
    {
        "id": 47,
        "username": "U1JHY",
        "password": "$2a$10$qFmh9QxdxJKdja4JTUP.f.Ge1x9DFFebH9a0ng.YZ/q5GIH1CaIyG",
        "name": null,
        "role": "USER",
        "accounts": [
            {
                "id": 37,
                "accountNumber": "ACC37",
                "balance": 0.0,
                "transactions": [
                    
                ]
            },
            {
                "id": 38,
                "accountNumber": "ACC38",
                "balance": 0.0,
                "transactions": [
                    
                ]
            }
        ]
    },
    {
        "id": 48,
        "username": "MfpDv4FfDtSD",
        "password": "$2a$10$Zjmmd842ppusHdaBBcT3k.j5lmHJzE5SzZqkFft71tpdAx7TrGdfG",
        "name": null,
        "role": "USER",
        "accounts": [
            {
                "id": 39,
                "accountNumber": "ACC39",
                "balance": 0.0,
                "transactions": [
                    
                ]
            },
            {
                "id": 40,
                "accountNumber": "ACC40",
                "balance": 0.0,
                "transactions": [
                    
                ]
            }
        ]
    },
    {
        "id": 49,
        "username": "bVGcN2uhtg",
        "password": "$2a$10$EKLj2qxNYVBKDIUF2cnHYeO08zB7TQsiW/blQmsbm81bgzWW.QJI2",
        "name": null,
        "role": "USER",
        "accounts": [
            {
                "id": 41,
                "accountNumber": "ACC41",
                "balance": 0.0,
                "transactions": [
                    
                ]
            },
            {
                "id": 42,
                "accountNumber": "ACC42",
                "balance": 0.0,
                "transactions": [
                    
                ]
            }
        ]
    },
    {
        "id": 50,
        "username": "YsdgqnosxX",
        "password": "$2a$10$fEbaKvE6wF8BVhBUI07nCudr3.cDKe1oRDVUuPTR0TcN.l4LC1hge",
        "name": null,
        "role": "USER",
        "accounts": [
            {
                "id": 43,
                "accountNumber": "ACC43",
                "balance": 0.0,
                "transactions": [
                    
                ]
            },
            {
                "id": 44,
                "accountNumber": "ACC44",
                "balance": 0.0,
                "transactions": [
                    
                ]
            }
        ]
    },
    {
        "id": 51,
        "username": "nbTCT5x",
        "password": "$2a$10$RktwWIS9vatpI4xc9F7kc.qxAJcH5jL0daGO2lGywciYSLBECpWKG",
        "name": null,
        "role": "USER",
        "accounts": [
            {
                "id": 46,
                "accountNumber": "ACC46",
                "balance": 0.01,
                "transactions": [
                    {
                        "id": 32,
                        "amount": 0.01,
                        "type": "TRANSFER_IN",
                        "timestamp": "Sun May 17 17:24:00 UTC 2026",
                        "relatedAccountId": 45
                    }
                ]
            },
            {
                "id": 45,
                "accountNumber": "ACC45",
                "balance": 0.0,
                "transactions": [
                    {
                        "id": 30,
                        "amount": 0.01,
                        "type": "DEPOSIT",
                        "timestamp": "Sun May 17 17:23:59 UTC 2026",
                        "relatedAccountId": 45
                    },
                    {
                        "id": 31,
                        "amount": 0.01,
                        "type": "TRANSFER_OUT",
                        "timestamp": "Sun May 17 17:24:00 UTC 2026",
                        "relatedAccountId": 46
                    }
                ]
            }
        ]
    },
    {
        "id": 52,
        "username": "1iGRXWa4RRKBd2D",
        "password": "$2a$10$sn9yKc0xwI6/C7N/xfekwuNAaIVCPjghBGzLWnbbZRWSEnWzOv21i",
        "name": null,
        "role": "USER",
        "accounts": [
            {
                "id": 47,
                "accountNumber": "ACC47",
                "balance": 0.0,
                "transactions": [
                    
                ]
            }
        ]
    },
    {
        "id": 53,
        "username": "S2VjHwHI302fq",
        "password": "$2a$10$1hv/tPpEeofdgmd4/1zWFekILeB7DayfvxQ5fuSPfpASijU1cND0u",
        "name": null,
        "role": "USER",
        "accounts": [
            {
                "id": 48,
                "accountNumber": "ACC48",
                "balance": 0.0,
                "transactions": [
                    
                ]
            }
        ]
    },
    {
        "id": 54,
        "username": "TJtXCihKAPG",
        "password": "$2a$10$ya04bji8E57YYex7jI6CVOr6zvAJfUHSHDmxexLqJEhiG2utQRdsO",
        "name": null,
        "role": "USER",
        "accounts": [
            
        ]
    },
    {
        "id": 55,
        "username": "26Lrild9VczAs",
        "password": "$2a$10$ir1EopaV.sU98Ng0FwJms.Hq1AifPN8sjpZdyKuc2RO/0Btu2FKf2",
        "name": null,
        "role": "USER",
        "accounts": [
            {
                "id": 49,
                "accountNumber": "ACC49",
                "balance": 5000.0,
                "transactions": [
                    {
                        "id": 33,
                        "amount": 5000.0,
                        "type": "DEPOSIT",
                        "timestamp": "Wed May 20 13:22:52 UTC 2026",
                        "relatedAccountId": 49
                    }
                ]
            }
        ]
    },
    {
        "id": 56,
        "username": "Myi6779Az",
        "password": "$2a$10$BExFIAC2FX.s6b3dbp2p2e8qtXDb3idZlEfOkZrZE72l7MtaAUCIi",
        "name": null,
        "role": "USER",
        "accounts": [
            {
                "id": 50,
                "accountNumber": "ACC50",
                "balance": 219.51,
                "transactions": [
                    {
                        "id": 34,
                        "amount": 219.51,
                        "type": "DEPOSIT",
                        "timestamp": "Wed May 20 13:22:54 UTC 2026",
                        "relatedAccountId": 50
                    }
                ]
            }
        ]
    },
    {
        "id": 57,
        "username": "4O71cGikjA2",
        "password": "$2a$10$q8/kc1ZCzGVzxeVKt4R4NOk8M/sxWNbPFdSIhUY.7Sv4.gPJRRXj.",
        "name": null,
        "role": "USER",
        "accounts": [
            {
                "id": 51,
                "accountNumber": "ACC51",
                "balance": 0.01,
                "transactions": [
                    {
                        "id": 35,
                        "amount": 0.01,
                        "type": "DEPOSIT",
                        "timestamp": "Wed May 20 13:22:55 UTC 2026",
                        "relatedAccountId": 51
                    }
                ]
            }
        ]
    },
    {
        "id": 58,
        "username": "plnb3zx5T5Xc",
        "password": "$2a$10$7JxdAOuZTKk19Q3JmwOhc.RpKqY43NeyYJhoHBr9BImBk3FdIEdpi",
        "name": null,
        "role": "USER",
        "accounts": [
            {
                "id": 52,
                "accountNumber": "ACC52",
                "balance": 0.0,
                "transactions": [
                    
                ]
            }
        ]
    },
    {
        "id": 59,
        "username": "Hp2uvAmN",
        "password": "$2a$10$X9tV4kqq.d8Y3y33JoT9CuywXx/fpCDs18hLw7YFB5nLbBrDlSQCi",
        "name": null,
        "role": "USER",
        "accounts": [
            {
                "id": 53,
                "accountNumber": "ACC53",
                "balance": 0.0,
                "transactions": [
                    
                ]
            }
        ]
    },
    {
        "id": 60,
        "username": "SCC9eOcDRQ",
        "password": "$2a$10$AuEXLtN8YF4d2UKPjceSve0.kWd2K3rmd2JTY.ghqTIgqYwRiGFqO",
        "name": null,
        "role": "USER",
        "accounts": [
            {
                "id": 54,
                "accountNumber": "ACC54",
                "balance": 0.0,
                "transactions": [
                    
                ]
            }
        ]
    },
    {
        "id": 61,
        "username": "DJf58kcx",
        "password": "$2a$10$i7mNKdJm3QzrMvZ6QhMMXewCawNCsr/8.BrNLCyejLvbjC25PS9zW",
        "name": null,
        "role": "USER",
        "accounts": [
            {
                "id": 55,
                "accountNumber": "ACC55",
                "balance": 0.0,
                "transactions": [
                    {
                        "id": 37,
                        "amount": 4383.79,
                        "type": "TRANSFER_OUT",
                        "timestamp": "Wed May 20 13:22:58 UTC 2026",
                        "relatedAccountId": 56
                    },
                    {
                        "id": 36,
                        "amount": 4383.79,
                        "type": "DEPOSIT",
                        "timestamp": "Wed May 20 13:22:58 UTC 2026",
                        "relatedAccountId": 55
                    }
                ]
            }
        ]
    },
    {
        "id": 62,
        "username": "AT4jsMWZiqeQijM",
        "password": "$2a$10$LAHsAXAFoS5Jn7LpEM67k.cfbuJTLah6pEzIZZV/2nrLpihWOxLfm",
        "name": null,
        "role": "USER",
        "accounts": [
            {
                "id": 56,
                "accountNumber": "ACC56",
                "balance": 4383.79,
                "transactions": [
                    {
                        "id": 38,
                        "amount": 4383.79,
                        "type": "TRANSFER_IN",
                        "timestamp": "Wed May 20 13:22:58 UTC 2026",
                        "relatedAccountId": 55
                    }
                ]
            }
        ]
    },
    {
        "id": 63,
        "username": "x7j6geq95L0",
        "password": "$2a$10$qgGbfYPJe0MrV.9t/QDo.e/UG/lYlKGPNtk.z1thGdH64d1g6Xw5O",
        "name": null,
        "role": "USER",
        "accounts": [
            {
                "id": 57,
                "accountNumber": "ACC57",
                "balance": 0.0,
                "transactions": [
                    {
                        "id": 39,
                        "amount": 2662.76,
                        "type": "DEPOSIT",
                        "timestamp": "Wed May 20 13:23:00 UTC 2026",
                        "relatedAccountId": 57
                    },
                    {
                        "id": 40,
                        "amount": 2662.76,
                        "type": "TRANSFER_OUT",
                        "timestamp": "Wed May 20 13:23:00 UTC 2026",
                        "relatedAccountId": 58
                    }
                ]
            },
            {
                "id": 58,
                "accountNumber": "ACC58",
                "balance": 2662.76,
                "transactions": [
                    {
                        "id": 41,
                        "amount": 2662.76,
                        "type": "TRANSFER_IN",
                        "timestamp": "Wed May 20 13:23:00 UTC 2026",
                        "relatedAccountId": 57
                    }
                ]
            }
        ]
    },
    {
        "id": 64,
        "username": "a0TWF6dl",
        "password": "$2a$10$BdWwmQTDvyN8sg3ESa66OOibFF9.dwXfk86XIjE8dfFnib/s22m6S",
        "name": null,
        "role": "USER",
        "accounts": [
            {
                "id": 60,
                "accountNumber": "ACC60",
                "balance": 10000.0,
                "transactions": [
                    {
                        "id": 45,
                        "amount": 10000.0,
                        "type": "TRANSFER_IN",
                        "timestamp": "Wed May 20 13:23:01 UTC 2026",
                        "relatedAccountId": 59
                    }
                ]
            },
            {
                "id": 59,
                "accountNumber": "ACC59",
                "balance": 0.0,
                "transactions": [
                    {
                        "id": 43,
                        "amount": 5000.0,
                        "type": "DEPOSIT",
                        "timestamp": "Wed May 20 13:23:01 UTC 2026",
                        "relatedAccountId": 59
                    },
                    {
                        "id": 42,
                        "amount": 5000.0,
                        "type": "DEPOSIT",
                        "timestamp": "Wed May 20 13:23:01 UTC 2026",
                        "relatedAccountId": 59
                    },
                    {
                        "id": 44,
                        "amount": 10000.0,
                        "type": "TRANSFER_OUT",
                        "timestamp": "Wed May 20 13:23:01 UTC 2026",
                        "relatedAccountId": 60
                    }
                ]
            }
        ]
    },
    {
        "id": 65,
        "username": "sSeGqdpFQq7c",
        "password": "$2a$10$kGCuIaWFVECHiWm3N9CTE..YWx4znmMfFFCC8fbcxQaHySUIKPQIS",
        "name": null,
        "role": "USER",
        "accounts": [
            {
                "id": 62,
                "accountNumber": "ACC62",
                "balance": 0.0,
                "transactions": [
                    
                ]
            },
            {
                "id": 61,
                "accountNumber": "ACC61",
                "balance": 0.0,
                "transactions": [
                    
                ]
            }
        ]
    },
    {
        "id": 66,
        "username": "3hHH2x",
        "password": "$2a$10$ayTvLI9uld8hNVNJ4nKMEOEP9/eEdshOw9rydFckGd5MdYRVIl5ye",
        "name": null,
        "role": "USER",
        "accounts": [
            {
                "id": 63,
                "accountNumber": "ACC63",
                "balance": 0.0,
                "transactions": [
                    
                ]
            },
            {
                "id": 64,
                "accountNumber": "ACC64",
                "balance": 0.0,
                "transactions": [
                    
                ]
            }
        ]
    },
    {
        "id": 67,
        "username": "O34HjmReP",
        "password": "$2a$10$ByyM3SoEh0HkrIC0IUPF8eswk9g5fU936ApBZBeAcJoVegGJanKIC",
        "name": null,
        "role": "USER",
        "accounts": [
            {
                "id": 66,
                "accountNumber": "ACC66",
                "balance": 0.0,
                "transactions": [
                    
                ]
            },
            {
                "id": 65,
                "accountNumber": "ACC65",
                "balance": 0.0,
                "transactions": [
                    
                ]
            }
        ]
    },
    {
        "id": 68,
        "username": "iLFpfUNkZCMYHa",
        "password": "$2a$10$wPMIrfa8w3guZ9OwZg9.5uOMNkRpQUdoyIkErMWGc3lodCw2LPkGa",
        "name": null,
        "role": "USER",
        "accounts": [
            {
                "id": 68,
                "accountNumber": "ACC68",
                "balance": 0.0,
                "transactions": [
                    
                ]
            },
            {
                "id": 67,
                "accountNumber": "ACC67",
                "balance": 0.0,
                "transactions": [
                    
                ]
            }
        ]
    },
    {
        "id": 69,
        "username": "fdU",
        "password": "$2a$10$AKwVGrNLp55V./hQOYgSre3so2wR2Bd8dvTvzIapQ5biWHGIZ3LNq",
        "name": null,
        "role": "USER",
        "accounts": [
            {
                "id": 69,
                "accountNumber": "ACC69",
                "balance": 0.0,
                "transactions": [
                    {
                        "id": 46,
                        "amount": 0.01,
                        "type": "DEPOSIT",
                        "timestamp": "Wed May 20 13:23:06 UTC 2026",
                        "relatedAccountId": 69
                    },
                    {
                        "id": 47,
                        "amount": 0.01,
                        "type": "TRANSFER_OUT",
                        "timestamp": "Wed May 20 13:23:06 UTC 2026",
                        "relatedAccountId": 70
                    }
                ]
            },
            {
                "id": 70,
                "accountNumber": "ACC70",
                "balance": 0.01,
                "transactions": [
                    {
                        "id": 48,
                        "amount": 0.01,
                        "type": "TRANSFER_IN",
                        "timestamp": "Wed May 20 13:23:06 UTC 2026",
                        "relatedAccountId": 69
                    }
                ]
            }
        ]
    },
    {
        "id": 70,
        "username": "rffjOq7HDXo",
        "password": "$2a$10$okzWpF51rlL2UZpgJsuA1.78IA.IS9yiSk6G61FvXs1QsEqxGgri.",
        "name": null,
        "role": "USER",
        "accounts": [
            {
                "id": 71,
                "accountNumber": "ACC71",
                "balance": 0.0,
                "transactions": [
                    
                ]
            }
        ]
    },
    {
        "id": 71,
        "username": "FyU7zDw4bC",
        "password": "$2a$10$60m1STJ4//DWKKAlY2E2n.9MVPqpX3OtSJXvbaBN98qeTAPhKG/zS",
        "name": null,
        "role": "USER",
        "accounts": [
            
        ]
    },
    {
        "id": 72,
        "username": "nxBBy",
        "password": "$2a$10$kH3UkmaJDByBkwkKICk08ehDzq5hNbpyokz1TNfbeARXbTHxW66by",
        "name": null,
        "role": "USER",
        "accounts": [
            {
                "id": 72,
                "accountNumber": "ACC72",
                "balance": 5000.0,
                "transactions": [
                    {
                        "id": 49,
                        "amount": 5000.0,
                        "type": "DEPOSIT",
                        "timestamp": "Wed May 20 13:53:12 UTC 2026",
                        "relatedAccountId": 72
                    }
                ]
            }
        ]
    },
    {
        "id": 73,
        "username": "5D8S4pIJf8uwPGd",
        "password": "$2a$10$DhwAV05yKQ8I5GnSxy2RbOrIikxwYGnPi/guQ6akW5oTj0gLJ4GIO",
        "name": null,
        "role": "USER",
        "accounts": [
            {
                "id": 73,
                "accountNumber": "ACC73",
                "balance": 4721.6,
                "transactions": [
                    {
                        "id": 50,
                        "amount": 4721.6,
                        "type": "DEPOSIT",
                        "timestamp": "Wed May 20 13:53:14 UTC 2026",
                        "relatedAccountId": 73
                    }
                ]
            }
        ]
    },
    {
        "id": 74,
        "username": "5j4dNKBKH",
        "password": "$2a$10$Lp0XLksgfcrEyrtFO6qAveQyPKrGbHDhXVZVnTPe8JGnR6hj8BnQ2",
        "name": null,
        "role": "USER",
        "accounts": [
            {
                "id": 74,
                "accountNumber": "ACC74",
                "balance": 0.01,
                "transactions": [
                    {
                        "id": 51,
                        "amount": 0.01,
                        "type": "DEPOSIT",
                        "timestamp": "Wed May 20 13:53:15 UTC 2026",
                        "relatedAccountId": 74
                    }
                ]
            }
        ]
    },
    {
        "id": 75,
        "username": "71fCvlDWtfbRy3I",
        "password": "$2a$10$IVgI0945L7fFxwiqwA1grOCbzd691tXGIwmTwTwUGVU.cLXAubzhy",
        "name": null,
        "role": "USER",
        "accounts": [
            {
                "id": 75,
                "accountNumber": "ACC75",
                "balance": 0.0,
                "transactions": [
                    
                ]
            }
        ]
    },
    {
        "id": 76,
        "username": "ZMPQTDxqFhQ2K",
        "password": "$2a$10$SbCEfFjOwp5ZHm6pz7ALM.6iZWN06WnFVgrqu6vilMjKTjUgqowFG",
        "name": null,
        "role": "USER",
        "accounts": [
            {
                "id": 76,
                "accountNumber": "ACC76",
                "balance": 0.0,
                "transactions": [
                    
                ]
            }
        ]
    },
    {
        "id": 77,
        "username": "eJKaQQEo",
        "password": "$2a$10$1gONeHJSWjOqlzLXXmPIku.2L.FvfVbVhXIQGWLld3b44PKEQ3Fk2",
        "name": null,
        "role": "USER",
        "accounts": [
            {
                "id": 77,
                "accountNumber": "ACC77",
                "balance": 0.0,
                "transactions": [
                    
                ]
            }
        ]
    },
    {
        "id": 78,
        "username": "GPRryHulMJGwR7B",
        "password": "$2a$10$SIQ2pjnNx3AFexe4uq1Xme.vxfhumRQDOFbfh7eo.zLV0xNF890E.",
        "name": null,
        "role": "USER",
        "accounts": [
            {
                "id": 78,
                "accountNumber": "ACC78",
                "balance": 0.0,
                "transactions": [
                    {
                        "id": 52,
                        "amount": 2765.91,
                        "type": "DEPOSIT",
                        "timestamp": "Wed May 20 13:53:18 UTC 2026",
                        "relatedAccountId": 78
                    },
                    {
                        "id": 53,
                        "amount": 2765.91,
                        "type": "TRANSFER_OUT",
                        "timestamp": "Wed May 20 13:53:19 UTC 2026",
                        "relatedAccountId": 79
                    }
                ]
            }
        ]
    },
    {
        "id": 79,
        "username": "En6XtN3BHs",
        "password": "$2a$10$Cm3H34f3lYRrIZQW2pLD9e0jQ9j1BDpm/16zl0AH5RQ.w8I7et3zC",
        "name": null,
        "role": "USER",
        "accounts": [
            {
                "id": 79,
                "accountNumber": "ACC79",
                "balance": 2765.91,
                "transactions": [
                    {
                        "id": 54,
                        "amount": 2765.91,
                        "type": "TRANSFER_IN",
                        "timestamp": "Wed May 20 13:53:19 UTC 2026",
                        "relatedAccountId": 78
                    }
                ]
            }
        ]
    },
    {
        "id": 80,
        "username": "WFbf7X",
        "password": "$2a$10$OR4aiohnQ2gtVsdVzRpVTOIfiJnVks7Qq3cAXjGspSXum69UzzGLi",
        "name": null,
        "role": "USER",
        "accounts": [
            {
                "id": 80,
                "accountNumber": "ACC80",
                "balance": 0.0,
                "transactions": [
                    {
                        "id": 56,
                        "amount": 3222.24,
                        "type": "TRANSFER_OUT",
                        "timestamp": "Wed May 20 13:53:20 UTC 2026",
                        "relatedAccountId": 81
                    },
                    {
                        "id": 55,
                        "amount": 3222.24,
                        "type": "DEPOSIT",
                        "timestamp": "Wed May 20 13:53:20 UTC 2026",
                        "relatedAccountId": 80
                    }
                ]
            },
            {
                "id": 81,
                "accountNumber": "ACC81",
                "balance": 3222.24,
                "transactions": [
                    {
                        "id": 57,
                        "amount": 3222.24,
                        "type": "TRANSFER_IN",
                        "timestamp": "Wed May 20 13:53:20 UTC 2026",
                        "relatedAccountId": 80
                    }
                ]
            }
        ]
    },
    {
        "id": 81,
        "username": "PlfWL",
        "password": "$2a$10$anVP3VCZK5UaFd2jGbMyC.1NhKnfW.gftxbR1g.s6.IUsD5HBYEAm",
        "name": null,
        "role": "USER",
        "accounts": [
            {
                "id": 82,
                "accountNumber": "ACC82",
                "balance": 0.0,
                "transactions": [
                    {
                        "id": 59,
                        "amount": 5000.0,
                        "type": "DEPOSIT",
                        "timestamp": "Wed May 20 13:53:22 UTC 2026",
                        "relatedAccountId": 82
                    },
                    {
                        "id": 60,
                        "amount": 10000.0,
                        "type": "TRANSFER_OUT",
                        "timestamp": "Wed May 20 13:53:22 UTC 2026",
                        "relatedAccountId": 83
                    },
                    {
                        "id": 58,
                        "amount": 5000.0,
                        "type": "DEPOSIT",
                        "timestamp": "Wed May 20 13:53:21 UTC 2026",
                        "relatedAccountId": 82
                    }
                ]
            },
            {
                "id": 83,
                "accountNumber": "ACC83",
                "balance": 10000.0,
                "transactions": [
                    {
                        "id": 61,
                        "amount": 10000.0,
                        "type": "TRANSFER_IN",
                        "timestamp": "Wed May 20 13:53:22 UTC 2026",
                        "relatedAccountId": 82
                    }
                ]
            }
        ]
    },
    {
        "id": 82,
        "username": "cUfNI6sqqtR",
        "password": "$2a$10$l9n1DWPRN15pTlRbq77IDu28FBK.EEhIxQrBbZdOP1kpXKCAojdpa",
        "name": null,
        "role": "USER",
        "accounts": [
            {
                "id": 84,
                "accountNumber": "ACC84",
                "balance": 0.0,
                "transactions": [
                    
                ]
            },
            {
                "id": 85,
                "accountNumber": "ACC85",
                "balance": 0.0,
                "transactions": [
                    
                ]
            }
        ]
    },
    {
        "id": 83,
        "username": "oPl5WpITLzXOJ",
        "password": "$2a$10$QWij8Ga5eVeRBH7mjnyQvu8h67DTXOExsb.dpb4hZpZh/cGgfX4IG",
        "name": null,
        "role": "USER",
        "accounts": [
            {
                "id": 87,
                "accountNumber": "ACC87",
                "balance": 0.0,
                "transactions": [
                    
                ]
            },
            {
                "id": 86,
                "accountNumber": "ACC86",
                "balance": 0.0,
                "transactions": [
                    
                ]
            }
        ]
    },
    {
        "id": 84,
        "username": "74n3Wb1RgiPH6a",
        "password": "$2a$10$xZBvE/WrFFJ7IObhpA06ouD.7hSzKtrE1wFqO2o5XHhC3SNjTA4zS",
        "name": null,
        "role": "USER",
        "accounts": [
            {
                "id": 89,
                "accountNumber": "ACC89",
                "balance": 0.0,
                "transactions": [
                    
                ]
            },
            {
                "id": 88,
                "accountNumber": "ACC88",
                "balance": 0.0,
                "transactions": [
                    
                ]
            }
        ]
    },
    {
        "id": 85,
        "username": "xkPQD084U56C",
        "password": "$2a$10$pf1mzEnsMH1EHHxjjJO35uy3015fCqegc0MfMgxZQ1isQ5b4F2AKa",
        "name": null,
        "role": "USER",
        "accounts": [
            {
                "id": 90,
                "accountNumber": "ACC90",
                "balance": 0.0,
                "transactions": [
                    
                ]
            },
            {
                "id": 91,
                "accountNumber": "ACC91",
                "balance": 0.0,
                "transactions": [
                    
                ]
            }
        ]
    },
    {
        "id": 86,
        "username": "u5qe",
        "password": "$2a$10$DShQD/44chcvWt6HNqvbQ.yVl4e86rByioFCI74azJugTOd0Ku/yW",
        "name": null,
        "role": "USER",
        "accounts": [
            {
                "id": 93,
                "accountNumber": "ACC93",
                "balance": 0.01,
                "transactions": [
                    {
                        "id": 64,
                        "amount": 0.01,
                        "type": "TRANSFER_IN",
                        "timestamp": "Wed May 20 13:53:27 UTC 2026",
                        "relatedAccountId": 92
                    }
                ]
            },
            {
                "id": 92,
                "accountNumber": "ACC92",
                "balance": 0.0,
                "transactions": [
                    {
                        "id": 63,
                        "amount": 0.01,
                        "type": "TRANSFER_OUT",
                        "timestamp": "Wed May 20 13:53:27 UTC 2026",
                        "relatedAccountId": 93
                    },
                    {
                        "id": 62,
                        "amount": 0.01,
                        "type": "DEPOSIT",
                        "timestamp": "Wed May 20 13:53:27 UTC 2026",
                        "relatedAccountId": 92
                    }
                ]
            }
        ]
    },
    {
        "id": 87,
        "username": "oQrsfFLE4W98whE",
        "password": "$2a$10$0ToIE2fN68uIDRSFyklANObbI/CHy7rL2x7.blC.I6IMQG/DgoMiW",
        "name": null,
        "role": "USER",
        "accounts": [
            
        ]
    },
    {
        "id": 88,
        "username": "AIf",
        "password": "$2a$10$NTan4co2/3bsO3utKnpgJ.P4ZqO/r6uzDAo5O8GtEM.2ojTPuVHde",
        "name": null,
        "role": "USER",
        "accounts": [
            
        ]
    },
    {
        "id": 89,
        "username": "A2sytNq9zWu2n",
        "password": "$2a$10$VXf7xD8BGctfLpu/2BPJZezUKvGcwkCgu09cmCY7cdJWoMo6nD66i",
        "name": null,
        "role": "USER",
        "accounts": [
            
        ]
    },
    {
        "id": 90,
        "username": "BnOFGcWbZ6zjOm",
        "password": "$2a$10$AXOfGQTetJ7AgP9dtO5dkuWsQ4G4rd2E8yEXqZWBG6QjTsolewFsO",
        "name": null,
        "role": "USER",
        "accounts": [
            {
                "id": 94,
                "accountNumber": "ACC94",
                "balance": 5000.0,
                "transactions": [
                    {
                        "id": 65,
                        "amount": 5000.0,
                        "type": "DEPOSIT",
                        "timestamp": "Wed May 20 15:21:30 UTC 2026",
                        "relatedAccountId": 94
                    }
                ]
            }
        ]
    },
    {
        "id": 91,
        "username": "Hw0U",
        "password": "$2a$10$NTaWFAjtsSzgHlsX8bZtkeYjtUeOElbZEvE79pfibPp5imhccWs1.",
        "name": null,
        "role": "USER",
        "accounts": [
            
        ]
    },
    {
        "id": 92,
        "username": "4WoIHuIJxynr4",
        "password": "$2a$10$gloaZmG4Nlse6rDduiKcCeWbgtQ2l.YjlW5QcsoLkod2TkzmDLaeG",
        "name": null,
        "role": "USER",
        "accounts": [
            {
                "id": 95,
                "accountNumber": "ACC95",
                "balance": 0.0,
                "transactions": [
                    
                ]
            }
        ]
    },
    {
        "id": 93,
        "username": "ANTQHe",
        "password": "$2a$10$SnwkQ0lPRl1L5yVjqxGCE.AjGtuaayGPWKofKVLUwfFJZcrRe9MV6",
        "name": null,
        "role": "USER",
        "accounts": [
            {
                "id": 96,
                "accountNumber": "ACC96",
                "balance": 3763.32,
                "transactions": [
                    {
                        "id": 66,
                        "amount": 3763.32,
                        "type": "DEPOSIT",
                        "timestamp": "Wed May 20 15:21:33 UTC 2026",
                        "relatedAccountId": 96
                    }
                ]
            }
        ]
    },
    {
        "id": 94,
        "username": "CRI6dguNHwpAnn",
        "password": "$2a$10$aEjaPhj.qhMN2Tul1F8WMujbmltWB6ImR3KhmLH.8sFv.UyhE.hzy",
        "name": null,
        "role": "USER",
        "accounts": [
            {
                "id": 97,
                "accountNumber": "ACC97",
                "balance": 0.01,
                "transactions": [
                    {
                        "id": 67,
                        "amount": 0.01,
                        "type": "DEPOSIT",
                        "timestamp": "Wed May 20 15:21:34 UTC 2026",
                        "relatedAccountId": 97
                    }
                ]
            }
        ]
    },
    {
        "id": 95,
        "username": "YaoH5pghW8",
        "password": "$2a$10$PM8K83svbztW41qQlSaEyum7WEfkJ1sEcYGLYOrgNhrwh5qYuoRgy",
        "name": null,
        "role": "USER",
        "accounts": [
            {
                "id": 98,
                "accountNumber": "ACC98",
                "balance": 0.0,
                "transactions": [
                    
                ]
            }
        ]
    },
    {
        "id": 96,
        "username": "PMGLKz7hjW",
        "password": "$2a$10$eU/5mUZkQetHkXLpPMdSl.qETMGrom4FOLYlcRgXm5k8SIRKcepXu",
        "name": null,
        "role": "USER",
        "accounts": [
            {
                "id": 99,
                "accountNumber": "ACC99",
                "balance": 0.0,
                "transactions": [
                    
                ]
            }
        ]
    },
    {
        "id": 97,
        "username": "f6AKB7",
        "password": "$2a$10$w8T29cHokD29lvaHH5DeE.nRDEjsK9V2VJo9glnbMAf4qvcON8Wm.",
        "name": null,
        "role": "USER",
        "accounts": [
            {
                "id": 100,
                "accountNumber": "ACC100",
                "balance": 0.0,
                "transactions": [
                    
                ]
            }
        ]
    },
    {
        "id": 98,
        "username": "fk2cLcLusEiuIQa",
        "password": "$2a$10$9dVjzO3wnxV3pL2EraRxYeu.IFegrg0iZrIQkTHSLnbAcs.qjUPEO",
        "name": null,
        "role": "USER",
        "accounts": [
            {
                "id": 101,
                "accountNumber": "ACC101",
                "balance": 0.0,
                "transactions": [
                    {
                        "id": 68,
                        "amount": 4118.38,
                        "type": "DEPOSIT",
                        "timestamp": "Wed May 20 15:21:37 UTC 2026",
                        "relatedAccountId": 101
                    },
                    {
                        "id": 69,
                        "amount": 4118.38,
                        "type": "TRANSFER_OUT",
                        "timestamp": "Wed May 20 15:21:38 UTC 2026",
                        "relatedAccountId": 102
                    }
                ]
            }
        ]
    },
    {
        "id": 99,
        "username": "NUqnv1Ys3rmt",
        "password": "$2a$10$c1fj4ouXe41.UXpIKNcIe./TlmUHvrNashpR1eqo.L93uN9RTa6Q2",
        "name": null,
        "role": "USER",
        "accounts": [
            {
                "id": 102,
                "accountNumber": "ACC102",
                "balance": 4118.38,
                "transactions": [
                    {
                        "id": 70,
                        "amount": 4118.38,
                        "type": "TRANSFER_IN",
                        "timestamp": "Wed May 20 15:21:38 UTC 2026",
                        "relatedAccountId": 101
                    }
                ]
            }
        ]
    },
    {
        "id": 100,
        "username": "tYyRTE",
        "password": "$2a$10$I8/Rd0haL.XTTdB/iO5uzu2YiQz/SeN8Rk/M49941gEu/Lz8YeYaG",
        "name": null,
        "role": "USER",
        "accounts": [
            {
                "id": 103,
                "accountNumber": "ACC103",
                "balance": 0.0,
                "transactions": [
                    {
                        "id": 72,
                        "amount": 2844.17,
                        "type": "TRANSFER_OUT",
                        "timestamp": "Wed May 20 15:21:40 UTC 2026",
                        "relatedAccountId": 104
                    },
                    {
                        "id": 71,
                        "amount": 2844.17,
                        "type": "DEPOSIT",
                        "timestamp": "Wed May 20 15:21:40 UTC 2026",
                        "relatedAccountId": 103
                    }
                ]
            },
            {
                "id": 104,
                "accountNumber": "ACC104",
                "balance": 2844.17,
                "transactions": [
                    {
                        "id": 73,
                        "amount": 2844.17,
                        "type": "TRANSFER_IN",
                        "timestamp": "Wed May 20 15:21:40 UTC 2026",
                        "relatedAccountId": 103
                    }
                ]
            }
        ]
    },
    {
        "id": 101,
        "username": "zKa",
        "password": "$2a$10$eUIPVguOOtEQKQC7rokMue6RKdxa3Lswfas7CAHL/.XXdDZ0b5bDK",
        "name": null,
        "role": "USER",
        "accounts": [
            {
                "id": 106,
                "accountNumber": "ACC106",
                "balance": 10000.0,
                "transactions": [
                    {
                        "id": 77,
                        "amount": 10000.0,
                        "type": "TRANSFER_IN",
                        "timestamp": "Wed May 20 15:21:42 UTC 2026",
                        "relatedAccountId": 105
                    }
                ]
            },
            {
                "id": 105,
                "accountNumber": "ACC105",
                "balance": 0.0,
                "transactions": [
                    {
                        "id": 74,
                        "amount": 5000.0,
                        "type": "DEPOSIT",
                        "timestamp": "Wed May 20 15:21:41 UTC 2026",
                        "relatedAccountId": 105
                    },
                    {
                        "id": 75,
                        "amount": 5000.0,
                        "type": "DEPOSIT",
                        "timestamp": "Wed May 20 15:21:41 UTC 2026",
                        "relatedAccountId": 105
                    },
                    {
                        "id": 76,
                        "amount": 10000.0,
                        "type": "TRANSFER_OUT",
                        "timestamp": "Wed May 20 15:21:42 UTC 2026",
                        "relatedAccountId": 106
                    }
                ]
            }
        ]
    },
    {
        "id": 102,
        "username": "ijYMB",
        "password": "$2a$10$7KkCVjSIgNeMP4VHZazxVOeBuGSlN5KxgzTJ7PEA2GOcTf/JH1IZW",
        "name": null,
        "role": "USER",
        "accounts": [
            {
                "id": 107,
                "accountNumber": "ACC107",
                "balance": 0.0,
                "transactions": [
                    
                ]
            },
            {
                "id": 108,
                "accountNumber": "ACC108",
                "balance": 0.0,
                "transactions": [
                    
                ]
            }
        ]
    },
    {
        "id": 103,
        "username": "llpAWOJeWQP",
        "password": "$2a$10$pb7igl5ZOdwE5vYfszwaz.E5wGTiCV2CBerBzbMKtix4LjHGrxuOm",
        "name": null,
        "role": "USER",
        "accounts": [
            {
                "id": 110,
                "accountNumber": "ACC110",
                "balance": 0.0,
                "transactions": [
                    
                ]
            },
            {
                "id": 109,
                "accountNumber": "ACC109",
                "balance": 0.0,
                "transactions": [
                    
                ]
            }
        ]
    },
    {
        "id": 104,
        "username": "ZkSvWeDj5",
        "password": "$2a$10$eHnrCY6t3vweyLysRmF0iuA2n8VRh30TixFZA9D0gMZUAL9IX2PBG",
        "name": null,
        "role": "USER",
        "accounts": [
            {
                "id": 111,
                "accountNumber": "ACC111",
                "balance": 0.0,
                "transactions": [
                    
                ]
            },
            {
                "id": 112,
                "accountNumber": "ACC112",
                "balance": 0.0,
                "transactions": [
                    
                ]
            }
        ]
    },
    {
        "id": 105,
        "username": "Ow7MXUxS8",
        "password": "$2a$10$hLDBgqEKyLqy.4GGPd4EO.AnMcgUYjAvp8yNV7H6QfirHrjWvLlt2",
        "name": null,
        "role": "USER",
        "accounts": [
            {
                "id": 113,
                "accountNumber": "ACC113",
                "balance": 0.0,
                "transactions": [
                    
                ]
            },
            {
                "id": 114,
                "accountNumber": "ACC114",
                "balance": 0.0,
                "transactions": [
                    
                ]
            }
        ]
    },
    {
        "id": 106,
        "username": "IJ0QCpwuWKKwgr",
        "password": "$2a$10$YeWDuUGrB5.hFzW24saYaePd.E8h2Nn8oW4mtKCN4JW4h.XlXZp1i",
        "name": null,
        "role": "USER",
        "accounts": [
            {
                "id": 115,
                "accountNumber": "ACC115",
                "balance": 0.0,
                "transactions": [
                    {
                        "id": 79,
                        "amount": 0.01,
                        "type": "TRANSFER_OUT",
                        "timestamp": "Wed May 20 15:21:48 UTC 2026",
                        "relatedAccountId": 116
                    },
                    {
                        "id": 78,
                        "amount": 0.01,
                        "type": "DEPOSIT",
                        "timestamp": "Wed May 20 15:21:48 UTC 2026",
                        "relatedAccountId": 115
                    }
                ]
            },
            {
                "id": 116,
                "accountNumber": "ACC116",
                "balance": 0.01,
                "transactions": [
                    {
                        "id": 80,
                        "amount": 0.01,
                        "type": "TRANSFER_IN",
                        "timestamp": "Wed May 20 15:21:48 UTC 2026",
                        "relatedAccountId": 115
                    }
                ]
            }
        ]
    },
    {
        "id": 107,
        "username": "4dtmSN",
        "password": "$2a$10$LrPEzMgZzAfnFbWA.jdtwe4mFvptCwRtBEtkKb/auE876hqtbkwga",
        "name": "ZoETnK maRgDsf",
        "role": "USER",
        "accounts": [
            
        ]
    },
    {
        "id": 108,
        "username": "aAM",
        "password": "$2a$10$WE83Pv7scY2f5wsTPFMj0.2AJ6sQGWA2zik5DjaW8ynnfOMGc/BxK",
        "name": null,
        "role": "USER",
        "accounts": [
            
        ]
    },
    {
        "id": 109,
        "username": "l4Kfw9XXBuu",
        "password": "$2a$10$S4lcK8nc1V/p0H5/Az107OYX/iy0DKFv3GexDrQcqUPJUQAe04zua",
        "name": null,
        "role": "USER",
        "accounts": [
            
        ]
    },
    {
        "id": 110,
        "username": "hTW9Uqo8a",
        "password": "$2a$10$PHhRHcrWTUjm5bfUAGn8TeBa2LPgyGOyzcM.I6CdFLPeiqxeGR2nW",
        "name": null,
        "role": "USER",
        "accounts": [
            
        ]
    },
    {
        "id": 111,
        "username": "ifIbTHc",
        "password": "$2a$10$/zvzElsz2mcIInPlc94F2OOViB1lXU6mkwFTZ.31m54HgThSfa7By",
        "name": null,
        "role": "USER",
        "accounts": [
            
        ]
    },
    {
        "id": 112,
        "username": "iNHpTi1LS8LX2",
        "password": "$2a$10$XbSVp8zp215UEXzumWdoE.ujiaLwP0k7XFs/m41QhCx7jxSmzKofu",
        "name": null,
        "role": "USER",
        "accounts": [
            
        ]
    },
    {
        "id": 113,
        "username": "zARzOko",
        "password": "$2a$10$QqPPfJxhzsuqVV2cDMXeu.1H.gIGcZm8MkqKkq6QPkSXR3UFZOkW6",
        "name": null,
        "role": "USER",
        "accounts": [
            
        ]
    },
    {
        "id": 114,
        "username": "IDEx",
        "password": "$2a$10$McmD3I4P/1X0aMeXTbt5jOWOWuHyUvoX8MEJH//6zK2pjc/0EEjUW",
        "name": null,
        "role": "USER",
        "accounts": [
            
        ]
    },
    {
        "id": 115,
        "username": "77KSzLE4ZIW",
        "password": "$2a$10$HH1zDaU3N1CSMXzbXppBCurqc8xIXvK1eQVX2spXkWI0czS9G80MW",
        "name": null,
        "role": "USER",
        "accounts": [
            
        ]
    },
    {
        "id": 116,
        "username": "u8cWu2H5",
        "password": "$2a$10$mDDrYHO8tmE0kBhd8BJ3ZO7Fr5fIK/FaMXvTM3fFnpZ2PwekfmHou",
        "name": null,
        "role": "USER",
        "accounts": [
            {
                "id": 117,
                "accountNumber": "ACC117",
                "balance": 0.0,
                "transactions": [
                    
                ]
            }
        ]
[...]
                "accountNumber": "ACC251",
                "balance": 0.0,
                "transactions": [
                    
                ]
            }
        ]
    },
    {
        "id": 290,
        "username": "i6VWjdclasG",
        "password": "$2a$10$Ur7HzaPsbP5eh.g6rvxwQO2n.iQQLHHmyh9nGKcnfzyceAFO0UVpK",
        "name": null,
        "role": "USER",
        "accounts": [
            {
                "id": 253,
                "accountNumber": "ACC253",
                "balance": 0.0,
                "transactions": [
                    
                ]
            },
            {
                "id": 254,
                "accountNumber": "ACC254",
                "balance": 0.0,
                "transactions": [
                    
                ]
            }
        ]
    },
    {
        "id": 291,
        "username": "ULQwF",
        "password": "$2a$10$aOXlRbllZqDcQnb1zBqcB.3XLJ5wYnMJ0sycHMltMMocAooqHIqY6",
        "name": null,
        "role": "USER",
        "accounts": [
            {
                "id": 255,
                "accountNumber": "ACC255",
                "balance": 0.0,
                "transactions": [
                    
                ]
            },
            {
                "id": 256,
                "accountNumber": "ACC256",
                "balance": 0.0,
                "transactions": [
                    
                ]
            }
        ]
    },
    {
        "id": 292,
        "username": "sU8LXzZ2zjlBW",
        "password": "$2a$10$c9GTyjL7Sm1n3nuSRHoLfeKCxhwDiQZH0/UDSisDmBKX87awzA5pG",
        "name": null,
        "role": "USER",
        "accounts": [
            {
                "id": 257,
                "accountNumber": "ACC257",
                "balance": 0.0,
                "transactions": [
                    
                ]
            },
            {
                "id": 258,
                "accountNumber": "ACC258",
                "balance": 0.0,
                "transactions": [
                    
                ]
            }
        ]
    },
    {
        "id": 293,
        "username": "8GXvQWirTC7",
        "password": "$2a$10$ScXlhqwenA5CWMHt9/FsG./UWSiAD5JQqn5u6Ibhsq9inrgnW9bFe",
        "name": null,
        "role": "USER",
        "accounts": [
            {
                "id": 260,
                "accountNumber": "ACC260",
                "balance": 0.01,
                "transactions": [
                    {
                        "id": 176,
                        "amount": 0.01,
                        "type": "TRANSFER_IN",
                        "timestamp": "Thu May 21 13:38:42 UTC 2026",
                        "relatedAccountId": 259
                    }
                ]
            },
            {
                "id": 259,
                "accountNumber": "ACC259",
                "balance": 0.0,
                "transactions": [
                    {
                        "id": 175,
                        "amount": 0.01,
                        "type": "TRANSFER_OUT",
                        "timestamp": "Thu May 21 13:38:42 UTC 2026",
                        "relatedAccountId": 260
                    },
                    {
                        "id": 174,
                        "amount": 0.01,
                        "type": "DEPOSIT",
                        "timestamp": "Thu May 21 13:38:42 UTC 2026",
                        "relatedAccountId": 259
                    }
                ]
            }
        ]
    },
    {
        "id": 294,
        "username": "mgtVfWnc4AI",
        "password": "$2a$10$sUelX0/9aHOLfzvV659IwOCJj7yM87CIyToqO4GuigQzMaM2tcePi",
        "name": null,
        "role": "USER",
        "accounts": [
            
        ]
    },
    {
        "id": 295,
        "username": "MtiKuf",
        "password": "$2a$10$7anKgR1.HUC9qTpAyaHuNega8wvGeeUeARy.Vjcjots2Jc6bVhKJS",
        "name": null,
        "role": "USER",
        "accounts": [
            {
                "id": 261,
                "accountNumber": "ACC261",
                "balance": 0.0,
                "transactions": [
                    
                ]
            }
        ]
    },
    {
        "id": 296,
        "username": "Wnj",
        "password": "$2a$10$iX9EqEp.l/Vuf5ygNd73uOmDJAw6V/neh/1J2JHNsqUOe0w.JV8JC",
        "name": null,
        "role": "USER",
        "accounts": [
            
        ]
    },
    {
        "id": 297,
        "username": "k6INGXkfGSWCs",
        "password": "$2a$10$joTi9BqYWHcXkd.1dPjp7u4GQncp3sp.T8pmLFbc.o.amcJSKjyOO",
        "name": "PXGqZZWw LberDsZF",
        "role": "USER",
        "accounts": [
            
        ]
    },
    {
        "id": 298,
        "username": "zdV5USOqbc",
        "password": "$2a$10$UC91g0BIvlBAypmHbtI7qeqAxKalbv9ZvtQcsF2RaGRcktZP0iUIu",
        "name": null,
        "role": "USER",
        "accounts": [
            
        ]
    },
    {
        "id": 299,
        "username": "yTZ",
        "password": "$2a$10$1gYX3Xa/Ob/LSecupjXz8.V1hDwMEDpQhHE7QypEzJaEQiyU/TNvC",
        "name": null,
        "role": "USER",
        "accounts": [
            
        ]
    },
    {
        "id": 300,
        "username": "rEStkAJ4RD",
        "password": "$2a$10$.BQYWetdb1d0ECW2Mpi31eyhfvGpCeb8r5Z4bVywysAUdvH1T0Dsm",
        "name": null,
        "role": "USER",
        "accounts": [
            
        ]
    },
    {
        "id": 301,
        "username": "HuTamHrXXcYM",
        "password": "$2a$10$No0MVVqqXqL0QVYHj.r3Ueqd7s97HlQF3jACqq2lHKHXkxoyGx4ky",
        "name": null,
        "role": "USER",
        "accounts": [
            
        ]
    },
    {
        "id": 302,
        "username": "4WG2t",
        "password": "$2a$10$/gSrokqadW3S..MsJPudpuDB/a7c6bEuuhm2vHMRvhZEIFR86lFS6",
        "name": null,
        "role": "USER",
        "accounts": [
            
        ]
    },
    {
        "id": 303,
        "username": "YGjeg",
        "password": "$2a$10$v8qJO8DBOM9/s7kkAM5/5OdoY5mhUSRmz3ImQUAATOsfpZlm4Giq.",
        "name": null,
        "role": "USER",
        "accounts": [
            
        ]
    },
    {
        "id": 304,
        "username": "KdJA",
        "password": "$2a$10$zqW7COdge4nNJk/UBFFySue9ChBcl7WpU7Rk9sKnPjIiqiAAGSHtG",
        "name": null,
        "role": "USER",
        "accounts": [
            
        ]
    },
    {
        "id": 305,
        "username": "OH2",
        "password": "$2a$10$Kpxmof1FQdW4PPuS.PmF4uwBTPmu6vqzjJhvn1KPjvLIDBUjhCzqW",
        "name": null,
        "role": "USER",
        "accounts": [
            
        ]
    },
    {
        "id": 306,
        "username": "NKSreWgy",
        "password": "$2a$10$m7dWZm.CbhmIjwD4ayAgB.AuZkqkiV2VaZ9gbv4zlmulapAp.C34a",
        "name": null,
        "role": "USER",
        "accounts": [
            
        ]
    },
    {
        "id": 307,
        "username": "exrL6eQ6VE6bq8",
        "password": "$2a$10$p6dDssPZxpoJCYbb7K7niO.NvzbzMUdrprf9h/3Ps2iQTNmC3.uQi",
        "name": null,
        "role": "USER",
        "accounts": [
            {
                "id": 262,
                "accountNumber": "ACC262",
                "balance": 5000.0,
                "transactions": [
                    {
                        "id": 177,
                        "amount": 5000.0,
                        "type": "DEPOSIT",
                        "timestamp": "Thu May 21 13:40:32 UTC 2026",
                        "relatedAccountId": 262
                    }
                ]
            }
        ]
    },
    {
        "id": 308,
        "username": "ovAlyAui5LxLU",
        "password": "$2a$10$CPA5U/Bma3ZYVCN8nXSbm.i0aA2HJLRYQp5HV3COGOpGtJTSmA1ou",
        "name": null,
        "role": "USER",
        "accounts": [
            
        ]
    },
    {
        "id": 309,
        "username": "5gvxOv5X1YjeY",
        "password": "$2a$10$VH0Z31hMfgkuX2UqDafo7eF45bets5Pljl/CaxdM4BFQCiPmo7Y66",
        "name": null,
        "role": "USER",
        "accounts": [
            {
                "id": 263,
                "accountNumber": "ACC263",
                "balance": 0.0,
                "transactions": [
                    
                ]
            }
        ]
    },
    {
        "id": 310,
        "username": "r8D7R6Mb",
        "password": "$2a$10$DwgOU44Pdy/TQ6zLZUGVRObHaRsL6Z7k5FWt0LjEd6Wco/ZU1G3fq",
        "name": null,
        "role": "USER",
        "accounts": [
            {
                "id": 264,
                "accountNumber": "ACC264",
                "balance": 4197.83,
                "transactions": [
                    {
                        "id": 178,
                        "amount": 4197.83,
                        "type": "DEPOSIT",
                        "timestamp": "Thu May 21 13:40:34 UTC 2026",
                        "relatedAccountId": 264
                    }
                ]
            }
        ]
    },
    {
        "id": 311,
        "username": "S5QBpnyZZB9Pb",
        "password": "$2a$10$YOGsHeWFsc4kJsvw4ukXoeIcTrmH1uw5joXI2q5rlGlpZFx8IeTbm",
        "name": null,
        "role": "USER",
        "accounts": [
            {
                "id": 265,
                "accountNumber": "ACC265",
                "balance": 0.01,
                "transactions": [
                    {
                        "id": 179,
                        "amount": 0.01,
                        "type": "DEPOSIT",
                        "timestamp": "Thu May 21 13:40:35 UTC 2026",
                        "relatedAccountId": 265
                    }
                ]
            }
        ]
    },
    {
        "id": 312,
        "username": "1LBajZXWD3",
        "password": "$2a$10$g2N9NVs6eSpSN0KoZyM0UO9k5vFRolTDt238jCaIvIduJ5PUupP9u",
        "name": null,
        "role": "USER",
        "accounts": [
            {
                "id": 266,
                "accountNumber": "ACC266",
                "balance": 0.0,
                "transactions": [
                    
                ]
            }
        ]
    },
    {
        "id": 313,
        "username": "iWr6EShq",
        "password": "$2a$10$4I0/XgY2RQOU9KyvrITSa./MLjxAGpXv7CawbkAUSafd1CW3sk6Rq",
        "name": null,
        "role": "USER",
        "accounts": [
            {
                "id": 267,
                "accountNumber": "ACC267",
                "balance": 0.0,
                "transactions": [
                    
                ]
            }
        ]
    },
    {
        "id": 314,
        "username": "2x2QAXoHg",
        "password": "$2a$10$cVapGdBsPOwbMV8wkmNryeHMdaH48A1ODS8zR0eXd6akxsGJd95/e",
        "name": null,
        "role": "USER",
        "accounts": [
            {
                "id": 268,
                "accountNumber": "ACC268",
                "balance": 0.0,
                "transactions": [
                    
                ]
            }
        ]
    },
    {
        "id": 315,
        "username": "mi0VfLRpzW3rBxj",
        "password": "$2a$10$gKl3he6VcU1/hf3RMNgKO.pliQOoeOa5SVlQnsfpBhKhTwKE2mRqy",
        "name": null,
        "role": "USER",
        "accounts": [
            {
                "id": 269,
                "accountNumber": "ACC269",
                "balance": 0.0,
                "transactions": [
                    {
                        "id": 181,
                        "amount": 1327.25,
                        "type": "TRANSFER_OUT",
                        "timestamp": "Thu May 21 13:40:38 UTC 2026",
                        "relatedAccountId": 270
                    },
                    {
                        "id": 180,
                        "amount": 1327.25,
                        "type": "DEPOSIT",
                        "timestamp": "Thu May 21 13:40:38 UTC 2026",
                        "relatedAccountId": 269
                    }
                ]
            }
        ]
    },
    {
        "id": 316,
        "username": "SdWAcVe6UaWG",
        "password": "$2a$10$D7UdT7kNkZPsrPgpltJ5e.pcMXcKhERpvVFUaYBMMf6mUcKVdep.m",
        "name": null,
        "role": "USER",
        "accounts": [
            {
                "id": 270,
                "accountNumber": "ACC270",
                "balance": 1327.25,
                "transactions": [
                    {
                        "id": 182,
                        "amount": 1327.25,
                        "type": "TRANSFER_IN",
                        "timestamp": "Thu May 21 13:40:38 UTC 2026",
                        "relatedAccountId": 269
                    }
                ]
            }
        ]
    },
    {
        "id": 317,
        "username": "gFt",
        "password": "$2a$10$4KzPUXcm3yNQvjaBAh0dvuEqrlmZn4hYxAl3yh76.JZLYOzZlhz/2",
        "name": null,
        "role": "USER",
        "accounts": [
            {
                "id": 271,
                "accountNumber": "ACC271",
                "balance": 0.0,
                "transactions": [
                    {
                        "id": 184,
                        "amount": 3430.63,
                        "type": "TRANSFER_OUT",
                        "timestamp": "Thu May 21 13:41:47 UTC 2026",
                        "relatedAccountId": 272
                    },
                    {
                        "id": 183,
                        "amount": 3430.63,
                        "type": "DEPOSIT",
                        "timestamp": "Thu May 21 13:41:47 UTC 2026",
                        "relatedAccountId": 271
                    }
                ]
            },
            {
                "id": 272,
                "accountNumber": "ACC272",
                "balance": 3430.63,
                "transactions": [
                    {
                        "id": 185,
                        "amount": 3430.63,
                        "type": "TRANSFER_IN",
                        "timestamp": "Thu May 21 13:41:47 UTC 2026",
                        "relatedAccountId": 271
                    }
                ]
            }
        ]
    },
    {
        "id": 318,
        "username": "uusC",
        "password": "$2a$10$eYamqugZ04rI3z4UFKI29eGGusYVl0/h/ynGAWx4CZwExR93hNL2m",
        "name": null,
        "role": "USER",
        "accounts": [
            {
                "id": 273,
                "accountNumber": "ACC273",
                "balance": 0.0,
                "transactions": [
                    {
                        "id": 187,
                        "amount": 5000.0,
                        "type": "DEPOSIT",
                        "timestamp": "Thu May 21 13:41:49 UTC 2026",
                        "relatedAccountId": 273
                    },
                    {
                        "id": 188,
                        "amount": 10000.0,
                        "type": "TRANSFER_OUT",
                        "timestamp": "Thu May 21 13:41:49 UTC 2026",
                        "relatedAccountId": 274
                    },
                    {
                        "id": 186,
                        "amount": 5000.0,
                        "type": "DEPOSIT",
                        "timestamp": "Thu May 21 13:41:49 UTC 2026",
                        "relatedAccountId": 273
                    }
                ]
            },
            {
                "id": 274,
                "accountNumber": "ACC274",
                "balance": 10000.0,
                "transactions": [
                    {
                        "id": 189,
                        "amount": 10000.0,
                        "type": "TRANSFER_IN",
                        "timestamp": "Thu May 21 13:41:49 UTC 2026",
                        "relatedAccountId": 273
                    }
                ]
            }
        ]
    },
    {
        "id": 319,
        "username": "OXUGlnJXlbHFxJ",
        "password": "$2a$10$HkgQCqlsUJ73b/m1dB.w3.D7zeUpoGD9LSgtKQ/8C03U8qHCkGQZW",
        "name": null,
        "role": "USER",
        "accounts": [
            {
                "id": 275,
                "accountNumber": "ACC275",
                "balance": 0.0,
                "transactions": [
                    
                ]
            },
            {
                "id": 276,
                "accountNumber": "ACC276",
                "balance": 0.0,
                "transactions": [
                    
                ]
            }
        ]
    },
    {
        "id": 320,
        "username": "HPW0O",
        "password": "$2a$10$YA1ytLxBscYAcdLwimq8VepLpeGf5XCK5BhekwgW8A84Pg7wyUmG6",
        "name": null,
        "role": "USER",
        "accounts": [
            {
                "id": 278,
                "accountNumber": "ACC278",
                "balance": 0.0,
                "transactions": [
                    
                ]
            },
            {
                "id": 277,
                "accountNumber": "ACC277",
                "balance": 0.0,
                "transactions": [
                    
                ]
            }
        ]
    },
    {
        "id": 321,
        "username": "dZD",
        "password": "$2a$10$uhIW.5uCWR.S5mKYT4RhIuZ7Hxlx1Nfx.T0eHXoHVNuM95JB8Ek3m",
        "name": null,
        "role": "USER",
        "accounts": [
            {
                "id": 280,
                "accountNumber": "ACC280",
                "balance": 0.0,
                "transactions": [
                    
                ]
            },
            {
                "id": 279,
                "accountNumber": "ACC279",
                "balance": 0.0,
                "transactions": [
                    
                ]
            }
        ]
    },
    {
        "id": 322,
        "username": "kTgQ",
        "password": "$2a$10$s2gPJNG2rxVPRtlodgToEe9vdSEpzmzCKNHn1D4WHOviZ6RSFUFTi",
        "name": null,
        "role": "USER",
        "accounts": [
            {
                "id": 281,
                "accountNumber": "ACC281",
                "balance": 0.0,
                "transactions": [
                    
                ]
            },
            {
                "id": 282,
                "accountNumber": "ACC282",
                "balance": 0.0,
                "transactions": [
                    
                ]
            }
        ]
    },
    {
        "id": 323,
        "username": "6q3c2eKOe9qD",
        "password": "$2a$10$hWQlD6Itsb549I9DceEDeeiIuAZMTSC0y3qZYlAQOkClwL5o/8Jhu",
        "name": null,
        "role": "USER",
        "accounts": [
            {
                "id": 283,
                "accountNumber": "ACC283",
                "balance": 0.0,
                "transactions": [
                    {
                        "id": 191,
                        "amount": 0.01,
                        "type": "TRANSFER_OUT",
                        "timestamp": "Thu May 21 13:41:55 UTC 2026",
                        "relatedAccountId": 284
                    },
                    {
                        "id": 190,
                        "amount": 0.01,
                        "type": "DEPOSIT",
                        "timestamp": "Thu May 21 13:41:55 UTC 2026",
                        "relatedAccountId": 283
                    }
                ]
            },
            {
                "id": 284,
                "accountNumber": "ACC284",
                "balance": 0.01,
                "transactions": [
                    {
                        "id": 192,
                        "amount": 0.01,
                        "type": "TRANSFER_IN",
                        "timestamp": "Thu May 21 13:41:55 UTC 2026",
                        "relatedAccountId": 283
                    }
                ]
            }
        ]
    },
    {
        "id": 324,
        "username": "OdrbiWsOVT3j",
        "password": "$2a$10$ebfAZBJzGT8hmcKPbRUuA.Ao4tqwvoOso2evUJeobFWjI1/KkK5K.",
        "name": null,
        "role": "USER",
        "accounts": [
            
        ]
    }
]
]]></system-out>
  </testcase>
</testsuite>