<?xml version="1.0" encoding="UTF-8"?>
<testsuite xmlns:xsi="http://www.w3.org/2001/XMLSchema-instance" xsi:noNamespaceSchemaLocation="https://maven.apache.org/surefire/maven-surefire-plugin/xsd/surefire-test-report-3.0.xsd" version="3.0" name="api.iteration2.UpdateUserNameTest" time="10.156" tests="9" errors="0" skipped="0" failures="0">
  <properties>
[...]
</properties>
  <testcase name="userCanChangeNameTest" classname="api.iteration2.UpdateUserNameTest" time="5.507">
    <system-out><![CDATA[Request method:	POST
Request URI:	http://host.docker.internal:4115/api/v1/admin/users
Proxy:			<none>
Request params:	<none>
Query params:	<none>
Form params:	<none>
Path params:	<none>
Headers:		Accept=application/json, application/javascript, text/javascript, text/json
				Authorization=Basic YWRtaW46YWRtaW4=
				Content-Type=application/json
Cookies:		<none>
Multiparts:		<none>
Body:
{
    "username": "k6INGXkfGSWCs",
    "password": "amtuFUA574&&",
    "role": "USER"
}
HTTP/1.1 201 
Vary: Origin
Vary: Access-Control-Request-Method
Vary: Access-Control-Request-Headers
Authorization: Basic azZJTkdYa2ZHU1dDczphbXR1RlVBNTc0JiY=
X-Content-Type-Options: nosniff
X-XSS-Protection: 0
Cache-Control: no-cache, no-store, max-age=0, must-revalidate
Pragma: no-cache
Expires: 0
X-Frame-Options: DENY
Content-Type: application/json
Transfer-Encoding: chunked
Date: Thu, 21 May 2026 13:40:24 GMT
Keep-Alive: timeout=60
Connection: keep-alive

{
    "id": 297,
    "username": "k6INGXkfGSWCs",
    "password": "$2a$10$joTi9BqYWHcXkd.1dPjp7u4GQncp3sp.T8pmLFbc.o.amcJSKjyOO",
    "name": null,
    "role": "USER",
    "accounts": [
        
    ]
}
Request method:	POST
Request URI:	http://host.docker.internal:4115/api/v1/auth/login
Proxy:			<none>
Request params:	<none>
Query params:	<none>
Form params:	<none>
Path params:	<none>
Headers:		Accept=application/json, application/javascript, text/javascript, text/json
				Content-Type=application/json
Cookies:		<none>
Multiparts:		<none>
Body:
{
    "username": "k6INGXkfGSWCs",
    "password": "amtuFUA574&&",
    "role": null
}
HTTP/1.1 200 
Vary: Origin
Vary: Access-Control-Request-Method
Vary: Access-Control-Request-Headers
Authorization: Basic azZJTkdYa2ZHU1dDczphbXR1RlVBNTc0JiY=
X-Content-Type-Options: nosniff
X-XSS-Protection: 0
Cache-Control: no-cache, no-store, max-age=0, must-revalidate
Pragma: no-cache
Expires: 0
X-Frame-Options: DENY
Content-Type: application/json
Transfer-Encoding: chunked
Date: Thu, 21 May 2026 13:40:24 GMT
Keep-Alive: timeout=60
Connection: keep-alive

{
    "role": "USER",
    "username": "k6INGXkfGSWCs"
}
Request method:	GET
Request URI:	http://host.docker.internal:4115/api/v1/customer/profile
Proxy:			<none>
Request params:	<none>
Query params:	<none>
Form params:	<none>
Path params:	<none>
Headers:		Accept=application/json, application/javascript, text/javascript, text/json
				Authorization=Basic azZJTkdYa2ZHU1dDczphbXR1RlVBNTc0JiY=
				Content-Type=application/json
Cookies:		<none>
Multiparts:		<none>
Body:			<none>
HTTP/1.1 200 
Vary: Origin
Vary: Access-Control-Request-Method
Vary: Access-Control-Request-Headers
X-Content-Type-Options: nosniff
X-XSS-Protection: 0
Cache-Control: no-cache, no-store, max-age=0, must-revalidate
Pragma: no-cache
Expires: 0
X-Frame-Options: DENY
Content-Type: application/json
Transfer-Encoding: chunked
Date: Thu, 21 May 2026 13:40:24 GMT
Keep-Alive: timeout=60
Connection: keep-alive

{
    "id": 297,
    "username": "k6INGXkfGSWCs",
    "password": "$2a$10$joTi9BqYWHcXkd.1dPjp7u4GQncp3sp.T8pmLFbc.o.amcJSKjyOO",
    "name": null,
    "role": "USER",
    "accounts": [
        
    ]
}
Request method:	PUT
Request URI:	http://host.docker.internal:4115/api/v1/customer/profile
Proxy:			<none>
Request params:	<none>
Query params:	<none>
Form params:	<none>
Path params:	<none>
Headers:		Accept=application/json, application/javascript, text/javascript, text/json
				Authorization=Basic azZJTkdYa2ZHU1dDczphbXR1RlVBNTc0JiY=
				Content-Type=application/json
Cookies:		<none>
Multiparts:		<none>
Body:
{
    "name": "PXGqZZWw LberDsZF"
}
HTTP/1.1 200 
Vary: Origin
Vary: Access-Control-Request-Method
Vary: Access-Control-Request-Headers
X-Content-Type-Options: nosniff
X-XSS-Protection: 0
Cache-Control: no-cache, no-store, max-age=0, must-revalidate
Pragma: no-cache
Expires: 0
X-Frame-Options: DENY
Content-Type: application/json
Transfer-Encoding: chunked
Date: Thu, 21 May 2026 13:40:24 GMT
Keep-Alive: timeout=60
Connection: keep-alive

{
    "customer": {
        "id": 297,
        "username": "k6INGXkfGSWCs",
        "password": "$2a$10$joTi9BqYWHcXkd.1dPjp7u4GQncp3sp.T8pmLFbc.o.amcJSKjyOO",
        "name": "PXGqZZWw LberDsZF",
        "role": "USER",
        "accounts": [
            
        ]
    },
    "message": "Profile updated successfully"
}
Request method:	GET
Request URI:	http://host.docker.internal:4115/api/v1/customer/profile
Proxy:			<none>
Request params:	<none>
Query params:	<none>
Form params:	<none>
Path params:	<none>
Headers:		Accept=application/json, application/javascript, text/javascript, text/json
				Authorization=Basic azZJTkdYa2ZHU1dDczphbXR1RlVBNTc0JiY=
				Content-Type=application/json
Cookies:		<none>
Multiparts:		<none>
Body:			<none>
HTTP/1.1 200 
Vary: Origin
Vary: Access-Control-Request-Method
Vary: Access-Control-Request-Headers
X-Content-Type-Options: nosniff
X-XSS-Protection: 0
Cache-Control: no-cache, no-store, max-age=0, must-revalidate
Pragma: no-cache
Expires: 0
X-Frame-Options: DENY
Content-Type: application/json
Transfer-Encoding: chunked
Date: Thu, 21 May 2026 13:40:24 GMT
Keep-Alive: timeout=60
Connection: keep-alive

{
    "id": 297,
    "username": "k6INGXkfGSWCs",
    "password": "$2a$10$joTi9BqYWHcXkd.1dPjp7u4GQncp3sp.T8pmLFbc.o.amcJSKjyOO",
    "name": "PXGqZZWw LberDsZF",
    "role": "USER",
    "accounts": [
        
    ]
}
]]></system-out>
  </testcase>
  <testcase name="negativeTest(String, String)[1]" classname="api.iteration2.UpdateUserNameTest" time="0.791">
    <system-out><![CDATA[Request method:	POST
Request URI:	http://host.docker.internal:4115/api/v1/admin/users
Proxy:			<none>
Request params:	<none>
Query params:	<none>
Form params:	<none>
Path params:	<none>
Headers:		Accept=application/json, application/javascript, text/javascript, text/json
				Authorization=Basic YWRtaW46YWRtaW4=
				Content-Type=application/json
Cookies:		<none>
Multiparts:		<none>
Body:
{
    "username": "zdV5USOqbc",
    "password": "lnfzNWW999%$",
    "role": "USER"
}
HTTP/1.1 201 
Vary: Origin
Vary: Access-Control-Request-Method
Vary: Access-Control-Request-Headers
Authorization: Basic emRWNVVTT3FiYzpsbmZ6TldXOTk5JSQ=
X-Content-Type-Options: nosniff
X-XSS-Protection: 0
Cache-Control: no-cache, no-store, max-age=0, must-revalidate
Pragma: no-cache
Expires: 0
X-Frame-Options: DENY
Content-Type: application/json
Transfer-Encoding: chunked
Date: Thu, 21 May 2026 13:40:27 GMT
Keep-Alive: timeout=60
Connection: keep-alive

{
    "id": 298,
    "username": "zdV5USOqbc",
    "password": "$2a$10$UC91g0BIvlBAypmHbtI7qeqAxKalbv9ZvtQcsF2RaGRcktZP0iUIu",
    "name": null,
    "role": "USER",
    "accounts": [
        
    ]
}
Request method:	POST
Request URI:	http://host.docker.internal:4115/api/v1/auth/login
Proxy:			<none>
Request params:	<none>
Query params:	<none>
Form params:	<none>
Path params:	<none>
Headers:		Accept=application/json, application/javascript, text/javascript, text/json
				Content-Type=application/json
Cookies:		<none>
Multiparts:		<none>
Body:
{
    "username": "zdV5USOqbc",
    "password": "lnfzNWW999%$",
    "role": null
}
HTTP/1.1 200 
Vary: Origin
Vary: Access-Control-Request-Method
Vary: Access-Control-Request-Headers
Authorization: Basic emRWNVVTT3FiYzpsbmZ6TldXOTk5JSQ=
X-Content-Type-Options: nosniff
X-XSS-Protection: 0
Cache-Control: no-cache, no-store, max-age=0, must-revalidate
Pragma: no-cache
Expires: 0
X-Frame-Options: DENY
Content-Type: application/json
Transfer-Encoding: chunked
Date: Thu, 21 May 2026 13:40:27 GMT
Keep-Alive: timeout=60
Connection: keep-alive

{
    "role": "USER",
    "username": "zdV5USOqbc"
}
Request method:	PUT
Request URI:	http://host.docker.internal:4115/api/v1/customer/profile
Proxy:			<none>
Request params:	<none>
Query params:	<none>
Form params:	<none>
Path params:	<none>
Headers:		Accept=application/json, application/javascript, text/javascript, text/json
				Authorization=Basic emRWNVVTT3FiYzpsbmZ6TldXOTk5JSQ=
				Content-Type=application/json
Cookies:		<none>
Multiparts:		<none>
Body:
{
    "name": "asdc"
}
HTTP/1.1 400 
Vary: Origin
Vary: Access-Control-Request-Method
Vary: Access-Control-Request-Headers
X-Content-Type-Options: nosniff
X-XSS-Protection: 0
Cache-Control: no-cache, no-store, max-age=0, must-revalidate
Pragma: no-cache
Expires: 0
X-Frame-Options: DENY
Content-Type: application/json
Content-Length: 45
Date: Thu, 21 May 2026 13:40:27 GMT
Connection: close

Name must contain two words with letters only
Request method:	GET
Request URI:	http://host.docker.internal:4115/api/v1/customer/profile
Proxy:			<none>
Request params:	<none>
Query params:	<none>
Form params:	<none>
Path params:	<none>
Headers:		Accept=application/json, application/javascript, text/javascript, text/json
				Authorization=Basic emRWNVVTT3FiYzpsbmZ6TldXOTk5JSQ=
				Content-Type=application/json
Cookies:		<none>
Multiparts:		<none>
Body:			<none>
HTTP/1.1 200 
Vary: Origin
Vary: Access-Control-Request-Method
Vary: Access-Control-Request-Headers
X-Content-Type-Options: nosniff
X-XSS-Protection: 0
Cache-Control: no-cache, no-store, max-age=0, must-revalidate
Pragma: no-cache
Expires: 0
X-Frame-Options: DENY
Content-Type: application/json
Transfer-Encoding: chunked
Date: Thu, 21 May 2026 13:40:27 GMT
Keep-Alive: timeout=60
Connection: keep-alive

{
    "id": 298,
    "username": "zdV5USOqbc",
    "password": "$2a$10$UC91g0BIvlBAypmHbtI7qeqAxKalbv9ZvtQcsF2RaGRcktZP0iUIu",
    "name": null,
    "role": "USER",
    "accounts": [
        
    ]
}
]]></system-out>
  </testcase>
  <testcase name="negativeTest(String, String)[2]" classname="api.iteration2.UpdateUserNameTest" time="0.549">
    <system-out><![CDATA[Request method:	POST
Request URI:	http://host.docker.internal:4115/api/v1/admin/users
Proxy:			<none>
Request params:	<none>
Query params:	<none>
Form params:	<none>
Path params:	<none>
Headers:		Accept=application/json, application/javascript, text/javascript, text/json
				Authorization=Basic YWRtaW46YWRtaW4=
				Content-Type=application/json
Cookies:		<none>
Multiparts:		<none>
Body:
{
    "username": "yTZ",
    "password": "wvgqLBI434$&",
    "role": "USER"
}
HTTP/1.1 201 
Vary: Origin
Vary: Access-Control-Request-Method
Vary: Access-Control-Request-Headers
Authorization: Basic eVRaOnd2Z3FMQkk0MzQkJg==
X-Content-Type-Options: nosniff
X-XSS-Protection: 0
Cache-Control: no-cache, no-store, max-age=0, must-revalidate
Pragma: no-cache
Expires: 0
X-Frame-Options: DENY
Content-Type: application/json
Transfer-Encoding: chunked
Date: Thu, 21 May 2026 13:40:27 GMT
Keep-Alive: timeout=60
Connection: keep-alive

{
    "id": 299,
    "username": "yTZ",
    "password": "$2a$10$1gYX3Xa/Ob/LSecupjXz8.V1hDwMEDpQhHE7QypEzJaEQiyU/TNvC",
    "name": null,
    "role": "USER",
    "accounts": [
        
    ]
}
Request method:	POST
Request URI:	http://host.docker.internal:4115/api/v1/auth/login
Proxy:			<none>
Request params:	<none>
Query params:	<none>
Form params:	<none>
Path params:	<none>
Headers:		Accept=application/json, application/javascript, text/javascript, text/json
				Content-Type=application/json
Cookies:		<none>
Multiparts:		<none>
Body:
{
    "username": "yTZ",
    "password": "wvgqLBI434$&",
    "role": null
}
HTTP/1.1 200 
Vary: Origin
Vary: Access-Control-Request-Method
Vary: Access-Control-Request-Headers
Authorization: Basic eVRaOnd2Z3FMQkk0MzQkJg==
X-Content-Type-Options: nosniff
X-XSS-Protection: 0
Cache-Control: no-cache, no-store, max-age=0, must-revalidate
Pragma: no-cache
Expires: 0
X-Frame-Options: DENY
Content-Type: application/json
Transfer-Encoding: chunked
Date: Thu, 21 May 2026 13:40:27 GMT
Keep-Alive: timeout=60
Connection: keep-alive

{
    "role": "USER",
    "username": "yTZ"
}
Request method:	PUT
Request URI:	http://host.docker.internal:4115/api/v1/customer/profile
Proxy:			<none>
Request params:	<none>
Query params:	<none>
Form params:	<none>
Path params:	<none>
Headers:		Accept=application/json, application/javascript, text/javascript, text/json
				Authorization=Basic eVRaOnd2Z3FMQkk0MzQkJg==
				Content-Type=application/json
Cookies:		<none>
Multiparts:		<none>
Body:
{
    "name": "asdc123123 acvxc"
}
HTTP/1.1 400 
Vary: Origin
Vary: Access-Control-Request-Method
Vary: Access-Control-Request-Headers
X-Content-Type-Options: nosniff
X-XSS-Protection: 0
Cache-Control: no-cache, no-store, max-age=0, must-revalidate
Pragma: no-cache
Expires: 0
X-Frame-Options: DENY
Content-Type: application/json
Content-Length: 45
Date: Thu, 21 May 2026 13:40:28 GMT
Connection: close

Name must contain two words with letters only
Request method:	GET
Request URI:	http://host.docker.internal:4115/api/v1/customer/profile
Proxy:			<none>
Request params:	<none>
Query params:	<none>
Form params:	<none>
Path params:	<none>
Headers:		Accept=application/json, application/javascript, text/javascript, text/json
				Authorization=Basic eVRaOnd2Z3FMQkk0MzQkJg==
				Content-Type=application/json
Cookies:		<none>
Multiparts:		<none>
Body:			<none>
HTTP/1.1 200 
Vary: Origin
Vary: Access-Control-Request-Method
Vary: Access-Control-Request-Headers
X-Content-Type-Options: nosniff
X-XSS-Protection: 0
Cache-Control: no-cache, no-store, max-age=0, must-revalidate
Pragma: no-cache
Expires: 0
X-Frame-Options: DENY
Content-Type: application/json
Transfer-Encoding: chunked
Date: Thu, 21 May 2026 13:40:28 GMT
Keep-Alive: timeout=60
Connection: keep-alive

{
    "id": 299,
    "username": "yTZ",
    "password": "$2a$10$1gYX3Xa/Ob/LSecupjXz8.V1hDwMEDpQhHE7QypEzJaEQiyU/TNvC",
    "name": null,
    "role": "USER",
    "accounts": [
        
    ]
}
]]></system-out>
  </testcase>
  <testcase name="negativeTest(String, String)[3]" classname="api.iteration2.UpdateUserNameTest" time="0.508">
    <system-out><![CDATA[Request method:	POST
Request URI:	http://host.docker.internal:4115/api/v1/admin/users
Proxy:			<none>
Request params:	<none>
Query params:	<none>
Form params:	<none>
Path params:	<none>
Headers:		Accept=application/json, application/javascript, text/javascript, text/json
				Authorization=Basic YWRtaW46YWRtaW4=
				Content-Type=application/json
Cookies:		<none>
Multiparts:		<none>
Body:
{
    "username": "rEStkAJ4RD",
    "password": "ixouBJO122$$",
    "role": "USER"
}
HTTP/1.1 201 
Vary: Origin
Vary: Access-Control-Request-Method
Vary: Access-Control-Request-Headers
Authorization: Basic ckVTdGtBSjRSRDppeG91QkpPMTIyJCQ=
X-Content-Type-Options: nosniff
X-XSS-Protection: 0
Cache-Control: no-cache, no-store, max-age=0, must-revalidate
Pragma: no-cache
Expires: 0
X-Frame-Options: DENY
Content-Type: application/json
Transfer-Encoding: chunked
Date: Thu, 21 May 2026 13:40:28 GMT
Keep-Alive: timeout=60
Connection: keep-alive

{
    "id": 300,
    "username": "rEStkAJ4RD",
    "password": "$2a$10$.BQYWetdb1d0ECW2Mpi31eyhfvGpCeb8r5Z4bVywysAUdvH1T0Dsm",
    "name": null,
    "role": "USER",
    "accounts": [
        
    ]
}
Request method:	POST
Request URI:	http://host.docker.internal:4115/api/v1/auth/login
Proxy:			<none>
Request params:	<none>
Query params:	<none>
Form params:	<none>
Path params:	<none>
Headers:		Accept=application/json, application/javascript, text/javascript, text/json
				Content-Type=application/json
Cookies:		<none>
Multiparts:		<none>
Body:
{
    "username": "rEStkAJ4RD",
    "password": "ixouBJO122$$",
    "role": null
}
HTTP/1.1 200 
Vary: Origin
Vary: Access-Control-Request-Method
Vary: Access-Control-Request-Headers
Authorization: Basic ckVTdGtBSjRSRDppeG91QkpPMTIyJCQ=
X-Content-Type-Options: nosniff
X-XSS-Protection: 0
Cache-Control: no-cache, no-store, max-age=0, must-revalidate
Pragma: no-cache
Expires: 0
X-Frame-Options: DENY
Content-Type: application/json
Transfer-Encoding: chunked
Date: Thu, 21 May 2026 13:40:28 GMT
Keep-Alive: timeout=60
Connection: keep-alive

{
    "role": "USER",
    "username": "rEStkAJ4RD"
}
Request method:	PUT
Request URI:	http://host.docker.internal:4115/api/v1/customer/profile
Proxy:			<none>
Request params:	<none>
Query params:	<none>
Form params:	<none>
Path params:	<none>
Headers:		Accept=application/json, application/javascript, text/javascript, text/json
				Authorization=Basic ckVTdGtBSjRSRDppeG91QkpPMTIyJCQ=
				Content-Type=application/json
Cookies:		<none>
Multiparts:		<none>
Body:
{
    "name": "123123 adsasd"
}
HTTP/1.1 400 
Vary: Origin
Vary: Access-Control-Request-Method
Vary: Access-Control-Request-Headers
X-Content-Type-Options: nosniff
X-XSS-Protection: 0
Cache-Control: no-cache, no-store, max-age=0, must-revalidate
Pragma: no-cache
Expires: 0
X-Frame-Options: DENY
Content-Type: application/json
Content-Length: 45
Date: Thu, 21 May 2026 13:40:28 GMT
Connection: close

Name must contain two words with letters only
Request method:	GET
Request URI:	http://host.docker.internal:4115/api/v1/customer/profile
Proxy:			<none>
Request params:	<none>
Query params:	<none>
Form params:	<none>
Path params:	<none>
Headers:		Accept=application/json, application/javascript, text/javascript, text/json
				Authorization=Basic ckVTdGtBSjRSRDppeG91QkpPMTIyJCQ=
				Content-Type=application/json
Cookies:		<none>
Multiparts:		<none>
Body:			<none>
HTTP/1.1 200 
Vary: Origin
Vary: Access-Control-Request-Method
Vary: Access-Control-Request-Headers
X-Content-Type-Options: nosniff
X-XSS-Protection: 0
Cache-Control: no-cache, no-store, max-age=0, must-revalidate
Pragma: no-cache
Expires: 0
X-Frame-Options: DENY
Content-Type: application/json
Transfer-Encoding: chunked
Date: Thu, 21 May 2026 13:40:28 GMT
Keep-Alive: timeout=60
Connection: keep-alive

{
    "id": 300,
    "username": "rEStkAJ4RD",
    "password": "$2a$10$.BQYWetdb1d0ECW2Mpi31eyhfvGpCeb8r5Z4bVywysAUdvH1T0Dsm",
    "name": null,
    "role": "USER",
    "accounts": [
        
    ]
}
]]></system-out>
  </testcase>
  <testcase name="negativeTest(String, String)[4]" classname="api.iteration2.UpdateUserNameTest" time="0.496">
    <system-out><![CDATA[Request method:	POST
Request URI:	http://host.docker.internal:4115/api/v1/admin/users
Proxy:			<none>
Request params:	<none>
Query params:	<none>
Form params:	<none>
Path params:	<none>
Headers:		Accept=application/json, application/javascript, text/javascript, text/json
				Authorization=Basic YWRtaW46YWRtaW4=
				Content-Type=application/json
Cookies:		<none>
Multiparts:		<none>
Body:
{
    "username": "HuTamHrXXcYM",
    "password": "ocynQGE029$$",
    "role": "USER"
}
HTTP/1.1 201 
Vary: Origin
Vary: Access-Control-Request-Method
Vary: Access-Control-Request-Headers
Authorization: Basic SHVUYW1IclhYY1lNOm9jeW5RR0UwMjkkJA==
X-Content-Type-Options: nosniff
X-XSS-Protection: 0
Cache-Control: no-cache, no-store, max-age=0, must-revalidate
Pragma: no-cache
Expires: 0
X-Frame-Options: DENY
Content-Type: application/json
Transfer-Encoding: chunked
Date: Thu, 21 May 2026 13:40:28 GMT
Keep-Alive: timeout=60
Connection: keep-alive

{
    "id": 301,
    "username": "HuTamHrXXcYM",
    "password": "$2a$10$No0MVVqqXqL0QVYHj.r3Ueqd7s97HlQF3jACqq2lHKHXkxoyGx4ky",
    "name": null,
    "role": "USER",
    "accounts": [
        
    ]
}
Request method:	POST
Request URI:	http://host.docker.internal:4115/api/v1/auth/login
Proxy:			<none>
Request params:	<none>
Query params:	<none>
Form params:	<none>
Path params:	<none>
Headers:		Accept=application/json, application/javascript, text/javascript, text/json
				Content-Type=application/json
Cookies:		<none>
Multiparts:		<none>
Body:
{
    "username": "HuTamHrXXcYM",
    "password": "ocynQGE029$$",
    "role": null
}
HTTP/1.1 200 
Vary: Origin
Vary: Access-Control-Request-Method
Vary: Access-Control-Request-Headers
Authorization: Basic SHVUYW1IclhYY1lNOm9jeW5RR0UwMjkkJA==
X-Content-Type-Options: nosniff
X-XSS-Protection: 0
Cache-Control: no-cache, no-store, max-age=0, must-revalidate
Pragma: no-cache
Expires: 0
X-Frame-Options: DENY
Content-Type: application/json
Transfer-Encoding: chunked
Date: Thu, 21 May 2026 13:40:28 GMT
Keep-Alive: timeout=60
Connection: keep-alive

{
    "role": "USER",
    "username": "HuTamHrXXcYM"
}
Request method:	PUT
Request URI:	http://host.docker.internal:4115/api/v1/customer/profile
Proxy:			<none>
Request params:	<none>
Query params:	<none>
Form params:	<none>
Path params:	<none>
Headers:		Accept=application/json, application/javascript, text/javascript, text/json
				Authorization=Basic SHVUYW1IclhYY1lNOm9jeW5RR0UwMjkkJA==
				Content-Type=application/json
Cookies:		<none>
Multiparts:		<none>
Body:
{
    "name": "ADASD #@$@#$@$#"
}
HTTP/1.1 400 
Vary: Origin
Vary: Access-Control-Request-Method
Vary: Access-Control-Request-Headers
X-Content-Type-Options: nosniff
X-XSS-Protection: 0
Cache-Control: no-cache, no-store, max-age=0, must-revalidate
Pragma: no-cache
Expires: 0
X-Frame-Options: DENY
Content-Type: application/json
Content-Length: 45
Date: Thu, 21 May 2026 13:40:29 GMT
Connection: close

Name must contain two words with letters only
Request method:	GET
Request URI:	http://host.docker.internal:4115/api/v1/customer/profile
Proxy:			<none>
Request params:	<none>
Query params:	<none>
Form params:	<none>
Path params:	<none>
Headers:		Accept=application/json, application/javascript, text/javascript, text/json
				Authorization=Basic SHVUYW1IclhYY1lNOm9jeW5RR0UwMjkkJA==
				Content-Type=application/json
Cookies:		<none>
Multiparts:		<none>
Body:			<none>
HTTP/1.1 200 
Vary: Origin
Vary: Access-Control-Request-Method
Vary: Access-Control-Request-Headers
X-Content-Type-Options: nosniff
X-XSS-Protection: 0
Cache-Control: no-cache, no-store, max-age=0, must-revalidate
Pragma: no-cache
Expires: 0
X-Frame-Options: DENY
Content-Type: application/json
Transfer-Encoding: chunked
Date: Thu, 21 May 2026 13:40:29 GMT
Keep-Alive: timeout=60
Connection: keep-alive

{
    "id": 301,
    "username": "HuTamHrXXcYM",
    "password": "$2a$10$No0MVVqqXqL0QVYHj.r3Ueqd7s97HlQF3jACqq2lHKHXkxoyGx4ky",
    "name": null,
    "role": "USER",
    "accounts": [
        
    ]
}
]]></system-out>
  </testcase>
  <testcase name="negativeTest(String, String)[5]" classname="api.iteration2.UpdateUserNameTest" time="0.527">
    <system-out><![CDATA[Request method:	POST
Request URI:	http://host.docker.internal:4115/api/v1/admin/users
Proxy:			<none>
Request params:	<none>
Query params:	<none>
Form params:	<none>
Path params:	<none>
Headers:		Accept=application/json, application/javascript, text/javascript, text/json
				Authorization=Basic YWRtaW46YWRtaW4=
				Content-Type=application/json
Cookies:		<none>
Multiparts:		<none>
Body:
{
    "username": "4WG2t",
    "password": "cplvXCL877%$",
    "role": "USER"
}
HTTP/1.1 201 
Vary: Origin
Vary: Access-Control-Request-Method
Vary: Access-Control-Request-Headers
Authorization: Basic NFdHMnQ6Y3BsdlhDTDg3NyUk
X-Content-Type-Options: nosniff
X-XSS-Protection: 0
Cache-Control: no-cache, no-store, max-age=0, must-revalidate
Pragma: no-cache
Expires: 0
X-Frame-Options: DENY
Content-Type: application/json
Transfer-Encoding: chunked
Date: Thu, 21 May 2026 13:40:29 GMT
Keep-Alive: timeout=60
Connection: keep-alive

{
    "id": 302,
    "username": "4WG2t",
    "password": "$2a$10$/gSrokqadW3S..MsJPudpuDB/a7c6bEuuhm2vHMRvhZEIFR86lFS6",
    "name": null,
    "role": "USER",
    "accounts": [
        
    ]
}
Request method:	POST
Request URI:	http://host.docker.internal:4115/api/v1/auth/login
Proxy:			<none>
Request params:	<none>
Query params:	<none>
Form params:	<none>
Path params:	<none>
Headers:		Accept=application/json, application/javascript, text/javascript, text/json
				Content-Type=application/json
Cookies:		<none>
Multiparts:		<none>
Body:
{
    "username": "4WG2t",
    "password": "cplvXCL877%$",
    "role": null
}
HTTP/1.1 200 
Vary: Origin
Vary: Access-Control-Request-Method
Vary: Access-Control-Request-Headers
Authorization: Basic NFdHMnQ6Y3BsdlhDTDg3NyUk
X-Content-Type-Options: nosniff
X-XSS-Protection: 0
Cache-Control: no-cache, no-store, max-age=0, must-revalidate
Pragma: no-cache
Expires: 0
X-Frame-Options: DENY
Content-Type: application/json
Transfer-Encoding: chunked
Date: Thu, 21 May 2026 13:40:29 GMT
Keep-Alive: timeout=60
Connection: keep-alive

{
    "role": "USER",
    "username": "4WG2t"
}
Request method:	PUT
Request URI:	http://host.docker.internal:4115/api/v1/customer/profile
Proxy:			<none>
Request params:	<none>
Query params:	<none>
Form params:	<none>
Path params:	<none>
Headers:		Accept=application/json, application/javascript, text/javascript, text/json
				Authorization=Basic NFdHMnQ6Y3BsdlhDTDg3NyUk
				Content-Type=application/json
Cookies:		<none>
Multiparts:		<none>
Body:
{
    "name": "asdasd asdasd adasdasd"
}
HTTP/1.1 400 
Vary: Origin
Vary: Access-Control-Request-Method
Vary: Access-Control-Request-Headers
X-Content-Type-Options: nosniff
X-XSS-Protection: 0
Cache-Control: no-cache, no-store, max-age=0, must-revalidate
Pragma: no-cache
Expires: 0
X-Frame-Options: DENY
Content-Type: application/json
Content-Length: 45
Date: Thu, 21 May 2026 13:40:29 GMT
Connection: close

Name must contain two words with letters only
Request method:	GET
Request URI:	http://host.docker.internal:4115/api/v1/customer/profile
Proxy:			<none>
Request params:	<none>
Query params:	<none>
Form params:	<none>
Path params:	<none>
Headers:		Accept=application/json, application/javascript, text/javascript, text/json
				Authorization=Basic NFdHMnQ6Y3BsdlhDTDg3NyUk
				Content-Type=application/json
Cookies:		<none>
Multiparts:		<none>
Body:			<none>
HTTP/1.1 200 
Vary: Origin
Vary: Access-Control-Request-Method
Vary: Access-Control-Request-Headers
X-Content-Type-Options: nosniff
X-XSS-Protection: 0
Cache-Control: no-cache, no-store, max-age=0, must-revalidate
Pragma: no-cache
Expires: 0
X-Frame-Options: DENY
Content-Type: application/json
Transfer-Encoding: chunked
Date: Thu, 21 May 2026 13:40:29 GMT
Keep-Alive: timeout=60
Connection: keep-alive

{
    "id": 302,
    "username": "4WG2t",
    "password": "$2a$10$/gSrokqadW3S..MsJPudpuDB/a7c6bEuuhm2vHMRvhZEIFR86lFS6",
    "name": null,
    "role": "USER",
    "accounts": [
        
    ]
}
]]></system-out>
  </testcase>
  <testcase name="negativeTest(String, String)[6]" classname="api.iteration2.UpdateUserNameTest" time="0.632">
    <system-out><![CDATA[Request method:	POST
Request URI:	http://host.docker.internal:4115/api/v1/admin/users
Proxy:			<none>
Request params:	<none>
Query params:	<none>
Form params:	<none>
Path params:	<none>
Headers:		Accept=application/json, application/javascript, text/javascript, text/json
				Authorization=Basic YWRtaW46YWRtaW4=
				Content-Type=application/json
Cookies:		<none>
Multiparts:		<none>
Body:
{
    "username": "YGjeg",
    "password": "flqpWJV669&%",
    "role": "USER"
}
HTTP/1.1 201 
Vary: Origin
Vary: Access-Control-Request-Method
Vary: Access-Control-Request-Headers
Authorization: Basic WUdqZWc6ZmxxcFdKVjY2OSYl
X-Content-Type-Options: nosniff
X-XSS-Protection: 0
Cache-Control: no-cache, no-store, max-age=0, must-revalidate
Pragma: no-cache
Expires: 0
X-Frame-Options: DENY
Content-Type: application/json
Transfer-Encoding: chunked
Date: Thu, 21 May 2026 13:40:29 GMT
Keep-Alive: timeout=60
Connection: keep-alive

{
    "id": 303,
    "username": "YGjeg",
    "password": "$2a$10$v8qJO8DBOM9/s7kkAM5/5OdoY5mhUSRmz3ImQUAATOsfpZlm4Giq.",
    "name": null,
    "role": "USER",
    "accounts": [
        
    ]
}
Request method:	POST
Request URI:	http://host.docker.internal:4115/api/v1/auth/login
Proxy:			<none>
Request params:	<none>
Query params:	<none>
Form params:	<none>
Path params:	<none>
Headers:		Accept=application/json, application/javascript, text/javascript, text/json
				Content-Type=application/json
Cookies:		<none>
Multiparts:		<none>
Body:
{
    "username": "YGjeg",
    "password": "flqpWJV669&%",
    "role": null
}
HTTP/1.1 200 
Vary: Origin
Vary: Access-Control-Request-Method
Vary: Access-Control-Request-Headers
Authorization: Basic WUdqZWc6ZmxxcFdKVjY2OSYl
X-Content-Type-Options: nosniff
X-XSS-Protection: 0
Cache-Control: no-cache, no-store, max-age=0, must-revalidate
Pragma: no-cache
Expires: 0
X-Frame-Options: DENY
Content-Type: application/json
Transfer-Encoding: chunked
Date: Thu, 21 May 2026 13:40:30 GMT
Keep-Alive: timeout=60
Connection: keep-alive

{
    "role": "USER",
    "username": "YGjeg"
}
Request method:	PUT
Request URI:	http://host.docker.internal:4115/api/v1/customer/profile
Proxy:			<none>
Request params:	<none>
Query params:	<none>
Form params:	<none>
Path params:	<none>
Headers:		Accept=application/json, application/javascript, text/javascript, text/json
				Authorization=Basic WUdqZWc6ZmxxcFdKVjY2OSYl
				Content-Type=application/json
Cookies:		<none>
Multiparts:		<none>
Body:
{
    "name": "adasdasd   "
}
HTTP/1.1 400 
Vary: Origin
Vary: Access-Control-Request-Method
Vary: Access-Control-Request-Headers
X-Content-Type-Options: nosniff
X-XSS-Protection: 0
Cache-Control: no-cache, no-store, max-age=0, must-revalidate
Pragma: no-cache
Expires: 0
X-Frame-Options: DENY
Content-Type: application/json
Content-Length: 45
Date: Thu, 21 May 2026 13:40:30 GMT
Connection: close

Name must contain two words with letters only
Request method:	GET
Request URI:	http://host.docker.internal:4115/api/v1/customer/profile
Proxy:			<none>
Request params:	<none>
Query params:	<none>
Form params:	<none>
Path params:	<none>
Headers:		Accept=application/json, application/javascript, text/javascript, text/json
				Authorization=Basic WUdqZWc6ZmxxcFdKVjY2OSYl
				Content-Type=application/json
Cookies:		<none>
Multiparts:		<none>
Body:			<none>
HTTP/1.1 200 
Vary: Origin
Vary: Access-Control-Request-Method
Vary: Access-Control-Request-Headers
X-Content-Type-Options: nosniff
X-XSS-Protection: 0
Cache-Control: no-cache, no-store, max-age=0, must-revalidate
Pragma: no-cache
Expires: 0
X-Frame-Options: DENY
Content-Type: application/json
Transfer-Encoding: chunked
Date: Thu, 21 May 2026 13:40:30 GMT
Keep-Alive: timeout=60
Connection: keep-alive

{
    "id": 303,
    "username": "YGjeg",
    "password": "$2a$10$v8qJO8DBOM9/s7kkAM5/5OdoY5mhUSRmz3ImQUAATOsfpZlm4Giq.",
    "name": null,
    "role": "USER",
    "accounts": [
        
    ]
}
]]></system-out>
  </testcase>
  <testcase name="negativeTest(String, String)[7]" classname="api.iteration2.UpdateUserNameTest" time="0.542">
    <system-out><![CDATA[Request method:	POST
Request URI:	http://host.docker.internal:4115/api/v1/admin/users
Proxy:			<none>
Request params:	<none>
Query params:	<none>
Form params:	<none>
Path params:	<none>
Headers:		Accept=application/json, application/javascript, text/javascript, text/json
				Authorization=Basic YWRtaW46YWRtaW4=
				Content-Type=application/json
Cookies:		<none>
Multiparts:		<none>
Body:
{
    "username": "KdJA",
    "password": "qlnuGIT145&%",
    "role": "USER"
}
HTTP/1.1 201 
Vary: Origin
Vary: Access-Control-Request-Method
Vary: Access-Control-Request-Headers
Authorization: Basic S2RKQTpxbG51R0lUMTQ1JiU=
X-Content-Type-Options: nosniff
X-XSS-Protection: 0
Cache-Control: no-cache, no-store, max-age=0, must-revalidate
Pragma: no-cache
Expires: 0
X-Frame-Options: DENY
Content-Type: application/json
Transfer-Encoding: chunked
Date: Thu, 21 May 2026 13:40:30 GMT
Keep-Alive: timeout=60
Connection: keep-alive

{
    "id": 304,
    "username": "KdJA",
    "password": "$2a$10$zqW7COdge4nNJk/UBFFySue9ChBcl7WpU7Rk9sKnPjIiqiAAGSHtG",
    "name": null,
    "role": "USER",
    "accounts": [
        
    ]
}
Request method:	POST
Request URI:	http://host.docker.internal:4115/api/v1/auth/login
Proxy:			<none>
Request params:	<none>
Query params:	<none>
Form params:	<none>
Path params:	<none>
Headers:		Accept=application/json, application/javascript, text/javascript, text/json
				Content-Type=application/json
Cookies:		<none>
Multiparts:		<none>
Body:
{
    "username": "KdJA",
    "password": "qlnuGIT145&%",
    "role": null
}
HTTP/1.1 200 
Vary: Origin
Vary: Access-Control-Request-Method
Vary: Access-Control-Request-Headers
Authorization: Basic S2RKQTpxbG51R0lUMTQ1JiU=
X-Content-Type-Options: nosniff
X-XSS-Protection: 0
Cache-Control: no-cache, no-store, max-age=0, must-revalidate
Pragma: no-cache
Expires: 0
X-Frame-Options: DENY
Content-Type: application/json
Transfer-Encoding: chunked
Date: Thu, 21 May 2026 13:40:30 GMT
Keep-Alive: timeout=60
Connection: keep-alive

{
    "role": "USER",
    "username": "KdJA"
}
Request method:	PUT
Request URI:	http://host.docker.internal:4115/api/v1/customer/profile
Proxy:			<none>
Request params:	<none>
Query params:	<none>
Form params:	<none>
Path params:	<none>
Headers:		Accept=application/json, application/javascript, text/javascript, text/json
				Authorization=Basic S2RKQTpxbG51R0lUMTQ1JiU=
				Content-Type=application/json
Cookies:		<none>
Multiparts:		<none>
Body:
{
    "name": "   adasdasd"
}
HTTP/1.1 400 
Vary: Origin
Vary: Access-Control-Request-Method
Vary: Access-Control-Request-Headers
X-Content-Type-Options: nosniff
X-XSS-Protection: 0
Cache-Control: no-cache, no-store, max-age=0, must-revalidate
Pragma: no-cache
Expires: 0
X-Frame-Options: DENY
Content-Type: application/json
Content-Length: 45
Date: Thu, 21 May 2026 13:40:30 GMT
Connection: close

Name must contain two words with letters only
Request method:	GET
Request URI:	http://host.docker.internal:4115/api/v1/customer/profile
Proxy:			<none>
Request params:	<none>
Query params:	<none>
Form params:	<none>
Path params:	<none>
Headers:		Accept=application/json, application/javascript, text/javascript, text/json
				Authorization=Basic S2RKQTpxbG51R0lUMTQ1JiU=
				Content-Type=application/json
Cookies:		<none>
Multiparts:		<none>
Body:			<none>
HTTP/1.1 200 
Vary: Origin
Vary: Access-Control-Request-Method
Vary: Access-Control-Request-Headers
X-Content-Type-Options: nosniff
X-XSS-Protection: 0
Cache-Control: no-cache, no-store, max-age=0, must-revalidate
Pragma: no-cache
Expires: 0
X-Frame-Options: DENY
Content-Type: application/json
Transfer-Encoding: chunked
Date: Thu, 21 May 2026 13:40:30 GMT
Keep-Alive: timeout=60
Connection: keep-alive

{
    "id": 304,
    "username": "KdJA",
    "password": "$2a$10$zqW7COdge4nNJk/UBFFySue9ChBcl7WpU7Rk9sKnPjIiqiAAGSHtG",
    "name": null,
    "role": "USER",
    "accounts": [
        
    ]
}
]]></system-out>
  </testcase>
  <testcase name="negativeTest(String, String)[8]" classname="api.iteration2.UpdateUserNameTest" time="0.475">
    <system-out><![CDATA[Request method:	POST
Request URI:	http://host.docker.internal:4115/api/v1/admin/users
Proxy:			<none>
Request params:	<none>
Query params:	<none>
Form params:	<none>
Path params:	<none>
Headers:		Accept=application/json, application/javascript, text/javascript, text/json
				Authorization=Basic YWRtaW46YWRtaW4=
				Content-Type=application/json
Cookies:		<none>
Multiparts:		<none>
Body:
{
    "username": "OH2",
    "password": "bqaoZLU654$$",
    "role": "USER"
}
HTTP/1.1 201 
Vary: Origin
Vary: Access-Control-Request-Method
Vary: Access-Control-Request-Headers
Authorization: Basic T0gyOmJxYW9aTFU2NTQkJA==
X-Content-Type-Options: nosniff
X-XSS-Protection: 0
Cache-Control: no-cache, no-store, max-age=0, must-revalidate
Pragma: no-cache
Expires: 0
X-Frame-Options: DENY
Content-Type: application/json
Transfer-Encoding: chunked
Date: Thu, 21 May 2026 13:40:30 GMT
Keep-Alive: timeout=60
Connection: keep-alive

{
    "id": 305,
    "username": "OH2",
    "password": "$2a$10$Kpxmof1FQdW4PPuS.PmF4uwBTPmu6vqzjJhvn1KPjvLIDBUjhCzqW",
    "name": null,
    "role": "USER",
    "accounts": [
        
    ]
}
Request method:	POST
Request URI:	http://host.docker.internal:4115/api/v1/auth/login
Proxy:			<none>
Request params:	<none>
Query params:	<none>
Form params:	<none>
Path params:	<none>
Headers:		Accept=application/json, application/javascript, text/javascript, text/json
				Content-Type=application/json
Cookies:		<none>
Multiparts:		<none>
Body:
{
    "username": "OH2",
    "password": "bqaoZLU654$$",
    "role": null
}
HTTP/1.1 200 
Vary: Origin
Vary: Access-Control-Request-Method
Vary: Access-Control-Request-Headers
Authorization: Basic T0gyOmJxYW9aTFU2NTQkJA==
X-Content-Type-Options: nosniff
X-XSS-Protection: 0
Cache-Control: no-cache, no-store, max-age=0, must-revalidate
Pragma: no-cache
Expires: 0
X-Frame-Options: DENY
Content-Type: application/json
Transfer-Encoding: chunked
Date: Thu, 21 May 2026 13:40:31 GMT
Keep-Alive: timeout=60
Connection: keep-alive

{
    "role": "USER",
    "username": "OH2"
}
Request method:	PUT
Request URI:	http://host.docker.internal:4115/api/v1/customer/profile
Proxy:			<none>
Request params:	<none>
Query params:	<none>
Form params:	<none>
Path params:	<none>
Headers:		Accept=application/json, application/javascript, text/javascript, text/json
				Authorization=Basic T0gyOmJxYW9aTFU2NTQkJA==
				Content-Type=application/json
Cookies:		<none>
Multiparts:		<none>
Body:
{
    "name": "фвыфв фывфыв "
}
HTTP/1.1 400 
Vary: Origin
Vary: Access-Control-Request-Method
Vary: Access-Control-Request-Headers
X-Content-Type-Options: nosniff
X-XSS-Protection: 0
Cache-Control: no-cache, no-store, max-age=0, must-revalidate
Pragma: no-cache
Expires: 0
X-Frame-Options: DENY
Content-Type: application/json
Content-Length: 45
Date: Thu, 21 May 2026 13:40:31 GMT
Connection: close

Name must contain two words with letters only
Request method:	GET
Request URI:	http://host.docker.internal:4115/api/v1/customer/profile
Proxy:			<none>
Request params:	<none>
Query params:	<none>
Form params:	<none>
Path params:	<none>
Headers:		Accept=application/json, application/javascript, text/javascript, text/json
				Authorization=Basic T0gyOmJxYW9aTFU2NTQkJA==
				Content-Type=application/json
Cookies:		<none>
Multiparts:		<none>
Body:			<none>
HTTP/1.1 200 
Vary: Origin
Vary: Access-Control-Request-Method
Vary: Access-Control-Request-Headers
X-Content-Type-Options: nosniff
X-XSS-Protection: 0
Cache-Control: no-cache, no-store, max-age=0, must-revalidate
Pragma: no-cache
Expires: 0
X-Frame-Options: DENY
Content-Type: application/json
Transfer-Encoding: chunked
Date: Thu, 21 May 2026 13:40:31 GMT
Keep-Alive: timeout=60
Connection: keep-alive

{
    "id": 305,
    "username": "OH2",
    "password": "$2a$10$Kpxmof1FQdW4PPuS.PmF4uwBTPmu6vqzjJhvn1KPjvLIDBUjhCzqW",
    "name": null,
    "role": "USER",
    "accounts": [
        
    ]
}
]]></system-out>
  </testcase>
</testsuite>